0.00000000000000000000
0.61746417691455912635
0.67466255212732229030
0.72614338997484673133
0.61801576062952578994
0.63989827586972680695
0.71920049467778979224
0.59379114143697231398
0.56700465925996157424
0.53436597035067079364
0.49360167231382701125
0.58275460879818752336
0.67782322055772992186
0.67091045744036847953
0.79146794382725760286
0.72344481650316005972
0.76377486895362323160
0.74827271298754927109
0.77010604850296571211
0.74846583268402744338
0.19361316336412490169
0.61356215805177605205
0.59819239707345484014
0.49001600961974117743
0.35702216658342772471
0.58766431642051686346
0.51528486610144319524
0.52880309397223679291
0.56417379662041888810
0.45681444104846108401
0.56890048512470592357
0.58209673920883309162
0.89605583144267497708
0.34495084919545754287
0.47829226044052891575
0.21289399111307566459
0.84618268625475245859
0.58380658126033002642
0.65704347080689251559
0.68054139892716947191
0.80444326063944204819
0.87355229235123377229
0.56842019721267889043
0.35629165671692991646
0.35398060115324048169
0.74407813043316273216
0.80794685345799444054
0.40179538720302904187
0.49103355883439353535
0.22082839124797981611
0.37212790560440239807
0.42126581513155936243
0.60091142510361994500
0.47893797228703965940
0.51356887503150983054
0.49957023147073037483
0.72150405648482662802
0.63917039774910722194
0.86261934469765733091
0.88767383142273248442
0.81454995950180208997
0.60874672492884818187
0.29566307767985122723
0.92359206790853531910
0.97984522458514555776
0.79475165198269404065
0.83929883140280514553
0.72034358414056109954
0.79783982653148544095
0.69522718962865548420
0.36780870960087108656
0.26522964874049853590
0.19678111228138103761
0.45158791614481746945
0.47219031248188336747
0.82239615613507099923
0.76676664395438021149
0.79409133649686469703
0.97597030334745615843
0.76263905483060900892
0.42389963712821465691
0.90150423248664268705
0.87789850241671940623
0.74120779788896817841
0.67688367125814863368
0.85848143534507181940
0.86298164826046763753
0.88363403881000346374
0.85765011761450504757
0.78352434940582471601
0.82248368769375879150
0.94845147212592195718
0.95640777461615056332
0.98903786126915094190
0.97064796080532056433
0.85661974223923953442
0.64012614819075885908
0.98575652241217215366
0.94882036451092754969
0.86538516546137345120
0.69984522991913633572
0.90193727571569837220
0.81960553448573758573
0.94830411773972100864
0.95517453516504036148
0.91722082581771513521
0.86914410800955999026
0.93458384119094772835
0.83775184886717735111
0.93554917418320815425
0.95160621424208768904
0.72581189512012067588
0.66395665426832672917
0.92529589607003104312
0.74911130204768128227
0.97885277636162204562
0.84233777976540480381
0.82747874591942782718
0.57518159402815305370
0.91585553810278363951
0.91759660094441908296
0.86497696418314051758
0.90154875545780199797
0.94127890521435875204
0.87946167266020103259
0.75520684126681658643
0.90325907459886900508
0.90487116556771929332
0.90918155475293116474
0.98948402396877799259
0.90366037032317070299
0.96205271902594780009
0.92951047184773893939
0.93966127698281354252
0.93510338956167571300
0.93413358313462391269
0.86217994504244621634
0.80895444693175744266
0.81145652772123855190
0.83894509220293256302
0.87911435151348582551
0.99733897603451215907
0.55748815369182724844
0.69767188320653306111
0.67447406521220909514
0.95838988764750998595
0.75184845377513198628
0.78725071345056529815
0.76432344026126475267
0.77581169658915560827
0.81916290606410679942
0.85277871539871263895
0.74572398311341525634
0.67716206588874161554
0.71775023404958915307
0.76941647428120074625
0.80361703555779762098
0.82772700534596721500
0.80858187053290719870
0.81505950545716743250
0.82051849611931682027
0.79206475903351325485
0.85439544441759851523
0.25434659617132199250
0.71939488549085306435
0.70969858518470962938
0.65986580531264860117
0.62244109267433622712
0.71823141767862941354
0.84464210813442919257
0.76457595988644522222
0.75555584748014392726
0.64211218217933208052
0.79119237754061177981
0.65167183608440537590
0.53212226871973933306
0.52398765935786106862
0.53476491247268476137
0.50670096708136103114
0.73988775925609095996
0.62007001956634388851
0.65465315226269393811
0.75732329764115291493
0.90009988377062621900
0.96598479842798812278
0.95300065164672009832
0.89788812982093280102
0.83006037627716366956
0.82476669493409882072
0.80450322437823640342
0.81484952726870552020
0.79205504916179614305
0.80910351851638040444
0.41685427672820168921
0.77117788208529436389
0.83598771625712164912
0.79883361864085888904
0.81617326460517258813
0.80452478624087397918
0.72419636472672710426
0.16331215634919735158
0.68236612071499480603
0.77206156065921716092
0.77773783719467404207
0.77787888403937732740
0.57816474829462705110
0.77557855898074246070
0.77227825359013235751
0.78799104208575421193
0.63149055216448124472
0.76902284125121078695
0.74155279557681696989
0.79033657208928997928
0.80300179328361664943
0.71311573357479240975
0.74545007645840966060
0.77352455731269531558
0.76107436193690303217
0.76224338864000407145
0.75588713151585651406
0.75978723717566409857
0.76583392245990655756
0.83303571626424766094
0.75917549769524084180
0.75877715614752272444
0.44850195880669635473
0.77249517386863308932
0.65805338379301603347
0.71133701654852810048
0.68660674557638623483
0.65026250041485056386
0.58191298007653780022
0.63020141546445895830
0.42554388854940139453
0.57680558399824144455
0.68267751674516308213
0.73546623344873973682
0.65062142962243230127
0.82376736369981040653
0.81631501107909276715
0.79013530222650918411
0.94876577217220769978
0.80871446733656371375
0.82440746285534716176
0.75000388916771543180
0.72454076710476478240
0.54492911835251289787
0.64729613792833629038
0.78017892303714808655
0.39763014374302313447
0.41238058129843974120
0.37823756571568029061
0.36315053071433800458
0.47227058669015004044
0.36190873652464400356
0.33292950152862904600
0.93280800976466038410
