0.00037679910683336164
-0.00013344666041145860
-0.00003549166639493343
0.00002608117810821728
-0.00005189801644792237
0.00002717116516044391
-0.00022926895943197541
0.00016133492036190530
0.00007123846676967932
-0.00006320533092635770
0.00008501996959324976
-0.00006305171111949456
0.00032537004821293382
-0.00018898955232899502
-0.00023383498371560012
0.00010120527094219489
-0.00008815143784801578
0.00002417912068107487
-0.00009324117142976959
-0.00002935480574777632
0.00018896506389920421
0.00012611124213522388
0.00012919778076328947
0.00006365171093966499
0.00018139145411933926
0.00007606307851771831
-0.00017723048301800532
-0.00014078302028791369
0.00008639421936634003
-0.00000073798823185026
0.00011685018847620061
0.00001040998658587235
-0.00101652242285422034
-0.00008573981287460464
0.00011956270499360609
0.00000893358032894104
0.00009709380343847601
-0.00000251022256031472
-0.00007697545462797615
-0.00012416131584652799
0.00015381532656397038
0.00006142634018670165
0.00012608535423622020
0.00005334657880266235
0.00022308555407405230
0.00013115482873495013
-0.00009092480678517313
-0.00006247067354149077
-0.00003992860066474302
-0.00001047391924182066
-0.00008618297851357711
-0.00000102666696732254
0.00018702539604471613
0.00006869892717641113
0.00009832069424083541
0.00007053908814784792
0.00011611610765316553
0.00010712806200813176
-0.00004361091210297073
-0.00010436464807027051
0.00007894778164806480
0.00005392180215337834
0.00009571460510792386
0.00007285448599929318
-0.00089176913541652765
-0.00064953023580976608
0.00009634420226238070
0.00007699207129365632
0.00008006854980367425
0.00007027877425776556
-0.00004617832798523166
0.00006107062919395807
0.00012072614551948060
0.00004843140959528430
0.00009946080081563070
0.00003956118606574968
0.00015710685140993120
0.00005158134311425519
-0.00003045504886315145
-0.00001292136794797509
0.00000916799664394066
-0.00001049744464692797
0.00002689409983452814
-0.00005416137399882530
0.00000372504986990754
0.00017677144655216720
0.00003290851783894282
0.00010664108154320918
0.00007118493513098563
0.00013749906586085615
-0.00017230997424366810
-0.00013935987357005167
0.00000234869621119416
0.00005798495149483453
0.00002124025680421490
0.00007935799230145518
-0.00010963423440350881
-0.00063967964128922765
0.00002349057494925447
0.00007586994596644561
0.00000653184779019462
0.00004627192602189883
-0.00018192955732422637
-0.00024463334625233574
0.00009911033866875151
0.00017551534661557636
0.00007803771059628757
0.00013522679810702113
0.00016991130443158703
0.00025534507099494183
-0.00009838084557009093
-0.00012900086814968456
-0.00005091719317936758
-0.00007194447408399324
-0.00008939536741200407
-0.00014899923361866676
0.00012766476010940249
0.00023703098802330418
0.00004670372077530765
0.00009197755326582981
0.00004598028195285458
0.00009698363989155420
-0.00003340000644086039
-0.00009596428515754545
0.00001885586444059004
0.00003504558036094192
0.00002327093368392679
0.00004813385754130693
-0.00021998674156131981
-0.00034676669878967004
0.00001847695696673633
0.00004096470742047860
0.00000357173339832148
0.00001302172056085690
-0.00017289488926048124
-0.00026091622983801150
0.00010269274924396658
0.00013694142135184197
0.00009311594376995917
0.00009851459821259246
0.00021026803433281101
0.00018459885767005868
-0.00007593792477982912
-0.00008457929136644382
0.00000997626937915102
-0.00003638327988178685
0.00009244296672670851
-0.00009144415674653870
-0.00015495123448631046
0.00026504433745468841
-0.00003434709988004388
0.00015703678205232242
0.00000051941931672981
0.00018319199289682056
-0.00008439790461619009
0.00000234197176781711
-0.00001242731048935432
0.00014999900897695226
-0.00000256079215551319
0.00017266205138222586
0.00016556692889949581
-0.00162447593355686138
-0.00000176226693358264
0.00017302748035105179
-0.00001373564879309198
0.00014966129021926622
-0.00014044959638325751
-0.00001137715399907751
0.00003600432628057874
0.00018631692858023463
-0.00000147080600848341
0.00015080385668939398
-0.00008840907613596463
0.00022143626660609136
0.00007544104359208338
-0.00006326924257392939
0.00001939919999215196
-0.00003365369311911839
-0.00001314870841202003
-0.00007876314298399260
0.00002433564611301799
0.00008133601140958047
-0.00000980404690286028
0.00000857570086588362
-0.00002494862776919723
0.00000957332277893419
-0.00001915122089453010
-0.00015240467534823784
-0.00003581050365914102
-0.00005317539352002419
-0.00004044973573594919
-0.00004615781672995535
0.00032724938341470601
0.00051302603750118627
-0.00003957483006443724
-0.00004695883874019570
-0.00003370407339737922
-0.00005876559716931894
-0.00000386273735194495
-0.00022811835776860096
-0.00003308957780077999
0.00003952837920748490
-0.00002126142330115710
0.00002267550708813595
-0.00001172032743429352
0.00007932432238663940
-0.00000427706982465192
-0.00008003172284911235
0.00000649922346444873
-0.00005767641679734440
0.00003787986804273518
-0.00012363682073368831
-0.00008259658674264605
0.00020072923059608519
-0.00003484554034690274
0.00007820927123184195
-0.00003604657380786567
0.00008682127496005668
0.00003119708139566562
-0.00016487556758566703
-0.00001327643753313513
-0.00000374766474910136
-0.00001713245282813332
0.00000924266463033781
0.00015872558263578328
-0.00007905111330548152
-0.00001421961693939003
0.00001055397982241664
-0.00000513374093744483
0.00000188246253262515
0.00009314482165290121
-0.00009142531228905007
-0.00005842350782657396
0.00004666297158527885
-0.00005403197747281270
0.00003511745305556200
-0.00012703827478359694
0.00006891751159471663
0.00004760536978892937
-0.00002731392196132127
-0.00000667570083506615
-0.00000639434517701460
-0.00005268969679561135
-0.00002245554764170198
0.00005594013986619429
0.00011466673220758836
-0.00000812949183747116
0.00008486263796159836
-0.00003325547786528629
0.00012348504071408976
0.00002100122407648450
-0.00018366074871091920
-0.00003002623811073858
0.00003339717619031233
-0.00003772404958507303
0.00005712358461603292
0.00027031749975307378
-0.00054921877907221730
-0.00003484599316681982
0.00006672075199863571
-0.00002158919834165227
0.00006252693491113822
0.00009723544622918515
0.00003729158011421110
-0.00007128655755543694
0.00006517508017327196
-0.00005495589680041468
0.00006800728625660937
-0.00011072244343044484
0.00016689666712008393
0.00006573374286196126
-0.00011362417323701122
0.00004066202762570389
-0.00006998369740789855
0.00008692733528310827
-0.00012800377212154166
-0.00014447589383017841
0.00015126922708549203
-0.00005720841086542925
0.00003638254477884689
-0.00005480770364404610
0.00002005787546824794
0.00000324055447683403
0.00000660636795589368
-0.00003743041057981072
0.00000951209165936080
-0.00004195536891154517
0.00000914561674366682
0.00037453852549018148
-0.00015346248847161018
-0.00003689833026913722
0.00000967688952001873
-0.00002152458153559825
0.00001037599667576613
0.00013521461682262199
-0.00000319428807146857
-0.00009757436196415874
0.00003459279605149979
-0.00008117181896036128
0.00005820237868131487
-0.00016223289284276945
0.00022174970379953171
0.00006301767566116667
-0.00016621692534041696
0.00001046475941644797
-0.00007627344376363811
-0.00000993338825613399
-0.00009154734068816133
0.00001912890595983144
0.00008973238300249178
-0.00000218827228531285
0.00003044825462797238
-0.00000842079416155902
0.00003431418172472542
-0.00004443646276369643
-0.00003909654544375121
-0.00003090954278474734
0.00001199821057204341
-0.00003218444936562938
0.00001717813033075747
0.00022363706798052648
-0.00010111500861768196
-0.00002559394616182250
0.00001523452327708289
-0.00001046286524074905
0.00000694662515242470
0.00012649078352776428
-0.00006458863955010630
-0.00006944736484421872
0.00003349017493032160
-0.00004927270567452933
0.00001849419176949861
-0.00008541411339846211
0.00001819897035342735
0.00002688649463807900
-0.00000594217037882305
0.00000216486478208385
-0.00001025473332720824
0.00001630373046622310
-0.00005131499212213228
-0.00012715362639434207
0.00015346803087725624
-0.00009925856155324647
0.00008652659409794097
-0.00013872962641254969
0.00010279797905828156
0.00013984863680566628
-0.00005159307065685049
-0.00006186384349730576
0.00006252856890166998
-0.00008376097121676443
0.00007693932037231956
0.00071075883872134425
-0.00073829759468482911
-0.00008214900464958060
0.00007876288072909968
-0.00005864279250338317
0.00006882420119833587
0.00016191838069802586
0.00000712407334980261
-0.00015658501894443412
0.00008137814507024522
-0.00013344684487513991
0.00007134196735802884
-0.00027959762191516815
0.00011245341842703474
0.00014232680168128466
-0.00000331357569971032
0.00006548811621975747
0.00003442875794921041
0.00012319128892641822
0.00007680720530962622
-0.00023805786053872515
-0.00000941357136990468
-0.00012047464575975558
0.00006018798289195515
-0.00014370271929656789
0.00011008237315545968
0.00007080225914255670
-0.00008141491996629051
-0.00009340955496485413
0.00007672492297378367
-0.00011507890424410989
0.00010060354319738517
0.00090361961830804553
-0.00082386888046032266
-0.00010584216316425184
0.00010651417177988573
-0.00007059566751381237
0.00008620310832940000
0.00018469045565249576
-0.00009920547371113923
-0.00016676128028777392
0.00014755529480636132
-0.00015881733476667478
0.00010528620687697011
-0.00044664477651212419
0.00014124202817993980
0.00022379486863661943
-0.00006760566953993065
0.00000522827802927468
-0.00006841541146038919
0.00001427526005594039
-0.00016955062247291352
-0.00093828168707182468
0.00022200553815295639
-0.00086509186337409348
0.00006564326405701061
-0.00116099384862983950
0.00006359616697318354
-0.00015578566607787002
-0.00000037243107405211
-0.00109385314372805300
0.00006759830753840558
-0.00124426869164338122
0.00008264535879785046
0.00869743663383816187
0.00062717656063333773
-0.00106514465731962979
0.00000884924068230461
-0.00052068420874647799
-0.00020254285757778884
0.00437683613108256087
-0.00239130251658062690
-0.00231297287123158595
0.00069461821101589436
-0.00101685897354005981
0.00009510649357649572
0.00102421311805054585
-0.00117880470761879026
-0.00225196441247670250
0.00121871057817232037
-0.00111686180094279822
0.00043670904100164991
-0.00101467965621135359
0.00005452653551100831
0.00069512290976339738
0.00045251776278507625
0.00028212392258960254
0.00012133724425049256
0.00036038290024157185
0.00002155999085884947
-0.00026160274132907787
-0.00006871566083934029
0.00016544472467378081
-0.00007065747512823165
0.00019013971818814240
-0.00007638006339499438
-0.00126239797998462270
0.00031071174599121181
0.00015529793783262302
-0.00006539579376379010
0.00011206887231839483
-0.00006182112478894216
-0.00017084860720576139
-0.00013879061736387881
0.00021192891532576159
-0.00000312501435119053
0.00017000248724981113
-0.00001917213773707399
0.00029130937321224216
-0.00006935188487095108
-0.00010331660197265735
0.00005441464400710475
-0.00004364698693652912
0.00003160395173334612
-0.00011825865915845177
0.00005210990746238740
0.00028037478771874620
-0.00005029257015033871
0.00014442403601960471
-0.00000511348737872369
0.00017281952952151144
0.00000622449657465770
-0.00014328219037587219
-0.00001737806038403468
0.00008517424981156324
0.00000243505889091750
0.00011360003844634314
0.00000418895697652903
-0.00102984333018738168
-0.00002212980774706598
0.00011987178445271068
0.00000199191106488789
0.00010091515317335226
-0.00000128617769524024
-0.00004276466499324940
-0.00002439114402120808
0.00013917046521292817
0.00000784093987146940
0.00010950627668692990
0.00000385814182374703
0.00016703505241443412
0.00000057904452743858
-0.00005549566888356339
0.00000997216225102042
-0.00002966150308734828
0.00001205324030756515
-0.00007821074215879476
0.00002716520174580903
0.00014944141879375257
-0.00003125530541420667
0.00006700854880950199
-0.00000507837163317903
0.00008349331029720236
0.00000127271583496572
-0.00015344340626697456
-0.00001511098172274057
0.00000578528884776267
-0.00000225981209518043
0.00002075395058893980
-0.00000074200589953437
