-0.09060790941752680516
-0.22027537158104262827
-0.06306177243162432167
0.01641096791285400619
-0.02586743550241993317
0.03492668533392777330
-0.02145643411697621336
0.00830145006846328033
0.00896032840199504840
-0.02850164132236854622
0.02999874167582252185
-0.02736498482880088748
0.02273513610694973333
-0.00346638791715296385
-0.01182077247040891343
0.03043484803862895813
-0.03305782197897561697
0.03144620837041947614
-0.00676876351805595633
-0.00040769946822556300
0.02261534612024516597
-0.03340100794912355398
0.03280767130831235834
-0.01661367817616967238
0.01042707376537321817
0.00863970968566710879
-0.01774832852077574616
0.03561720949748838072
-0.02611265497980612763
0.02796015463010776206
-0.01226159072509315148
-0.00530190953468566428
0.02546435873835938696
-0.02867379535066132482
0.03861546865505086079
-0.01996240518228787827
0.01241000239122987299
0.01091477132165532063
-0.02472361059612058001
0.03129290188921129978
-0.02759808500200475884
0.02498170223207596755
-0.00282453660867059862
-0.00615714480460215902
0.03153618808709204163
-0.03143439425125878206
0.02795419030046566305
-0.02034760738666991850
0.01433755339580630207
0.01164694875877145611
-0.02172973899115010835
0.03263864277912937456
-0.03172027462624564531
0.02386292503551441443
-0.00993018971589972738
-0.00995302119580315434
0.02904551411659405530
-0.03264738307076150980
0.03075009497348361875
-0.02515473796818739130
0.01151055656859069354
0.00834533266890666314
-0.02303934232672007545
0.03203007745240234183
-0.03008530064192236828
0.02552094405047927381
-0.00832934916127834289
-0.00994781367237900296
0.02041172766286619700
-0.03175856192098511221
0.03471859063134417195
-0.02166901682956121414
0.00511637274353753981
0.00536577989083330056
-0.02354994730403376854
0.03701658563929590556
-0.02777331713688036344
0.02337132097749898205
-0.00305657040349705976
-0.02190028168410147053
0.02015411350947183752
-0.03135026861744833609
0.03146805914534840654
-0.01760236048716378593
0.00372558789213577437
0.01030764057244299217
-0.02557575455360018221
0.03383373338086298476
-0.02579409067675068890
0.02044870740528732800
-0.00173542564234713563
-0.01501959837460148731
0.02500234547108593983
-0.03761806609751938701
0.02709348918976989262
-0.01491902112540076375
0.00352938874458771099
0.02049970302731960251
-0.02371175654744899289
0.03158309585192794339
-0.02995662765187415144
0.01700463229473271262
0.00600849555276149194
-0.01450552396291442461
0.02996359543425889532
-0.02983076122031970423
0.03150360236169840594
-0.00419550865459721728
-0.00262405070930605546
0.02344404214803369815
-0.03109446172142541279
0.03323490983633448775
-0.01563105608667312088
0.00461159992744089933
0.01252729850097749828
-0.02993953426886850760
0.02929406783555712004
-0.03298784609552454783
0.01947266694336766135
0.00746729809369288400
-0.01868292505503974313
0.03184006312161939689
-0.03027740539304204712
0.02127898903669249095
-0.01399665973993388310
-0.00205554468455566809
0.02471963952093261113
-0.03561719535178863028
0.03014217436895726479
-0.02089461270754444655
0.00368468161365685535
0.00342272236305579377
-0.02659844666374850189
0.03468330908998643047
-0.03056897538885452320
0.02058533109074688408
0.00026341366421925349
-0.01927060685415158542
0.03055208551794020774
-0.02853412914035089246
0.02675446342730466304
-0.01715751828799459353
-0.00816199345548644303
0.01613815271849766350
-0.03343825921633872267
0.03386696498534839950
-0.01844058053454195392
0.00723346073569946374
0.01187392649004129913
-0.02167359050307609766
0.03173047358610088520
-0.02981369224948741264
0.02014342616932153843
-0.00849261162590824598
-0.01686040623797472118
0.02679289495502972310
-0.03102422910613678378
0.03075453567912204977
-0.01459824088179191050
-0.00093605295301403156
0.01410006435288081381
-0.05954932907866108266
-0.02707268882626385001
0.00874316806261733401
-0.03199827012414979688
0.03396125692564651299
-0.02116562292199289028
0.00837780258976089306
0.00884170666552685711
-0.02865015377873825209
0.02986368660782576581
-0.02749257450513910295
0.02260865141420283567
-0.00359287109039379366
-0.01194686972091033375
0.03030935999715003021
-0.03318268347199907625
0.03132195155331551212
-0.00689242595378836490
-0.00053077035846398708
0.02249286474785899825
-0.03352290240738976107
0.03268636092526931020
-0.01673440731386887162
0.01030692308232886677
0.00852013468751694134
-0.01786733059122363673
0.03549877760974744917
-0.02623051941688619645
0.02784285492478692434
-0.01237832840449215425
-0.00541808788103129851
0.02534873704509837608
-0.02878886305796699019
0.03850095227935038805
-0.02007637286801518609
0.01229658076650074101
0.01080189314154577501
-0.02483594793545308710
0.03118110279928922729
-0.02770934842146682148
0.02487097191648019595
-0.00293473637469629815
-0.00626681656311544460
0.03142704180621344601
-0.03154301757225883018
0.02784608743365150560
-0.02045519229298514013
0.01423048396825120007
0.01154039234012857809
-0.02183578485889465029
0.03253310501604649019
-0.03182530671918275267
0.02375839618987189358
-0.01003421772549011916
-0.01005655076903069420
0.02894248059153788771
-0.03274992292439510289
0.03064804642591166181
-0.02525629756372529955
0.01140948358233823470
0.00824474396041602678
-0.02313944907780133078
0.03193045034949567457
-0.03018445039482483064
0.02542226936042199514
-0.00842755106469084657
-0.01004554505444100673
0.02031446454771426366
-0.03185535901286554172
0.03462225732984674370
-0.02176488856286553156
0.00502096036688377476
0.00527082466988384318
-0.02364444755967964537
0.03692253816904791236
-0.02786691399119143805
0.02327817258005851833
-0.00314927249278832170
-0.02199253960366961969
0.02006229763144667944
-0.03144164457191370859
0.03137712100660763892
-0.01769286290791574970
0.00363551910168786714
0.01021800333461723997
-0.02566496230653072044
0.03374495305500795073
-0.02588244562349016273
0.02036077579951598923
-0.00182293593553223927
-0.01510668937386355076
0.02491567175675588053
-0.03770432452628263986
0.02700764405678792932
-0.01500445494285318135
0.00344436427190122603
0.02041508593807809038
-0.02379596820516909420
0.03149928768315805871
-0.03004003426495741036
0.01692162531333546091
0.00592588628826816802
-0.01458773741611139874
0.02988177589588113942
-0.02991218873126868377
0.03142256499983094031
-0.00427615773673055942
-0.00270431337209596631
0.02336416405311037003
-0.03117395709108788590
0.03315579535815571521
-0.01570979149835904920
0.00453324176600115522
0.01244931578223960542
-0.03001714334378826829
0.02921683061419083280
-0.03306471324502418402
0.01939616809258460500
0.00739116577697210633
-0.01875869259389740737
0.03176465861284026582
-0.03035244861115296913
0.02120430537817363792
-0.01407098556164258080
-0.00212951438398168531
0.02464602423747676643
-0.03569045791741127377
0.03006926283116728715
-0.02096717489940490980
0.00361246709388139383
0.00335085384954080705
-0.02666997082884597220
0.03461212762340687421
-0.03063981579891051840
0.02051483010308749813
0.00019325047265925837
-0.01934043386811723844
0.03048259307081869693
-0.02860328862366077335
0.02668563531245463430
-0.01722601662209265541
-0.00823016358893313010
0.01607030921317261982
-0.03350577765853730849
0.03379977004877955660
-0.01850745351551518272
0.00716690816771442356
0.01180769279982829198
-0.02173950684337750197
0.03166487307517121957
-0.02987897844429975372
0.02007845278462271066
-0.00855727369928157428
-0.01692475849162938112
0.02672885103663378073
-0.03108796616662135373
0.03069110400628004623
-0.01466136863021558732
-0.00099887823323280929
0.01403754009163077007
-0.05961155376323473004
-0.02713461536954284506
0.00868153823212864002
-0.03205960466350799704
0.03390021626257062881
-0.02122637111685556424
0.00831734546178892684
0.00878153920983733294
-0.02871003295007152137
0.02980409433957260934
-0.02755188124497007923
0.02254962883472260912
-0.00365161087103973254
-0.01200532805771498818
0.03025118175568595330
-0.03324058296016214886
0.03126432948284413316
-0.00694977193577800412
-0.00058784157481310507
0.02243606698064739072
-0.03357942803565898415
0.03263010613202497329
-0.01679039256975833547
0.01025120607234190039
0.00846468463816794914
-0.01792251495904101030
0.03544385765048396059
-0.02628517623447418003
0.02778845998806611997
-0.01243246271511310244
-0.00547196281430762169
0.02529512024639463813
-0.02884222295891560733
0.03844784804526549249
-0.02012922266023011234
0.01224398419703142706
0.01074954858153899517
-0.02488804169346713405
0.03112925864158354664
-0.02776094417479079562
0.02481962337734138282
-0.00298583888414381609
-0.00631767422169017198
0.03137642782534114105
-0.03159338904297802342
0.02779595731113031556
-0.02050508222369608682
0.01418083307850340029
0.01149097934601096133
-0.02188496109722733868
0.03248416439911491760
-0.03187401284366180032
0.02370992343430597740
-0.01008245823029899242
-0.01010456013588107577
0.02889470125517918861
-0.03279747333242259699
0.03060072384933574044
-0.02530339340047372404
0.01136261339902360119
0.00819809834934679890
-0.02318587119263319438
0.03188425066004871300
-0.03023042872460852612
0.02537651132968618203
-0.00847308985191230594
-0.01009086564862426982
0.02026936110112629100
-0.03190024635229201516
0.03457758506213309824
-0.02180934678935385687
0.00497671515607071499
0.00522679145410977555
-0.02368826979616071166
0.03687892590098065804
-0.02791031729688060736
0.02323497723553197628
-0.00319226087257041885
-0.02203532201035130617
0.02001972021097269197
-0.03148401798834413179
0.03133495061676255800
-0.01773483124395033514
0.00359375185134982013
0.01017643620650038327
-0.02570633027128537904
0.03370378329935073969
-0.02592341811974242793
0.02031999961752649353
-0.00186351674387262882
-0.01514707574466168591
0.02487547889187838313
-0.03774432481239734655
0.02696783542672051212
-0.01504407283516775995
0.00340493620344492183
0.02037584678396430621
-0.02383501935009828612
0.03146042364659246832
-0.03007871208966421753
0.01688313280827810278
0.00588757821492584196
-0.01462586194141872985
0.02984383403916281846
-0.02994994879463022674
0.03138498585878750358
-0.00431355682232111709
-0.00274153326494534734
0.02332712249442398314
-0.03121082117007569282
0.03311910790849612735
-0.01574630316498632637
0.00449690504016518437
0.01241315315898943242
-0.03005313269864203982
0.02918101369754102017
-0.03310035854968473162
0.01936069357765729526
0.00735586123346176901
-0.01879382798038620184
0.03172969157287966468
-0.03038724811119535366
0.02116967261530423514
-0.01410545238623799394
-0.00216381606537424274
0.02461188690802537660
-0.03572443168239192168
0.03003545184695996864
-0.02100082388278129431
0.00357897933513052048
0.00331752654292908700
-0.02670313845210358847
0.03457911891840181884
-0.03067266634709866699
0.02048213695392891651
0.00016071396837370440
-0.01937281447807279525
0.03045036760824621977
-0.02863535968221821507
0.02665371791810590765
-0.01725778108849424300
-0.00826177586012148343
0.01603884840797439176
-0.03353708772347455125
0.03376861000185140543
-0.01853846426322558125
0.00713604600387445984
0.01177697850793892401
-0.02177007397182503454
0.03163445240505145806
-0.02990925335782732702
0.02004832292931399765
-0.00858725919139857220
-0.01695460031225164491
0.02669915219912338475
-0.03111752270610444390
0.03066168908302219914
-0.01469064261578348699
-0.00102801195639495120
0.01400854595882576603
-0.05964040897451120676
-0.02716333232491484687
0.00865295887022636545
-0.03208804709120136739
0.03387191011298416182
-0.02125454164129354437
0.00828930991266954749
0.00875363798932028356
-0.02873780048560382883
0.02977645984849124419
-0.02757938332906529483
0.02252225852320308835
-0.00367885004135434573
-0.01203243671517030197
0.03022420298575493464
-0.03326743246490762584
0.03123760862392723284
-0.00697636476525567706
-0.00061430698828757136
0.02240972837267929396
-0.03360564044569241959
0.03260401931526558938
-0.01681635439500710552
0.01022536863972353834
0.00843897100216927515
-0.01794810539157502133
0.03541838983110162653
-0.02631052202818946750
0.02776323563534814631
-0.01245756620870212654
-0.00549694602784815342
0.02527025673659675717
-0.02886696733851537924
0.03842322222506735357
-0.02015373048908823336
0.01221959379417354025
0.01072527504205027585
-0.02491219892952195245
0.03110521715171019400
-0.02778487047306511457
0.02479581171874090453
-0.00300953645235121523
-0.00634125824615341949
0.03135295680059230899
-0.03161674760943550960
0.02777271066413519729
-0.02052821748747603661
0.01415780866426079136
0.01146806525018490702
-0.02190776540321289975
0.03246146935692645341
-0.03189659914557611831
0.02368744535165128937
-0.01010482861221222856
-0.01012682333308667637
0.02887254472911996925
-0.03281952369843602058
0.03057877913471639814
-0.02532523296991358655
0.01134087847097407786
0.00817646756131232277
-0.02320739833962563725
0.03186282665751603155
-0.03025175007688439555
0.02535529213583207278
-0.00849420737682314922
-0.01011188199172501079
0.02024844545503646717
-0.03192106178384727239
0.03455686936494779121
-0.02182996323003315656
0.00495619749632311354
0.00520637210199816416
-0.02370859131166430309
0.03685870175331400211
-0.02793044454323535819
0.02321494642619941970
-0.00321219570694597284
-0.02205516132962108758
0.01999997594916077745
-0.03150366764815333565
0.03131539510568316642
-0.01775429305740103963
0.00357438328658807704
0.01015716044363894344
-0.02572551367689447990
0.03368469180847649680
-0.02594241813627903848
0.02030109063704041428
-0.00188233512449531527
-0.01516580395951816138
0.02485684041077084946
-0.03776287398970325226
0.02694937512532896012
-0.01506244468648208421
0.00338665237841104813
0.02035765056344468124
-0.02385312838584902062
0.03144240137787641248
-0.03009664800707828949
0.01686528282842522999
0.00586981376087575973
-0.01464354127945150831
0.02982623940932528639
-0.02996745912214056687
0.03136755942968098149
-0.00433089975501185949
-0.00275879310128226583
0.02330994535629577619
-0.03122791600623267896
0.03310209497997142203
-0.01576323457832825084
0.00448005475143689602
0.01239638360617697360
-0.03006982190237406441
0.02916440445790751193
-0.03311688820835705788
0.01934424311864454613
0.00733948959463398901
-0.01881012117668543274
0.03171347644326202170
-0.03040338554817750838
0.02115361249870365695
-0.01412143555292730626
-0.00217972265084755449
0.02459605653683936272
-0.03574018620446128142
0.03001977281058632388
-0.02101642779513887907
0.00356345018684226010
0.00330207180048808788
-0.02671851914520305404
0.03456381191984631007
-0.03068790000420780137
0.02046697628686037704
0.00014562594162370645
-0.01938783021255068365
0.03043542381966161600
-0.02865023186962868326
0.02663891698880209782
-0.01727251110111515178
-0.00827643529584734527
0.01602425921098376421
-0.03355160701826946645
0.03375416027432512345
-0.01855284475680553727
0.00712173441251558181
0.01176273548866531640
-0.02178424874756739946
0.03162034554586053842
-0.02992329262587990410
0.02003435092854579172
-0.00860116424718463703
-0.01696843874381353742
0.02668538007256457054
-0.03113122884535176119
0.03064804861491693747
-0.01470421772740125414
-0.00104152202467210379
0.01399510062224269477
-0.05965378988955349210
-0.02717664912708360817
0.00863970587374289153
-0.03210123658771600608
0.03385878381218668243
-0.02126760504916773778
0.00827630909637558886
0.00874069946470732925
-0.02875067701699812739
0.02976364501328337964
-0.02759213676369577650
0.02250956619495727770
-0.00369148155599858521
-0.01204500770759324782
0.03021169222556912073
-0.03327988328145108088
0.03122521746381414984
-0.00698869655477421178
-0.00062657969167786596
0.02239751447231393480
-0.03361779582477970874
0.03259192217705943195
-0.01682839357138557826
0.01021338714745640558
0.00842704691762771393
-0.01795997234345247245
0.03540657973814469173
-0.02632227553465779635
0.02775153844424179533
-0.01246920735427407660
-0.00550853139642040746
0.02525872687777610051
-0.02887844195355200247
0.03841180258912153117
-0.02016509540936824510
0.01220828332739648699
0.01071401876786946469
-0.02492340127076312500
0.03109406848499617418
-0.02779596572242636066
0.02478476963079028969
-0.00302052563360698549
-0.00635219477420975037
0.03134207267345461012
-0.03162757958672662156
0.02776193058682168216
-0.02053894591348382273
0.01414713164207835605
0.01145743938553323710
-0.02191834035544827294
0.03245094507316730048
-0.03190707300363031240
0.02367702167769400109
-0.01011520234252305528
-0.01013714735904936923
0.02886227016935365847
-0.03282974902901664160
0.03056860279744636269
-0.02533536054861796130
0.01133079941721519372
0.00816643679999810856
-0.02321738103988203045
0.03185289178803930865
-0.03026163734475626615
0.02534545224148833722
-0.00850400012462271607
-0.01012162781887683202
0.02023874632371836652
-0.03193071444306850443
0.03454726295515853779
-0.02183952361198840744
0.00494668292166558846
0.00519690311515880882
-0.02371801492911344150
0.03684932328787367262
-0.02793977807300669289
0.02320565761679379072
-0.00322144001025758157
-0.02206436134008369840
0.01999082001932385097
-0.03151277970857102595
0.03130632670449022548
-0.01776331800855656187
0.00356540157728488976
0.01014822176900050457
-0.02573440952306304055
0.03367583858557091081
-0.02595122894014534679
0.02029232204896818173
-0.00189106169904482103
-0.01517448872184712708
0.02484819726032475376
-0.03777147572764429084
0.02694081460147044679
-0.01507096419372985080
0.00337817369124840264
0.02034921250078314606
-0.02386152601865633785
0.03143404398120905330
-0.03010496536039181451
0.01685700532660315207
0.00586157591960203075
-0.01465173965020515230
0.02981808031997396774
-0.02997557911830114538
0.03135947833940130880
-0.00433894212582296851
-0.00276679693814399974
0.02330197986875313931
-0.03123584332820187118
0.03309420564071039600
-0.01577108611687020462
0.00447224083249689666
0.01238860712658960625
-0.03007756112199446580
0.02915670231972791737
-0.03312455344276664382
0.01933661461118548613
0.00733189763815314186
-0.01881767675731721434
0.03170595706418927878
-0.03041086889914617133
0.02114616500321517267
-0.01412884736473235883
-0.00218709894994278909
0.02458871558029953816
-0.03574749198778483933
0.03001250203195124366
-0.02102366373680581227
0.00355624891522678512
0.00329490503280715228
-0.02672565157427048838
0.03455671366486350732
-0.03069496424884656655
0.02045994588960963964
0.00013862922958571321
-0.01939479340077415737
0.03042849399462778728
-0.02865712849132815224
0.02663205341134762538
-0.01727934179265174300
-0.00828323325903453089
0.01601749381933246022
-0.03355833999444707977
0.03374745955830677629
-0.01855951336723487069
0.00711509775384559263
0.01175613062866206343
-0.02179082196126299123
0.03161380382684354090
-0.02992980300112086864
0.02002787174690134550
-0.00860761238469254578
-0.01697485598592876968
0.02667899357781086320
-0.03113758474006584134
0.03064172317362646655
-0.01471051286118162278
-0.00104778699615678704
0.01398886566853508456
-0.05965999496931023716
-0.02718282447602650073
0.00863356011316257152
-0.03210735290170246836
0.03385269680370465301
-0.02127366289255873052
0.00827028027833496063
0.00873469953294597062
-0.02875664820088496415
0.02975770243952942373
-0.02759805086439849967
0.02250368043088096098
-0.00369733911921964154
-0.01205083720507973619
0.03020589065934398479
-0.03328565705024377069
0.03121947135926622305
-0.00699441512762694236
-0.00063227086474987619
0.02239185056774024504
-0.03362343259150846198
0.03258631241814826524
-0.01683397645188349293
0.01020783101658736744
0.00842151740822025610
-0.01796547535895154021
0.03540110308961201546
-0.02632772594255790993
0.02774611415124573696
-0.01247460565749217327
-0.00551390383438710510
0.02525338018113093552
-0.02888376303221179206
0.03840650700570193143
-0.02017036561970469294
0.01220303836857145573
0.01070879893956660708
-0.02492859608895339057
0.03108889855708589500
-0.02780111087931510724
0.02477964912623601204
-0.00302562160394518774
-0.00635726632788431376
0.03133702541945450337
-0.03163260265748089883
0.02775693158344240061
-0.02054392096480374755
0.01414218042805468964
0.01145251189459261382
-0.02192324423697184291
0.03244606468793938964
-0.03191193000514193356
0.02367218794785868469
-0.01012001291218519138
-0.01014193487950718758
0.02885750558766296547
-0.03283449078184828840
0.03056388376409232416
-0.02534005697135175567
0.01132612549676587088
0.00816178527401656764
-0.02322201027869588708
0.03184828472960712920
-0.03026622232908110846
0.02534088922550565767
-0.00850854127752160780
-0.01012614721344599553
0.02023424858322678960
-0.03193519063323513318
0.03454280821206136276
-0.02184395701077693902
0.00494227076491731733
0.00519251209867239646
-0.02372238490662873997
0.03684497424852404418
-0.02794410627451310650
0.02320135015328884595
-0.00322572683512441878
-0.02206862762519971530
0.01998657417554517216
-0.03151700520895430596
0.03130212145002964769
-0.01776750311410006666
0.00356123652411760973
0.01014407667213113387
-0.02573853475925243564
0.03367173311490168075
-0.02595531473999826422
0.02028825582568150390
-0.00189510843956379764
-0.01517851607294749480
0.02484418920574119061
-0.03777546457816776532
0.02693684486299337613
-0.01507491491173333989
0.00337424190258443822
0.02034529955076128452
-0.02386542022029894058
0.03143016843811533012
-0.03010882233433659697
0.01685316683283570247
0.00585775581746659016
-0.01465554144882962734
0.02981429673716162049
-0.02997934457258000576
0.03135573092679548590
-0.00434267158320002233
-0.00277050852632238420
0.02329828606415551909
-0.03123951943442637366
0.03309054714805961805
-0.01577472708034033735
0.00446861731421864528
0.01238500096991692473
-0.03008115000024738986
0.02915313063710749455
-0.03312810801214513545
0.01933307707305309195
0.00732837704966388809
-0.01882118047737527805
0.03170247013173957407
-0.03041433912442314050
0.02114271140506078159
-0.01413228441543083053
-0.00219051953247026377
0.02458531138703799745
-0.03575087987030745734
0.03000913038201684369
-0.02102701923192827269
0.00355290949751263388
0.00329158161546851341
-0.02672895906789725384
0.03455342201865226753
-0.03069824012357307355
0.02045668571080087872
0.00013538467148983520
-0.01939802241300174826
0.03042528045378254178
-0.02866032663492013369
0.02662887059123501474
-0.01728250936270536720
-0.00828638565209780312
0.01601435653054099351
-0.03356146225133685435
0.03374435226129535170
-0.01856260577604623013
0.00711202016189948875
0.01175306778258817381
-0.02179387013211753557
0.03161077026089396946
-0.02993282203214295278
0.02002486718116460243
-0.00861060255445243727
-0.01697783182868822446
0.02667603199340594020
-0.03114053213443324433
0.03063878990130688984
-0.01471343207911727721
-0.00105069222704819469
0.01398597435767083216
-0.05966287242684326086
-0.02718568814660472441
0.00863071016348077383
-0.03211018919622965484
0.03384987409890519855
-0.02127647207274382599
0.00826748455796286197
0.00873191720789594922
-0.02875941719479480421
0.02975494671288536966
-0.02760079338734509544
0.02250095104836806123
-0.00370005542425949760
-0.01205354049530548907
0.03020320032157357976
-0.03328833449761880309
0.03121680674052392315
-0.00699706697920319566
-0.00063491001033221970
0.02238922406727271788
-0.03362604650744854123
0.03258371102643854017
-0.01683656537937108094
0.01020525449360126270
0.00841895323030113912
-0.01796802725095341877
0.03539856342466102951
-0.02633025343904229001
0.02774359876492436816
-0.01247710899167473429
-0.00551639517417710362
0.02525090077826395302
-0.02888623055534991768
0.03840405130537254824
-0.02017280955387277738
0.01220060614418866721
0.01070637836886322025
-0.02493100506181440343
0.03108650112649774186
-0.02780349682293366612
0.02477727461454874366
-0.00302798473847574112
-0.00635961813977026572
0.03133468487596222096
-0.03163493198657054556
0.02775461341502305501
-0.02054622802602761381
0.01413988442080765448
0.01145022688835871036
-0.02192551829490250667
0.03244380152585463195
-0.03191418232358676083
0.02366994642109792810
-0.01012224369896877994
-0.01014415497777280961
0.02885529612670268904
-0.03283668965647042887
0.03056169542508530013
-0.02534223482522366885
0.01132395807779093544
0.00815962823994117320
-0.02322415697762959114
0.03184614831629567488
-0.03026834850605251634
0.02533877323582823735
-0.00851064712871609820
-0.01012824297473476076
0.02023216286349930476
-0.03193726635951411874
0.03454074243134858113
-0.02184601289357635326
0.00494022473260671488
0.00519047586965329030
-0.02372441137932751812
0.03684295748539950788
-0.02794611337458553432
0.02319935266996929132
-0.00322771474776848170
-0.02207060601302493485
0.01998460526690191627
-0.03151896468383384720
0.03130017136371321396
-0.01776944385683744410
0.00355930508019074903
0.01014215448246080439
-0.02574044773900677555
0.03366982930093524728
-0.02595720943209345669
0.02028637021175130895
-0.00189698501882579846
-0.01518038366082972296
0.02484233056615772414
-0.03777731431232701775
0.02693500399158916397
-0.01507674696284721366
0.00337241862949964237
0.02034348501364682815
-0.02386722606330032512
0.03142837124757032891
-0.03011061091388228875
0.01685138682303087554
0.00585598433634184137
-0.01465730444213833410
0.02981254219100072309
-0.02998109071206649448
0.03135399315370395595
-0.00434440102998306585
-0.00277222968669134156
0.02329657315049741065
-0.03124122414088667879
0.03308885060947343998
-0.01577641549018766673
0.00446693699416240292
0.01238332870089060844
-0.03008281425681922847
0.02915147435459950961
-0.03312975635879593372
0.01933143662423589260
0.00732674446083888056
-0.01882280524386821530
0.03170085315009903149
-0.03041594835851132994
0.02114110988140355252
-0.01413387826560060477
-0.00219210574591910358
0.02458373277371977972
-0.03575245091991004209
0.03000756685988935010
-0.02102857526264758845
0.00355136092230740790
0.00329004046005529393
-0.02673049283906941270
0.03455189559634052471
-0.03069975923223544276
0.02045517388074547666
0.00013388008516693238
-0.01939951979029952076
0.03042379025096881781
-0.02866180969762540179
0.02662739463442731491
-0.01728397824766245497
-0.00828784749908812943
0.01601290168779595860
-0.03356291012339648883
0.03374291132652200431
-0.01856403980677238594
0.00711059300214069399
0.01175164746087542164
-0.02179528364854785294
0.03160936351713951320
-0.02993422203567190978
0.02002347388556621754
-0.00861198917426040170
-0.01697921180469191479
0.02667465862937360224
-0.03114189891817461045
0.03063742966632792761
-0.01471478579671137155
-0.00105203945848460862
0.01398463358131453796
-0.05966420677904810121
-0.02718701610543854466
0.00862938856738498100
-0.03211150446007365877
0.03384856513697285380
-0.02127777476295927492
0.00826618810941420409
0.00873062697110795621
-0.02876070124958494956
0.02975366881047285597
-0.02760206516685826880
0.02249968536241718844
-0.00370131504584459868
-0.01205479408158141932
0.03020195274168944316
-0.03328957609988995869
0.03121557108722480128
-0.00699829671203395891
-0.00063613385106180793
0.02238800609041311646
-0.03362725864853413626
0.03258250469316562037
-0.01683776593265867358
0.01020405969260498175
0.00841776415403482428
-0.01796921062991906418
0.03539738571569818470
-0.02633142550516937366
0.02774243231459614170
-0.01247826985311146705
-0.00551755047350074856
0.02524975101440325026
-0.02888737481027010487
0.03840291253299749769
-0.02017394286997153952
0.01219947825822316305
0.01070525588701324443
-0.02493212216544199444
0.03108538937532348209
-0.02780460324730014976
0.02477617349146736189
-0.00302908058567241461
-0.00636070873636093367
0.03133359950481995337
-0.03163601215730144772
0.02775353841978647068
-0.02054729787056760321
0.01413881970228540383
0.01144916727129356368
-0.02192657283495352480
0.03244275203849193712
-0.03191522678247043360
0.02366890696659999446
-0.01012327817305884448
-0.01014518449531794445
0.02885427154195386798
-0.03283770933205779757
0.03056068063513777550
-0.02534324475294020065
0.01132295298900865693
0.00815862796690803443
-0.02322515245798762590
0.03184515760564926579
-0.03026933446984071685
0.02533779199615431368
-0.00851162366691071530
-0.01012921483397658667
0.02023119566079170303
-0.03193822892799868390
0.03453978447488281756
-0.02184696626012122556
0.00493927593399076312
0.00518953161707965890
-0.02372535110764061733
0.03684202225966953792
-0.02794704411930590271
0.02319842638478839328
-0.00322863659477723745
-0.02207152344312642012
0.01998369223254466490
-0.03151987334350848935
0.03129926705776046869
-0.01777034382992857819
0.00355840941920091075
0.01014126311291138616
-0.02574133483767763672
0.03366894645267959341
-0.02595808805029919605
0.02028549580332777644
-0.00189785523763773062
-0.01518124971010402155
0.02484146866644325324
-0.03777817208236373958
0.02693415033144341483
-0.01507759653279397427
0.00337157313015419959
0.02034264356539895041
-0.02386806347986088553
0.03142753784337979500
-0.03011144032492756376
0.01685056138599822298
0.00585516285428086189
-0.01465812198817735383
0.02981172856212474173
-0.02998190044254798667
0.03135318730293830403
-0.00434520301962203898
-0.00277302783370368981
0.02329577882770024824
-0.03124201465779186462
0.03308806388022479672
-0.01577719844992784767
0.00446615778586961429
0.01238255322607064585
-0.03008358601605479535
0.02915070629314560693
-0.03313052074018557613
0.01933067590527793797
0.00732598738676457431
-0.01882355869052285829
0.03170010331348374621
-0.03041669460238426506
0.02114036721305880689
-0.01413461737554880769
-0.00219284131452034082
0.02458300072949758455
-0.03575317945663975677
0.03000684181384639590
-0.02102929683472891387
0.00355064280754268215
0.00328932578604186664
-0.02673120408881743057
0.03455118775445102652
-0.03070046368259475231
0.02045447280566632317
0.00013318236919571862
-0.01940021416325751064
0.03042309920500641321
-0.02866249743253305310
0.02662671019470994743
-0.01728465940797800984
-0.00828852539571466734
0.01601222703922088736
-0.03356358153948270362
0.03374224312743660109
-0.01856470480427079364
0.00710993119088929905
0.01175098882060454306
-0.02179593913303152705
0.03160871117332249985
-0.02993487125387035361
0.02002282777801037833
-0.00861263218607787560
-0.01697985173560383892
0.02667402176460547183
-0.03114253273148995596
0.03063679888984472896
-0.01471541355091299588
-0.00105266420488553348
