0.00000000000000000000
0.78659900217787326326
0.73812630406797485882
0.68754329114306511617
0.78616570747744307646
0.76845962583531435275
0.69480259675336741854
0.80461921450520768051
0.82371458429330668416
0.84525322225424648348
0.86968809873942376498
0.81264818090270263262
0.73522491910485920918
0.74153837263971433824
0.61121067881202251204
0.69038221115169917663
0.64548272599262934701
0.66339124730301735067
0.63791588321592029853
0.66317335388615039626
0.98107794948828408454
0.78964642607109114536
0.80135251673874108302
0.87171343359864872369
0.93409591186776719240
0.80910484562015005938
0.85701896523170206788
0.84874453624479373470
0.82565605866298996673
0.88956200820942332719
0.82240637036982788821
0.81311953992167973482
0.44394137781645959251
0.93862074963178454556
0.87820072512079438987
0.97707530341726755996
0.53289291746343514511
0.81189277350960908919
0.75385268950241979269
0.73270963167290992235
0.59402949456385012450
0.48673030779673470692
0.82273840277496423923
0.93437479383484289830
0.93525276476853613783
0.66809261020541865772
0.58925536228983588227
0.91572947250941316710
0.87114065689670927561
0.97531267889781303460
0.92818145955975706052
0.90693721557864359628
0.79931561925182992301
0.87784874477416596772
0.85804837311125370380
0.86627338861832792194
0.69241020824070764750
0.76906514850254936722
0.50585360150283043001
0.46047276684651666789
0.58009340926751817857
0.79336462291206399922
0.95529228223454132340
0.38337669738318153057
0.19975819346821832578
0.60693476722855388417
0.54367037035862630923
0.69361741672735577335
0.60286948106552018523
0.71879006309286264109
0.92990147496481723177
0.96418526924496816832
0.98044744573551856348
0.89222662703596855582
0.88149663005496570189
0.56891525060790915092
0.64192594099236766070
0.60779844463491627948
0.21790357267349677595
0.64682429766287796724
0.90570916835514503340
0.43277028411002277375
0.47884675988721236983
0.67127565153861090685
0.73609000508367872229
0.51284464038133914521
0.50523526674772678557
0.46817826247736188394
0.51423367816181142498
0.62136108172960025087
0.56878869844404922329
0.31692239589869780625
0.29203453332402773412
0.14766214469573279988
0.24050475293530637622
0.51594826989338682388
0.76826981875019872970
0.16817871007312742981
0.31581626919674415932
0.50110728930977566087
0.71429451500024221389
0.43186705208263342914
0.57292823969529438344
0.31736304176430063517
0.29604325253626267989
0.39837916196290790172
0.49455891409645663659
0.35574294621927987636
0.54605113288008633177
0.35319646471208743232
0.30732004981101046504
0.68789322783564277319
0.74777106205897647673
0.37924596862189363655
0.66244415398162259656
0.20456598497586064855
0.53894996500592562416
0.56149703921891780389
0.81802575380683018036
0.40150794926932698026
0.39751286511916683608
0.50181156964792861253
0.43267752603121018007
0.33763000843891000091
0.47596971155917205953
0.65548655737840844093
0.42909561190344819304
0.42568553384407709084
0.41639992855071822353
0.14464220100148800219
0.42824985126371034605
0.27286363959820836289
0.36879571950524858703
0.34210624744226530991
0.35437501439896246236
0.35692358966600795656
0.50660215393008800611
0.58787133183149398175
0.58441278529699425270
0.54421607130680427211
0.47661090730597349685
0.07290381939535815758
0.83018489416110030632
0.71641743654314360423
0.73829854080589674137
0.28546247258614054765
0.65933595575847592229
0.61663304661003681684
0.64483306263496231736
0.63096450885565324995
0.57356092381595102925
0.52227240264341145970
0.66625501199575454248
0.73583390552575889121
0.69630065454641065781
0.63874743765019248443
0.59514675514640713594
0.56113100486517142329
0.58838368319108269588
0.57937725409608353822
0.57161997649320694936
0.61043707087396215094
0.51962334874258109263
0.96711313144640043138
0.69460132358756865312
0.70450544226912903412
0.75138346999324479025
0.78266665072071306408
0.69580430485830291332
0.53533140125181066793
0.64453363105715510972
0.65508423987954522705
0.76661068704845003463
0.61156734847572935543
0.75850103365412757661
0.84666752100960973593
0.85172585544919920952
0.84500088070254786299
0.86212187651098004526
0.67273033505484247652
0.78454647461765703031
0.75592939500492895011
0.65304013877397271148
0.43568359991639005191
0.25859885770443591380
0.30296824579636483232
0.44022370032367330595
0.55767353508536998685
0.56547316375534828481
0.59394828223088669272
0.57967253506610705305
0.61044966958571178495
0.58766614359210200824
0.90897332852697509953
0.63661972493981011656
0.54874815559343992355
0.60155203409942104020
0.57780723614691309464
0.59391907556844436566
0.68959381183171386542
0.98657444705839358878
0.73101058631210591443
0.63554775316450762279
0.62858878179279531473
0.62841422785106715310
0.81592004744914226055
0.63125105849365104049
0.63528442372828175522
0.61568670408951275963
0.77538357122587941994
0.63922129942134697789
0.67089451583107129196
0.61267291666773604497
0.59597661026528203632
0.70104632552213408392
0.66656146266353510921
0.63376632857402492860
0.64866464032066373235
0.64729051937642645420
0.65470195082092919048
0.65017178824136245829
0.64303841503418257552
0.55321921100781767944
0.65088598364013283692
0.65135031074582139254
0.89378184863341014754
0.63502063458573576593
0.75297127706079336473
0.70285108585520372770
0.72702900693782746000
0.75970960277873711419
0.81325105817234721872
0.77643169432126646345
0.90493778731924701120
0.81688145912883070032
0.73071978769611645177
0.67756137689269435587
0.75940223552216545855
0.56692797646884940388
0.57760696211778861375
0.61293246298056613952
0.31598023601876529254
0.58820141985593499268
0.56599676252467134852
0.66143341783833486947
0.68923194702744228213
0.83848211428244134868
0.76223861737848241926
0.62555643074673594750
0.91754578566243927273
0.91101166631825336584
0.92570856314580818314
0.93173048251191947777
0.88145362495558521321
0.93221353048919852746
0.94295172040348840259
0.36037371840756254882
