0.00000000000000000000
0.00347130816011953156
0.00058105615751674177
0.00181343993629437430
0.00033482272747338993
0.00004948587957295663
0.00023356114839306693
0.00010375205870565696
0.00001211911475055874
0.00000389717826518831
0.00001007765322787142
0.00000613529497650695
0.00000491113144674161
0.00000358893814521931
0.00000195719194565167
0.00000074327839412713
0.00004345501725346787
0.00000071422247163859
0.00000024957125932651
0.00000012542731262338
0.00000067300992774915
0.00000027872972405670
0.00000061893196327761
0.00000025080685102524
0.00000004565743770421
0.00000005317296745196
0.00000021094112066689
0.00000007460029190664
0.00000008275794339197
0.00000005212552096274
0.00000005826116335547
0.00000003601300586670
0.00000210394481027928
0.00000100192429863721
0.00000002544461855923
0.00000001298621125944
0.00000003003215183642
0.00000001799474917986
0.00000003468937146950
0.00000000427417145593
0.00000000027020800740
0.00000000081283951395
0.00000000261018959590
0.00000002606077015712
0.00000001208707818560
0.00000003265857969640
0.00000001195660515046
0.00000000215358328790
0.00000000950907409349
0.00000019586930949368
0.00000000255686041069
0.00000001435452632745
0.00000002625804778556
0.00000001288577544539
0.00000001528282292792
0.00000002255043182392
0.00000000538955646895
0.00000000343752274659
0.00000000937515741690
0.00000001327346431415
0.00000000224841781851
0.00000000209408369961
0.00000000178379286241
0.00000000030958860814
0.00000000832957731830
0.00000001861628431718
0.00000000024556895402
0.00000000411113796536
0.00000001013339072400
0.00000000333401394150
0.00000000618842551786
0.00000000432078212018
0.00000000074377059731
0.00000000095772689875
0.00000000297496562698
0.00000000622107141236
0.00000000203701179884
0.00000000318921001570
0.00000000001190618354
0.00000000159233837305
0.00000000385002140672
0.00000016893801493147
0.00000000183629908293
0.00000000244604090045
0.00000000007891634674
0.00000000183272110290
0.00000000153946937460
0.00000000263240128183
0.00000000020124123616
0.00000000005733816570
0.00000000028543980842
0.00000000026971503739
0.00000000002677218159
0.00000000001688768185
0.00000000086509697556
0.00000000015102576508
0.00000000354379324274
0.00000000824155024751
0.00000000009982175071
0.00000000009949890188
0.00000000146421196565
0.00000000005334957674
0.00000000001658761379
0.00000000015451298924
0.00000000015187490718
0.00000000010795002197
0.00000000048258240332
0.00000000087261106900
0.00000000015021654081
0.00000000016615934328
0.00000000051497859504
0.00000000000558324518
0.00000000044272318495
0.00000000010903658415
0.00000000000224743269
0.00000000013675518685
0.00000000017916565991
0.00000000007495523830
0.00000000024692277469
0.00000000009641300086
0.00000000001050704582
0.00000000003621595200
0.00000000004519936251
0.00000000015910076159
0.00000000009683423322
0.00000000017709748455
0.00000000037865734370
0.00000000002689047322
0.00000000078365020946
0.00000000301381803058
0.00000000004744971659
0.00000000012505556792
0.00000000005875060950
0.00000000006400962119
0.00000000014431388711
0.00000000026694978260
0.00000000011731702682
0.00000000009742485176
0.00000000028310431559
0.00000000019308072558
0.00000000003104364742
0.00000000000287822145
0.00000000000979171109
0.00000000001219663356
0.00000000089958516704
0.00000000015530335819
0.00000000000337788623
0.00000000010853460259
0.00000000005474319672
0.00000000004352945790
0.00000000016170913836
0.00000000028170083481
0.00000000014319721252
0.00000000002975264755
0.00000000004285566333
0.00000000003846539529
0.00000000000464381746
0.00000000001429672520
0.00000000001098381195
0.00000000000508696501
0.00000000021154507376
0.00000000004462082942
0.00000000000136662762
0.00000000006264920906
0.00000000003426480328
0.00000000001319649193
0.00000000002771821637
0.00000000000373465592
0.00000000000013836305
0.00000000000125323855
0.00000000006203431067
0.00000000010766226273
0.00000000008417253589
0.00000000009267956319
0.00000000001950831840
0.00000000003210246255
0.00000000146789069026
0.00000000154936608020
0.00000000002646994939
0.00000000008309018190
0.00000000006449838158
0.00000000006272747186
0.00000000020912923470
0.00000000008084765578
0.00000000001033723855
0.00000000003849238434
0.00000000014406581999
0.00000000003290855236
0.00000000005354681038
0.00000000003699799053
0.00000000003246683849
0.00000000003961128145
0.00000000167631979644
0.00000000137036619358
0.00000000003176826603
0.00000000007917435569
0.00000000007030613143
0.00000000008598681406
0.00000000037756352173
0.00000000012306473663
0.00000000000791910835
0.00000000000824654373
0.00000000150472138228
0.00000000129443339222
0.00000000215162067959
0.00000000004417949473
0.00000000183100527420
0.00000000233059755637
0.00000011138040856468
0.00000000220671123816
0.00000000038427085561
0.00000002669071312329
0.00000001509985626654
0.00000000203031500339
0.00000000139025565293
0.00000000833261272658
0.00000000345945057202
0.00000000151657662975
0.00000000059320073295
0.00000000034067632514
0.00000000017010365190
0.00000000007959682244
0.00000000003641242624
0.00000000004585051760
0.00000000175076488486
0.00000000012973910445
0.00000000001778470359
0.00000000003426075503
0.00000000006544528837
0.00000000002897048290
0.00000000008392957403
0.00000000001498565562
0.00000000000462872851
0.00000000001401012971
0.00000000007474867663
0.00000000002113272142
0.00000000002655571902
0.00000000001796595334
0.00000000000649025643
0.00000000001090448708
0.00000000088093715525
0.00000000001213838796
0.00000000000818579497
0.00000000000144669874
0.00000000001552081144
0.00000000000921881265
0.00000000002100616791
0.00000000000228043677
0.00000000000071338949
0.00000000000448921069
0.00000000001627574431
0.00000000000379575115
0.00000000000478129238
0.00000000001583742756
0.00000000000017333807
0.00000000000028405340
0.00000000000000035326
