0.00000000000000000000
0.90528149983123495925
0.83028888836262637607
0.75810038164238824354
0.90458008061834704883
0.87643044253777580010
0.76814538843601420925
0.93503391079658260132
0.96793142401583276424
1.00703886383162100060
1.05457007977982675229
0.94868206984924963177
0.82599844690880375175
0.83536042477742911139
0.65758935157767117730
0.76201724074270082987
0.70165514111069060554
0.72534180839047346367
0.69178894966167414626
0.72505065077185315570
1.37595265888341988791
0.91023251928814485900
0.92955281230381803237
1.05868820826434406612
1.20571831444171229109
0.94262727291946246666
1.02945631891819466830
1.01360658962024974272
0.97136407861282414444
1.09638547677611741804
0.96562803917504225204
0.94949137310336240159
0.45999249024297095279
1.21860990712607941688
1.07208723554733653671
1.35626042626587706152
0.56201568545055480275
0.94738696883964179651
0.85390619454275218381
0.82229504574380452020
0.63605867935516446909
0.50834284898758419491
0.96621192444304071500
1.20650024784537501787
1.20897245614803172664
0.73164240100304100967
0.63013688874032947052
1.15731971332830374521
1.05752052692534470602
1.34813257818794607346
1.18949580326265746955
1.13595575523929670503
0.92615544922304049447
1.07135182139360263243
1.03145739544616166228
1.04769373409799682051
0.76482425460362790659
0.87737726053822928662
0.53037122451758245134
0.47852771571495839042
0.61884336191207645061
0.91631639125228558918
1.27064677286753302532
0.39344958307086319582
0.20111113424571602781
0.65219804102053757777
0.57480408556092177363
0.76649878410389493677
0.64709280544912262112
0.80206040198761829885
1.19414488339110858028
1.30235423321556575971
1.37272257461269431289
1.10225206477674131378
1.07902243208393122664
0.60518624173041157821
0.69700740229718927132
0.65328521870587930032
0.21966590932823967797
0.70341294913890928253
1.13304970564636997565
0.44756347591332995561
0.49934060388598050517
0.73592849353193812156
0.82727560267800670513
0.53849509560102115646
0.52965456437289992753
0.48722800678757194337
0.54011389629813999491
0.67047863673014285180
0.60503236767804835505
0.32248284802357712886
0.29635341448034274725
0.14820408608200752454
0.24288583404445546199
0.54211427115157961865
0.87613387462835656816
0.16898177052082113958
0.32131683000204736000
0.52487783578019209241
0.79561552863354634280
0.44656180000894463156
0.61007415520887386950
0.32294747916533295129
0.30054754550505624611
0.40974904781726079195
0.51732726375747195569
0.36370889582882415247
0.57764330914569927966
0.36098558159134608303
0.31237550822035664577
0.75858240294069434473
0.84469864889335621871
0.38898125186970350375
0.72407681132146695102
0.20602029517784781198
0.56919003919277033621
0.59619384916613393788
0.95797020546659905627
0.41316274550012999089
0.40880476119044539818
0.52569186226308484144
0.44746058589362353031
0.34439791486187659730
0.49606632261062311162
0.71482671083724014238
0.44349128859198494457
0.43971935453486082901
0.42948202891281894722
0.14515136134693484848
0.44255515324809940880
0.27636837365110433762
0.37771307992103941853
0.34915748201400609307
0.36224562266341275851
0.36497248258011105726
0.53123921232893356326
0.62842493499277096713
0.62415621386362463152
0.57545440929666724639
0.49679554410525711416
0.07296855457554254909
0.97943925828158684421
0.79865365945862154540
0.83054421719259474699
0.28948894513135559059
0.71993520290298984587
0.66445865213450439057
0.70080485115930768458
0.68279580946130347119
0.61084630101491610432
0.54951348678645117740
0.72917549984744789437
0.82689732955496464406
0.77023043870303942171
0.69286922531999961539
0.63744825461601872796
0.59575156657075289957
0.62905843092967494989
0.61796443338259676725
0.60847883326954699257
0.65661228571080465510
0.54641005207307591363
1.31362430662614171339
0.76786556943025341404
0.78172604857344840656
0.85015617673923848940
0.89893853417194058419
0.76953913506730942107
0.56490005538157139764
0.70041315557233874145
0.71429410900327960920
0.87354600818183014699
0.65804007325541002960
0.86100983974387379494
1.00969111610123651879
1.01927022453671511926
1.00656681396183134147
1.03944250210526178968
0.73789282735423555870
0.90196437827773712215
0.85707263368857111718
0.71159184442611400634
0.45079760847412009284
0.26157143999005899593
0.30780574999941529013
0.45584779871295710851
0.59158038659296108275
0.60100683489161099704
0.63595772841161157807
0.61832676153817400788
0.65662819197204103094
0.62817131214034716002
1.14081450749325652438
0.69010702987410865727
0.58086605709914951312
0.64544256610794747964
0.61603948742370362446
0.63592142492622016903
0.76092802160157491098
1.40674937089011575786
0.81980178122488500669
0.68871778129323213413
0.67973736148871577445
0.67951294381743088113
0.95431873679537193578
0.68316521958710552109
0.68837675604575221389
0.66325713191914814626
0.88732227482012371311
0.69348525450150144689
0.73541440420312120807
0.65943817350792710563
0.63848129995344049536
0.77686369951465417127
0.72958651915334216120
0.68641260556614869248
0.70582855005525957370
0.70402443456982555237
0.71378824929732109794
0.70781051531523464515
0.69845914891768423605
0.58622373468740174296
0.70875088775458983115
0.70936266848441797972
1.10570776424195038601
0.68803523134666921823
0.85256574223071746044
0.77939766825067102740
0.81398491188350485803
0.86286641383302653541
0.94971734759125392422
0.88898373083501802672
1.13123350291943003398
0.95598356130341377579
0.81937571629390371086
0.74444179742538818534
0.86239386244891780287
0.60277181187612538515
0.61579412697474622540
0.65976661505087985660
0.32148964621148662379
0.62883303830358849851
0.60164181786082238101
0.72272836792491046420
0.76042846265634567171
0.99449175005131618121
0.86676452112867552469
0.67584453833655322441
1.16186375140915765236
1.14573068694759339081
1.18290464853635390874
1.19914927660236636520
1.07893136404842326925
1.20048171362548528052
1.23138771323776419209
0.36866850052424132711
