0.22956876764737085828
0.24865694009333455528
0.22309959034727003258
0.18258447870023578052
0.14621274923446370142
0.10951031634553164140
0.08097625677596256843
0.05248017129939221148
0.02794665080892862891
0.00711260657869688170
-0.01545074921381905594
-0.03167467828268739211
-0.04920092484199108107
-0.06125105994825601197
-0.07170679631456965131
-0.08180960200241058078
-0.08586756571158096762
-0.09293478489940779075
-0.09396124149905631107
-0.09421903716664836725
-0.09314230966770409292
-0.08807776679529401298
-0.08715115918698024267
-0.08114407234585115092
-0.07669350082488479714
-0.07046542102723316048
-0.06296531748563578834
-0.05769821169099653008
-0.04743320769422354477
-0.04065304313598085834
-0.03040697826781869548
-0.02259741882641082278
-0.01626133799388849652
-0.00710330367675058357
-0.00246378264230079835
0.00689501890641176524
0.01286448986245749757
0.01967453753224963908
0.02693312979247823591
0.02946948356416901477
0.03502583596151129242
0.03577525494553595448
0.03904880845233234254
0.04105418651666865870
0.04154575881061102482
0.04566578685442939517
0.04449686515620981941
0.04582539498127583683
0.04356354959136536642
0.04278918611224178520
0.04307408450333835570
0.03973967163386486756
0.04017341579188283412
0.03563670411193536891
0.03375492590633707990
0.02985203129526303734
0.02421785778091146632
0.02244245006962592229
0.01607372331751519973
0.01349560503586493682
0.00735020855456996157
0.00282464225361727002
-0.00043262050430421632
-0.00675192584608253973
-0.00848551892824333902
-0.01394606513518221666
-0.01548434996295131212
-0.01782654530403478266
-0.02136262228339260577
-0.02198230493865499513
-0.02654126638146143968
-0.02573224657474458901
-0.02737212665303646528
-0.02815813292249157856
-0.02811314197695460176
-0.03083494876553106306
-0.02767118859989882787
-0.02756842125498297838
-0.02358867079572251821
-0.01980422298435712686
-0.01941325184867971274
-0.01663198393515766607
-0.01794425939427637950
-0.01461502607244727185
-0.01338860169171455540
-0.01161171377779493877
-0.00853355069332790289
-0.00897556768876722061
-0.00462295530372107757
-0.00359945226891728552
0.00031324096167165941
0.00384677818931549419
0.00501394348929542349
0.00900331983077919291
0.00709687473332447361
0.00832890273331781186
0.00728247324411697428
0.00662909094960471151
0.00878960885680655016
0.00757325471969199499
0.01015401010144677610
0.00795901340417891692
0.00769772264081039492
0.00811286858872926030
0.00629703894630203979
0.00820172243245057518
0.00570849450145538735
0.00759380327228687327
0.00900930211640942752
0.00993739152027909092
0.01372368583363292940
0.01274582065057048609
0.01616034215104073662
0.01726900622762529355
0.01869404139279989135
0.02125066310181233237
0.01898594990567925925
0.01994436986484838387
0.01572820135501445254
0.01413362912322930001
0.01373203854440475935
0.01069062032706843274
0.01198800181052090373
0.00900566937905495843
0.00852369154886260978
0.00582862723115681707
0.00306363764535478623
0.00383980171817746747
-0.00050510125148097839
-0.00081176476372271612
-0.00390615884099481617
-0.00671738627375656917
-0.00946602564135031604
-0.01589136105665731047
-0.01719983394847705849
-0.02237393730081364135
-0.02423392722392067600
-0.02565414254398222516
-0.02946393812931230247
-0.02852098040486036531
-0.03076815640229214194
-0.02886904809604359801
-0.02919153111032206718
-0.03059242783564243909
-0.02967059908283005421
-0.03304814962484788760
-0.03096555253556770512
-0.03051741554248033755
-0.02831183616872280651
-0.02367778220230753669
-0.02117640534282701215
-0.01360070937534995153
-0.00945004998262070212
-0.00197345326667939820
0.00460132136745836084
0.00917502663378068871
0.01800471999931567424
0.02337689349330224209
0.03378772307802464098
0.04302094548629817328
0.05260461845635997641
0.06398379585059070507
0.06371911332613955370
0.05735924372013542771
0.05140781012441726638
0.04122573662633180480
0.03635014025258565679
0.02918339567128722806
0.02361199522526134104
0.01945179768250224206
0.01130046945759263614
0.00735107814552863476
0.00003200063100840299
-0.00375225779062736799
-0.00779357391855614416
-0.01320246179058715691
-0.01418209664995399855
-0.01965150831955366634
-0.02044613538124995591
-0.02170126857058827727
-0.02273155932084272926
-0.02074798668565088280
-0.02375610987090388815
-0.02240587135276431857
-0.02321721228428698033
-0.02273149099374300111
-0.02134369659798530244
-0.02244396205556960927
-0.01870040178744090259
-0.01849293770278629540
-0.01478177038132032564
-0.01338045149626991212
-0.01325068272491459684
-0.01002351044925721586
-0.01097918340976657484
-0.00682253531683652166
-0.00561767685397572634
-0.00309372856909745537
0.00038598567984022159
-0.00032444455913607350
0.00253061764336675026
0.00113383161487764974
0.00281534897383877575
0.00377845181721282990
0.00376371254257718522
0.00789666148667626973
0.00723501405494457375
0.00953810535257041542
0.00868422217477306940
0.00971603066205100827
0.01216467217463852377
0.01131059504893409083
0.01449621621009880568
0.01293852593380890280
0.01421577807062052168
0.01360641695497321474
0.01135328907424961765
0.01300198918477326465
0.01005563359866679107
0.01085670107637608066
0.00800649599031090162
0.00665534297751614514
0.00641638859141335696
0.00292850260268528746
0.00381074186829483521
0.00072663015676805495
0.00130408995384607160
0.00080070884980766848
-0.00118697028823164501
-0.00055712051482268571
-0.00417106371519802236
-0.00272233613151344218
-0.00402594502682150635
-0.00477272906528535077
-0.00497679270491332634
-0.00822311635736808905
-0.00584455223461474976
-0.00676941245951604223
-0.00404002205407739869
-0.00170615813697266991
-0.00294262171773238684
-0.00194015762276428987
-0.00515688443784102866
-0.00383063509491974501
-0.00467900273411400031
-0.00502129630332886177
-0.00408028165786029559
-0.00665095275866815078
-0.00439358909801756264
-0.00540756592222420372
-0.00345224987731293639
-0.00177469797918557810
-0.00234325290689012689
0.00004810458174350253
-0.00330391758060043228
-0.00335199901810683204
-0.00550290631269892937
-0.00707684373197038988
-0.00564757905375986614
-0.00740241842464597205
-0.00516676337353506009
-0.00751469977685479892
-0.00774067606706697019
-0.00710753581407417949
-0.00853068896963559212
-0.00606805234297680841
-0.00784954464353881595
-0.00511129067583026946
-0.00271590677755884384
-0.00069596244665526621
0.00427791870072121577
0.00456684104882519246
0.00930999650768178297
0.01179190811387808083
0.01461718903202506928
0.01858396299294214418
0.01772225135153954884
0.02006035998695112829
0.01718481598008442940
0.01687727244639222746
0.01769531534868223205
0.01579382066394021192
0.01814008842551049355
0.01610595835142307128
0.01646302129277950679
0.01449116031512595951
0.01232813398796695804
0.01358146485662007664
0.00958667582610707447
0.00950263269644374686
0.00650417763463274814
0.00366473522740270140
0.00076739287469876393
-0.00592191474545003885
-0.00760344373159632311
-0.01325216267018127642
-0.01568005502314114702
-0.01775210068752353793
-0.02228779882579011440
-0.02213415222268517307
-0.02522315830292141611
-0.02420699145484029799
-0.02544216992104388064
-0.02777392854852317461
-0.02778985889644139395
-0.03210083909030986282
-0.03093668153257665698
-0.03138162207675496834
-0.03003416894839851942
-0.02621419938897939783
-0.02447473401249685918
-0.01760131052456867518
-0.01408690886741668924
-0.00717496194528036667
-0.00108880739388967675
0.00307588038606197841
0.01157853024899991971
0.01670714153600322618
0.02695821573679184346
0.03611498456441608607
0.04570388493614570280
0.05716759702442153479
0.05706337374919336070
0.05093586779101698381
0.04528381344667772868
0.03546275402306046931
0.03100372288434567747
0.02430268571891991067
0.01923920507276961900
0.01562206325634926327
0.00804151848150620047
0.00468326484847542829
-0.00203183902655654832
-0.00520659619221546487
-0.00864016018527695440
-0.01344995084635703005
-0.01384585933065209280
-0.01875312054073703660
-0.01901305427388620684
-0.01976620835851493688
-0.02033206249679951616
-0.01792571710651874595
-0.02055635103901934727
-0.01887676944912203628
-0.01940923496860021136
-0.01869665361105576906
-0.01713501459037126279
-0.01811469247018211021
-0.01430352051569099524
-0.01408042583632845672
-0.01040414424266842067
-0.00908611954520648427
-0.00908555195587358935
-0.00603043470505669910
-0.00719766447547809645
-0.00328827794525549111
-0.00236239708854245421
-0.00014482483826320152
0.00300551051210872725
0.00194730358344688353
0.00444076006439808081
0.00267320063590730829
0.00397929276338004293
0.00456681787737434237
0.00418060307668148730
0.00795032019040610091
0.00693749660595860927
0.00890508562427573189
0.00773459530724638321
0.00847165749770121060
0.01064993451500578434
0.00955209870067611280
0.01252231907377744646
0.01077902053724744645
0.01190141309333545352
0.01116857956092947787
0.00882353942187640364
0.01041176134927496860
0.00743580067148146527
0.00823731112728113765
0.00541638267806633569
0.00412191001530782565
0.00396527755583851380
0.00058343592568715571
0.00159325594441797266
-0.00134401680561399388
-0.00060293525438055652
-0.00092841192101030803
-0.00272653093283524873
-0.00189805057291270521
-0.00530693726301736599
-0.00364926782480025575
-0.00474258765397243820
-0.00528011447809875745
-0.00527827597107890720
-0.00832417089451093287
-0.00575267083306329249
-0.00649386752422686109
-0.00359173501559392023
-0.00109743661229169047
-0.00218700938875683636
-0.00105216035415779739
-0.00415181259939583804
-0.00272433026056746654
-0.00348768371234287923
-0.00376129705662065720
-0.00276791106696652658
-0.00530225294114414648
-0.00302421727337250524
-0.00403258048596678159
-0.00208602077538515502
-0.00043072583542720666
-0.00103411218500923862
0.00131091026489090065
-0.00209785776064115408
-0.00221189557816913254
-0.00443678241893841717
-0.00609146382962685862
-0.00474849482850110433
-0.00659393077300926035
-0.00445199783954589728
-0.00689559759511878395
-0.00721809425982055178
-0.00668126194549238661
-0.00819956019195511657
-0.00582998780879969911
-0.00770167730102714297
-0.00505001100183583192
-0.00273700103520213220
-0.00079466150843778591
0.00410680063292873706
0.00432885830368976050
0.00901093814993786726
0.01143775550724147189
0.01421399148430257942
0.01813780506326348116
0.01723914138770302890
0.01954621009171883528
0.01664534572446790123
0.01631800321623905203
0.01712149032174377708
0.01521041407663069854
0.01755174175528592326
0.01551700394713105557
0.01587743367509732509
0.01391259266469662553
0.01175988262134647529
0.01302651631329341912
0.00904768193685527231
0.00898196548661277065
0.00600391200102554350
0.00318670859737938848
0.00031319235473789943
-0.00635089104731365560
-0.00800599813578457831
-0.01362723783461889347
-0.01602674669910912619
-0.01806960135746587051
-0.02257541404880221425
-0.02239124994207433023
-0.02544919042675575921
-0.02440145010844684687
-0.02560461520671637736
-0.02790395229656737405
-0.02788711881852234259
-0.03216502985998381803
-0.03096757484263021679
-0.03137904420843976028
-0.02999804561397288044
-0.02614453837428847710
-0.02437167317399925592
-0.01746510365012952579
-0.01391797483493549883
-0.00697387166861061607
-0.00085633195894160700
0.00333878392442560649
0.01187067394898881287
0.01702712407676718054
0.02730438274949417710
0.03648545135235120584
0.04609650376034358371
0.05757998654623455725
0.05749289451555187475
0.05137965939376096247
0.04573877889158067811
0.03592560500318070504
0.03147097309559378220
0.02477070400893444796
0.01970421712769270320
0.01608021175632515926
0.00848887197242393157
0.00511588345325571410
-0.00161788927962929646
-0.00481517404734671355
-0.00827503153942606845
-0.01311471813421800220
-0.01354394308083710710
-0.01848769001284281122
-0.01878701080498897114
-0.01958211986269785959
-0.02019215119801561625
-0.01783180040974066682
-0.02050983606200574433
-0.01887860251197683720
-0.01945990499887021580
-0.01879615209047787172
-0.01728284943521107841
-0.01830985974478807968
-0.01454452981143983595
-0.01436528444311857208
-0.01073039440001736719
-0.00945083509212916312
-0.00948538714550328094
-0.00646163267058206918
-0.00765611662582063417
-0.00376954293052898012
-0.00286176916880915080
-0.00065736144505902519
0.00248491358220251672
0.00142387839976302688
0.00391978711546601792
0.00215997159639371751
0.00347902964782576506
0.00408463529088846922
0.00372142894701616789
0.00751886049217406847
0.00653816060866574400
0.00854195595742698356
0.00741136045979921571
0.00819158981197974298
0.01041583232092064062
0.00936627440617873903
0.01238655283550807104
0.01069456007849871500
0.01186894022910625277
0.01118822275156666768
0.00889485381787489746
0.01053375441499130802
0.00760692572998698802
0.00845550570130469345
0.00567907483570208489
0.00442606841243453879
0.00430742924661905655
0.00095972648803962211
0.00199947685922705369
-0.00091236007480374759
-0.00015058866327487987
-0.00046029933121012894
-0.00224771496914206049
-0.00141365645053406221
-0.00482211195416466093
-0.00316910410484083898
-0.00427208445879450824
-0.00482410399928804440
-0.00484138796233694185
-0.00791076545062912098
-0.00536680913927073486
-0.00613925262486876913
-0.00327169111174965962
-0.00081485968411066983
-0.00194435665754990250
-0.00085141209350893590
-0.00399447281667887101
-0.00261140044657960342
-0.00341967519558227569
-0.00373821683196566426
-0.00278928566722360695
-0.00536712588537745228
-0.00313118371687849542
-0.00417979527000051677
-0.00227124258923762801
-0.00065133436013092524
-0.00128716005607449431
0.00102867312267876853
-0.00240578909846162750
-0.00254181037512143156
-0.00478481545959975364
-0.00645362741681915382
-0.00512074106413920073
-0.00697218383372819918
-0.00483221501419831521
-0.00727379955179832671
-0.00759042264927918021
-0.00704400558021944789
-0.00854920728455330070
-0.00616324629130046969
-0.00801552011715444060
-0.00534168918159743863
-0.00300408087751368510
-0.00103502946812699314
0.00389490957582680790
0.00414686441627575356
0.00885989761875403091
0.01131837286842404464
0.01412660910128528576
0.01808242376355920222
0.01721541808109169902
0.01955348575995538574
0.01668265014388638917
0.01638408911111161742
0.01721484385925889024
0.01532929374121606500
0.01769419307574662467
0.01568090148789769850
0.01606049834203015364
0.01411243514416372566
0.01197402159418807163
0.01325242170242942573
0.00928279243397684903
0.00922373008685946350
0.00624980540485927261
0.00343426970521542273
0.00056003633356032495
-0.00610703838104544212
-0.00776729251584831401
-0.01339568704719687475
-0.01580420766741558181
-0.01785775598091869990
-0.02237577146569309783
-0.02220512783332147938
-0.02527772243117972287
-0.02424557241068458352
-0.02546507878642635322
-0.02778131434575476649
-0.02778175925402896762
-0.03207714688917809309
-0.03089720497044550276
-0.03132606110280682782
-0.02996218270309954079
-0.02612539006087070265
-0.02436871904971429220
-0.01747771107268111801
-0.01394542378480014347
-0.00701535773315150116
-0.00091099091704653884
0.00327187357778863531
0.01179246748947668580
0.01693860921383210857
0.02720655782509507140
0.03637932574455736423
0.04598307824603067862
0.05746025579947141443
0.05736782988209258166
0.05125021363222051485
0.04560587140282761770
0.03579012876269833943
0.03133378218989474329
0.02463262252821736553
0.01956602869683104692
0.01594267000956314795
0.00835269163867579517
0.00498175192806378508
-0.00174931981842560034
-0.00494327451509270991
-0.00839920335804721432
-0.01323438111087547886
-0.01365854289659347055
-0.01859668662356648433
-0.01888988649244445484
-0.01967836859694638285
-0.02028128763925343692
-0.01791335055589197284
-0.02058334745972501684
-0.01894363637164836467
-0.01951604772291222478
-0.01884300888197808568
-0.01732005709296319251
-0.01833708163355271190
-0.01456146971835132684
-0.01437168262928922857
-0.01072604217397152108
-0.00943557153553569589
-0.00945911394677319967
-0.00642431102167107578
-0.00760778178176201025
-0.00371030071698722581
-0.00279180969727519561
-0.00057695465690698754
0.00257540560660427745
0.00152400740364685939
0.00402900827116122948
0.00227765144305399096
0.00360443802512968453
0.00421695560660892595
0.00385975272178917242
0.00766220016596344533
0.00668544682133041801
0.00869205293505266249
0.00756306598061582541
0.00834365303410618785
0.01056695620258494075
0.00951513565762799121
0.01253180638859530474
0.01083486067943555814
0.01200294839714833098
0.01131462738734265866
0.00901237896491751539
0.01064118215055604583
0.00770310295557008126
0.00853936651709131037
0.00574964654367020322
0.00448249255718059965
0.00434896602106382008
0.00098577365476042243
0.00200957180500259923
-0.00091852424259196278
-0.00017316406327570280
-0.00049927061639105572
-0.00230290377862572230
-0.00148471253808243062
-0.00490852146897400362
-0.00327018476204428681
-0.00438699776859709234
-0.00495185448925158749
-0.00498083925753090451
-0.00806064333933182928
-0.00552572119042265414
-0.00630569467742506974
-0.00344406991240956990
-0.00099150218841110487
-0.00212353499270263217
-0.00103135489791566929
-0.00417339169043240248
-0.00278750243515206182
-0.00359118979278267312
-0.00390340864052100356
-0.00294648097180655148
-0.00551472450230148376
-0.00326768416134668198
-0.00430380484074906720
-0.00238150021441016751
-0.00074671804885139033
-0.00136670661818850871
0.00096576399208017627
-0.00245143932207484913
-0.00256975920372441800
-0.00479481110303376593
-0.00644560466002536483
-0.00509482850189335069
-0.00692869533723974602
-0.00477165247752194856
-0.00719684004890437483
-0.00749791690888598934
-0.00693696115905114742
-0.00842878320400742426
-0.00603073275835588549
-0.00787232994823429053
-0.00518933477812644206
-0.00284416321904229193
-0.00086921318533059817
0.00406490874364379834
0.00431930551906953286
0.00903302761517365757
0.01149045252537748280
0.01429592572048629662
0.01824731612877351569
0.01737428786316635651
0.01970482062410859603
0.01682503299500406196
0.01651621858641781279
0.01733554070942461278
0.01543751808619166915
0.01778904738604404970
0.01576164416397873164
0.01612654295382175140
0.01416336009629040951
0.01200956548892777309
0.01327248906244815792
0.00928744526252914433
0.00921318982451411334
0.00622444095894384222
0.00339459600580352232
0.00050669928095399173
-0.00617326623339282607
-0.00784552950113584155
-0.01348494892027422842
-0.01590342692970695554
-0.01796578989196684351
-0.02249142238697987572
-0.02232715193370133494
-0.02540485026509223948
-0.02437651753944052035
-0.02559855783335861917
-0.02791605480402393341
-0.02791651833049357823
-0.03221071785775491553
-0.03102843422228977743
-0.03145385252559607103
-0.03008551248982222620
-0.02624330874117754980
-0.02448036376399073330
-0.01758230504204105066
-0.01404228592098107943
-0.00710389949839758221
-0.00099072330323255907
0.00320134568960937609
0.01173144079556447811
0.01688728987609024526
0.02716505906652660202
0.03634767761460256513
0.04596122692468044418
0.05744807478124029643
0.05736512049825397142
0.05125671714290887249
0.04562127021333232946
0.03581405889846335511
0.03136583468676468894
0.02467235578731111559
0.01961296956836329486
0.01599632558080110387
0.00841254960240869765
0.00504729144198783671
-0.00167862879044413521
-0.00486796152678152516
-0.00831979936353494445
-0.01315141010548082599
-0.01357252509644503100
-0.01850813143207506034
-0.01879929692549732467
-0.01958623546326340725
-0.02018809504520471809
-0.01781957108106593801
-0.02048944847834702210
-0.01885007591918247405
-0.01942328129868470254
-0.01875148564470737952
-0.01723022676678296478
-0.01824939064424628901
-0.01447636781564369882
-0.01428961858321108058
-0.01064746975080972137
-0.00936094441471548369
-0.00938889074456380340
-0.00635894916041355313
-0.00754774134034383835
-0.00365603708110923825
-0.00274377612279734246
-0.00053559364520774444
0.00260966102475910632
0.00155074349810434015
0.00404783047320082627
0.00228819518480996662
0.00360636948703471540
0.00420998325251637894
0.00384362856495343254
0.00763673158608173253
0.00665049789289741487
0.00864755603832927794
0.00750902267746938502
0.00828014494309736032
0.01049414488360731097
0.00943327221639084050
0.01244122984585440371
0.01073600580425521263
0.01189634209010531629
0.01120089431460353016
0.00889223557570942291
0.01051543979219913584
0.00757265926937575936
0.00840520585246147534
0.00561282862667991395
0.00434415018192217152
0.00421029105278698020
0.00084801214928162437
0.00187400758322676681
-0.00105057672185558063
-0.00030037814934637686
-0.00062031634997490679
-0.00241646779403285840
-0.00158950806725208834
-0.00500330900482279760
-0.00335378243371198172
-0.00445830197527900991
-0.00500984982203944197
-0.00502461826018393582
-0.00808941512263872467
-0.00553882947138182279
-0.00630262425210293027
-0.00342446217036624203
-0.00095515868052420991
-0.00207042971281262960
-0.00096163430090679325
-0.00408738317433999035
-0.00268571032680919430
-0.00347429964446065729
-0.00377227889773886762
-0.00280214290979031956
-0.00535836951280819346
-0.00310065938453362236
-0.00412759624295797219
-0.00219772420764798720
-0.00055710076615127484
-0.00117307204227286126
0.00116151792862679865
-0.00225552327537800745
-0.00237567136085223458
-0.00460455835425072242
-0.00626118283771246852
-0.00491820507423780182
-0.00676178147413359493
-0.00461628603883716161
-0.00705475847884908837
-0.00737074165109135367
-0.00682617249558986616
-0.00833570718649092116
-0.00595651903411645138
-0.00781794219301572106
-0.00515553241945877674
-0.00283149619641328686
-0.00087800829575206650
0.00403454814003086776
0.00426750803445462377
0.00896014881048166553
0.01139707808933682932
0.01418286102521395739
0.01811558409150492224
0.01722511325749015096
0.01953962294173012051
0.01664540596243309703
0.01632391860870809064
0.01713246229406262949
0.01522567868655566939
0.01757055965040034765
0.01553869818987806302
0.01590137644797068317
0.01393823919097696672
0.01178675400823680011
0.01305422912978534446
0.00907592691359204035
0.00901053264627132804
0.00603266526705259834
0.00321560669903522139
0.00034225971136744339
-0.00632154712764251142
-0.00797621965570727808
-0.01359680184949224949
-0.01599539974377434115
-0.01803704718223945319
-0.02254134927360423521
-0.02235535273547604312
-0.02541115632388243201
-0.02436098055972500676
-0.02556145251444530420
-0.02785786701848827832
-0.02783794287473262061
-0.03211264190920169737
-0.03091193077685935875
-0.03132015981498320611
-0.02993602389583404147
-0.02607954905249637231
-0.02430397652936874126
-0.01739502668915845693
-0.01384593162310938756
-0.00690033625826633190
-0.00078185545479411353
0.00341360331634336239
0.01194517663681003705
0.01710062132681230279
0.02737614449251526624
0.03655473995819535915
0.04616256309859952112
0.05764207641600241350
0.05755028004568913530
0.05143164520989634836
0.04578469793545766886
0.03596485154994148725
0.03150299013829461342
0.02479501433998021476
0.01972040856748358620
0.01608796567497484953
0.00848794582968447758
0.00510613634706146534
-0.00163651706655069951
-0.00484263864392759855
-0.00831120898753526238
-0.01315938504843244469
-0.01359680300044428455
-0.01854835679822636196
-0.01885503741000401495
-0.01965698392421234147
-0.02027328560260854839
-0.01791858036219815681
-0.02060161067827445333
-0.01897468254199067075
-0.01955959460149892665
-0.01889873634569232824
-0.01738762545351502792
-0.01841612313775128906
-0.01465160435923264920
-0.01447250679934415293
-0.01083714168202043297
-0.00955650726847079475
-0.00958943211451260269
-0.00656352600391861898
-0.00775538394602347334
-0.00386573694446010890
-0.00295448942539665131
-0.00074622886714118333
0.00240023920518638023
0.00134372590673230777
0.00384445813780700044
0.00208976937018927333
0.00341424401564030533
0.00402557194014255965
0.00366839428230507358
0.00747219029863433609
0.00649820375873457617
0.00850910147325852767
0.00738601903930422021
0.00817421833247244239
0.01040691228440581567
0.00936633308823419525
0.01239613795626719889
0.01071425704978224216
0.01189934264521185642
0.01122994551012011961
0.00894849937623344756
0.01059992193584194907
0.00768617344163289619
0.00854835662185370049
0.00578597598070641761
0.00454739405181195377
0.00444343809001794543
0.00111056379463983501
0.00216513106783031151
-0.00073205476284576854
0.00004400551344344028
-0.00025197008692365297
-0.00202643517780115578
-0.00118043226536294898
-0.00457820539934394866
-0.00291601791644148511
-0.00401158963245974026
-0.00455821690159053956
-0.00457238969589897435
-0.00764116991879894292
-0.00509937315063274318
-0.00587693407327795694
-0.00301764928195812077
-0.00057240330230370201
-0.00171693449930184622
-0.00064255133623133953
-0.00380776075518050872
-0.00245041429922038950
-0.00328795645890591487
-0.00363919441158881696
-0.00272624510389521402
-0.00534312835080348603
-0.00314903296949061579
-0.00424195562542142857
-0.00237980696626628740
-0.00080794475831217488
-0.00149298038633462540
0.00077303028618869868
-0.00271129711666245540
-0.00289659315933729622
-0.00518764326723533415
-0.00690258159575104103
-0.00561322351104058363
-0.00750488409993657884
-0.00540113822879217595
-0.00787425257860158850
-0.00821706241784408292
-0.00769084572412884193
-0.00920968779721667921
-0.00683026096601364180
-0.00868150726621505324
-0.00599867896500693928
-0.00364380555294625819
-0.00164898840283287523
0.00331532295033635377
0.00361028339191151598
0.00837484261734063387
0.01089316269567897760
0.01376921388704995322
0.01780037236054646255
0.01701564960788573555
0.01944225958830815906
0.01666540272949425250
0.01646535346699336266
0.01739811863602046607
0.01561697917484659512
0.01808747917350397860
0.01617972713300511178
0.01666346492983774435
0.01481679481087372525
0.01277562172903639638
0.01414572715288427845
0.01026086501544883241
0.01027828813692958226
0.00737124076849492681
0.00461174622315627981
0.00178154486704024638
-0.00485454295817736546
-0.00649779978414383175
-0.01212395812185264668
-0.01454565085908341229
-0.01662822268806438825
-0.02119140486041462546
-0.02108213436638480681
-0.02423220133876335600
-0.02329327146749447450
-0.02462121410778704209
-0.02706032051444266784
-0.02719711017068145512
-0.03164111143697714845
-0.03062068044658311505
-0.03121834608298618141
-0.03003083479033162584
-0.02637602750436395319
-0.02480491412417381442
-0.01810083125839223248
-0.01475457102194735817
-0.00800725857981235585
-0.00207999022439231494
0.00193386611194087954
0.01029592295615036970
0.01529637166526191631
0.02543372572246380831
0.03449318095414127816
0.04400290294477396391
0.05540719967328638224
0.05526466550663829136
0.04912114667857909317
0.04347624094273944140
0.03368616868454150926
0.02928227618848588260
0.02266062811805536620
0.01770049965081964272
0.01421015714270184270
0.00677894797746329131
0.00359142665244754954
-0.00293307632750943511
-0.00589910569813215015
-0.00910792332958463083
-0.01367924012816263031
-0.01382556771365294097
-0.01847489818182003127
-0.01847158616177124041
-0.01895929113352522177
-0.01926081746168544287
-0.01659459525236335609
-0.01897327095398557845
-0.01705304140587204573
-0.01735961633347761837
-0.01643918622481545938
-0.01469099393676336247
-0.01550841647144294080
-0.01156217281478520535
-0.01123373837363341073
-0.00748419936672401788
-0.00612693314972692811
-0.00612280356001376844
-0.00310098230044893565
-0.00433921599116351541
-0.00053885305995383850
0.00024004260797742556
0.00227329852088955370
0.00520300736011491786
0.00388946945960893554
0.00609488435159986908
0.00400913990073809880
0.00496983188383317079
0.00518820726056873696
0.00441286781338312561
0.00777773667191837548
0.00634882559030669133
0.00789396527358130276
0.00629967617063773022
0.00661689175305179948
0.00838459423624656267
0.00689094505853507684
0.00948548977295114552
0.00739206779023274252
0.00819505163429819737
0.00717858817243362691
0.00459036724497914172
0.00598029437487100895
0.00285483090412081428
0.00355917646188137109
0.00069631052858666435
-0.00058245394269513390
-0.00066407763971676470
-0.00391051519127885716
-0.00270464640408552698
-0.00538559701803584256
-0.00432918805650791758
-0.00428224792176957678
-0.00565368974086713494
-0.00434773844069159809
-0.00723271850920939076
-0.00500965289407436128
-0.00550186352515852177
-0.00540884329761495090
-0.00475402572341959533
-0.00713188629124152096
-0.00388526808517152813
-0.00395244266422347963
-0.00038599113917747339
0.00275429977195178633
0.00228353510827532333
0.00400134781130359954
0.00144013020458986021
0.00335325908201973208
0.00301469811431838430
0.00309761400648337834
0.00437226480065515399
0.00203780297227331743
0.00442882269252149394
0.00344212306558915049
0.00531538664589059802
0.00680005010592009233
0.00592724698776139931
0.00790401872019264387
0.00402913811797164529
0.00335358880346358062
0.00047531658668999947
-0.00191957387831655397
-0.00139754401451635396
-0.00413705636817921635
-0.00295378370830601863
-0.00641066363363697496
-0.00779028408598690918
-0.00834238336277140502
-0.01096878522005487536
-0.00971280325172776959
-0.01268955683554458258
-0.01111962866691941151
-0.00985022791381297280
-0.00889808582910181674
-0.00491849048568883482
-0.00553490874822586132
-0.00159361559469806385
0.00020418756207289755
0.00247608881196314298
0.00603258041013282446
0.00491434879650262061
0.00715942754228610957
0.00436198206663103872
0.00431006974988040834
0.00556523702115763706
0.00428484032113398642
0.00743590706714302579
0.00638834502802482392
0.00790880796727266855
0.00727048453017193567
0.00660124853026307790
0.00949697694306165727
0.00727824484463028207
0.00908731179627095265
0.00807907516067830032
0.00730557410752492604
0.00652520871583035355
0.00197812688171966275
0.00243508470639192814
-0.00110850188596863636
-0.00149728408259183657
-0.00162892653572777393
-0.00435849489908243966
-0.00256781353737754216
-0.00422643085383994383
-0.00202239187025313877
-0.00235074132851769303
-0.00409240864540488455
-0.00387343631438308127
-0.00833886973722317709
-0.00775587807120395410
-0.00923984913819950182
-0.00942468452254995731
-0.00765670443056414539
-0.00852185476254252970
-0.00482528129033997326
-0.00509076519353924943
-0.00257125124935351623
-0.00152131226183290945
-0.00302919853430499509
-0.00087696524498732335
-0.00273078508376681933
-0.00019112296810270039
0.00073519707097482795
0.00077051229622359134
0.00101421170288976646
0.00118797596482845061
0.00144307990642110473
0.00166650989850506597
0.00192263520744640924
0.00215060780095650481
0.00238444173094223832
0.00258614737007875455
0.00277641680775568989
0.00292972356613302540
0.00306026523092237102
0.00315034560022970636
0.00321086454514768645
0.00322953390632711333
0.00321558038998800630
0.00316067905461747938
0.00307322866036001657
0.00294789951530013972
0.00279268263985152712
0.00260452780108343281
0.00239119183236265881
0.00215133323464691828
0.00189250104496983904
0.00161458451586828609
0.00132486482277139120
0.00102405153652353892
0.00071905134291079965
0.00041103989546214734
0.00010642386706558558
-0.00019345741174056977
-0.00048282193891770707
-0.00076041841820989695
-0.00102119917835277740
-0.00126420201359878342
-0.00148519846439626978
-0.00168366599296779261
-0.00185624924419037053
-0.00200296645221153397
-0.00212135509178715959
-0.00221202797910463253
-0.00227340039230012822
-0.00230668971148066497
-0.00231114085194186920
-0.00228854661127021394
-0.00223890365465291910
-0.00216451769063707826
-0.00206603435661185421
-0.00194618299848507530
-0.00180613640241917249
-0.00164893863730975788
-0.00147615523355499462
-0.00129102377324195883
-0.00109536225007228656
-0.00089247550286708152
-0.00068429442208457758
-0.00047406665359945536
-0.00026370329238529751
-0.00005627833983190382
0.00014643726342807939
0.00034164630748164011
0.00052782148855904515
0.00070252797968274605
0.00086456524871468890
0.00101192580474496890
0.00114379636749120661
0.00125863923540169703
0.00135606509475762194
0.00143502534102327162
0.00149556763345871577
0.00153712913613214541
0.00156018492388863492
0.00156463352085625847
0.00155134740131597157
0.00152064341363780057
0.00147374385895263928
0.00141132541616800452
0.00133489859411950289
0.00124542963564993562
0.00114464550368166378
0.00103372395532679538
0.00091453062356665511
0.00078837303163673857
0.00065717575933398401
0.00052229462907178031
0.00038563539319625730
0.00024852468177579898
0.00011277711218989767
-0.00002038013944537058
-0.00014928742243980504
-0.00027287735407555656
-0.00038969821060518862
-0.00049889077716070915
-0.00059925163170975772
-0.00069016479341181113
-0.00077070193011154284
-0.00084051142248962527
-0.00089895293679935918
-0.00094594646496003795
-0.00098113907760082747
-0.00100471644911822471
-0.00101659993795745734
-0.00101722305190288069
-0.00100675729021164708
-0.00098585594122174085
-0.00095490736301393267
-0.00091474842795020756
-0.00086594411490341014
-0.00080947282064727224
-0.00074603128867379393
-0.00067669389434078407
-0.00060224204553765200
-0.00052379941771087341
-0.00044218503397448327
-0.00035852627956558560
-0.00027363490825172299
-0.00018859950656981844
-0.00010418368513177324
-0.00002139949518478474
0.00005907294629320381
0.00013632975704429371
0.00020980300668734311
0.00027872157464302067
0.00034265101960094350
0.00040097000104321375
0.00045339114839479779
0.00049945220806705886
0.00053901879507990333
0.00057178956964975061
0.00059778178316943764
0.00061684991368717306
0.00062915493740541830
0.00063469595872152969
0.00063376414535827770
0.00062648697468573955
0.00061326776375050405
0.00059434221904647961
0.00057020447160244844
0.00054117566280073581
0.00050781735978345805
0.00047051193673986347
0.00042986419848764588
0.00038629332696735229
0.00034042348290441011
0.00029268708370725318
0.00024370508707392022
0.00019390135210114795
0.00014387323733512734
0.00009401677485614164
0.00004488814148208373
-0.00000316065090508817
-0.00004962892566945983
-0.00009422145950597604
-0.00013650387925931385
-0.00017624693968966226
-0.00021308979679641297
-0.00024687481955238755
-0.00027731844757238196
-0.00030433692873939474
-0.00032772451843968522
-0.00034747054603767287
-0.00036344475306795791
-0.00037570609530149322
-0.00038419504804363368
-0.00038903454698158840
-0.00039022911040719182
-0.00038795831155536385
-0.00038228258092350012
-0.00037342958623813507
-0.00036150658421742719
-0.00034678006279893194
-0.00032939451208774569
-0.00030964565841866062
-0.00028770552039900890
-0.00026388953724170491
-0.00023838776933347329
-0.00021152619552932544
-0.00018350391006765471
-0.00015464883651656464
-0.00012516076546631796
-0.00009536170771998718
-0.00006544461112779204
-0.00003571855331074673
-0.00000636297207244792
0.00002233212098272375
0.00005020656332907318
0.00007699464093749095
0.00010256032983861022
0.00012666655422433060
0.00014920540798298108
0.00016997192562228682
0.00018888943875587476
0.00020578771983450605
0.00022062362068214943
0.00023326345298927981
0.00024369904731539162
0.00025183423723639279
0.00025769646858218474
0.00026122725691200051
0.00026248946895072317
0.00026146162650170397
0.00025824097580129032
0.00025284151574480988
0.00024539296675031227
0.00023594240775674270
0.00022464925451783080
0.00021159039848500649
0.00019695130533837688
0.00018083455958738115
0.00016344719742789407
0.00014491257341937153
0.00012545404702550556
0.00010521010155621971
0.00008441451037399968
0.00006321465272031944
0.00004184829274394078
0.00002046505101611657
-0.00000070006365654332
-0.00002150205521576020
-0.00004171551031238166
-0.00006120688907789839
-0.00007976704818996039
-0.00009728043079201311
-0.00011356039383174366
-0.00012851530224462088
-0.00014198651526645470
-0.00015391138993823411
-0.00016416378871339857
-0.00017271400170814147
-0.00017947164973687590
-0.00018444254346661540
-0.00018757387181994427
-0.00018890802892573486
-0.00018842999711875426
-0.00018621818864169009
-0.00018229395444511543
-0.00017676950604747477
-0.00016969950495149396
-0.00016122614974917789
-0.00015143282498661370
-0.00014048645820012150
-0.00012849323013490628
-0.00011563832453857781
-0.00010204372240028327
-0.00008790548265285615
-0.00007335366024726654
-0.00005858726718386414
-0.00004373636663019230
-0.00002899486987871860
-0.00001448486545767985
-0.00000038740794238920
0.00001319085848373522
0.00002608876936336258
0.00003822166843566854
0.00004945419732023133
0.00005972893469918025
0.00006894078665482199
0.00007706321311083458
0.00008402412234210892
0.00008982968378431241
0.00009444165741268420
0.00009789881797673270
0.00010019567964480005
0.00010140158446995398
0.00010154081324472179
0.00010070941880960227
0.00009895674366027472
0.00009640010474893561
0.00009310776522837355
0.00008921159989370205
0.00008479159082762323
0.00007998661997145849
0.00007488057486628157
0.00006961142568244830
0.00006425903656331455
0.00005895268780456257
0.00005376068973876168
0.00004879650610352913
0.00004411026066611715
0.00003979360510957593
0.00003587319390266699
0.00003241441973574413
0.00002941691022118704
0.00002691722699776824
0.00002488640991152530
0.00002333170381071687
0.00002219614354303547
0.00002145933699690378
0.00002103904953130011
0.00002089103507971213
0.00002091254369893566
0.00002104115679586908
0.00002116010862786657
0.00002119604921712085
0.00002102604209440430
0.00002057415138585305
0.00001971995590632943
0.00001839383713041860
0.00001648683562293154
0.00001394450563759267
0.00001067793508101756
0.00000665603131380600
0.00000181753109384499
-0.00000383840880350270
-0.00001033936982698181
-0.00001765088356185673
-0.00002576289133065937
-0.00003460283783153799
-0.00004412153185576282
-0.00005420816503226350
-0.00006477563332927551
-0.00007567748283253753
-0.00008679270717886064
-0.00009794457765093488
-0.00010898488535628342
-0.00011971456783005526
-0.00012996731945606266
-0.00013953188411042346
-0.00014823491590420243
-0.00015586477001621022
-0.00016225346106978370
-0.00016720175481418085
-0.00017056004577736773
-0.00017215453309081660
-0.00017186682446040285
-0.00016956097187495337
-0.00016516160676883704
-0.00015858161662484632
-0.00014979862710809682
-0.00013878311892331647
-0.00012557309653473802
-0.00011020247551826040
-0.00009277381329389251
-0.00007338683927678039
-0.00005220916910444627
-0.00002940490104269208
-0.00000520328905691432
0.00002017261357056734
0.00004643928830923121
0.00007332401898497987
0.00010050013893137498
0.00012765810808954003
0.00015444252141065713
0.00018052283768586405
0.00020553194550878076
0.00022913633771536046
0.00025097598869454688
0.00027073373087925425
0.00028807616699838383
0.00030272198122799614
0.00031438359445984040
0.00032283413446256536
0.00032784954294749064
0.00032927393749952738
0.00032696189677138953
0.00032084197215005543
0.00031085891143027924
0.00029703511930255630
0.00027941262896122657
0.00025811236565819688
0.00023327573754630421
0.00020512162295189401
0.00017388752314398577
0.00013988426807541240
0.00010343675082057427
0.00006493642416948060
0.00002478171483450906
-0.00001657154005044875
-0.00005866982577568992
-0.00010101335349690585
-0.00014311569969993262
-0.00018445676831015285
-0.00022454204113746268
-0.00026285677021610498
-0.00029892450407853662
-0.00033226215193636784
-0.00036243742963523989
-0.00038902442688654388
-0.00041165961608206740
-0.00042999756417796248
-0.00044376516784728343
-0.00045271718284196211
-0.00045668838965137390
-0.00045554866402162941
-0.00044925283655356321
-0.00043779509613190576
-0.00042125638175755792
-0.00039975799242387977
-0.00037350643594381144
-0.00034274620987874774
-0.00030780212538843513
-0.00026903131906617396
-0.00022686316457000075
-0.00018175066914780970
-0.00013420817642931845
-0.00008476238847218535
-0.00003398814412908810
0.00001754061769140228
0.00006921665326425474
0.00012044813590965462
0.00017062562654662945
0.00021917006975465635
0.00026550051607530066
0.00030908096746866918
0.00034938842673894015
0.00038595817840114156
0.00041835176437238393
0.00044620032165567508
0.00046917213115143901
0.00048701369190784147
0.00049951655921940362
0.00050655591343993708
0.00050805649073556395
0.00050402849827826165
0.00049453254122496480
0.00047971284013116622
0.00045976116514559028
0.00043494741958333399
0.00040558270059350837
0.00037204741849916579
0.00033475370575515280
0.00029417133838795869
0.00025078980555568830
0.00020514238110079909
0.00015776823869734224
0.00010923508284948905
0.00006010174468065472
0.00001093981849832918
-0.00003770280274128764
-0.00008528082966653911
-0.00013128664636912141
-0.00017522931465730786
-0.00021666782661190201
-0.00025518982065941311
-0.00029044265317665525
-0.00032211150807019782
-0.00034994800630210130
-0.00037374748378733030
-0.00039337495885207949
-0.00040874146211154327
-0.00041982729551997416
-0.00042665741581280042
-0.00042932203788210088
-0.00042795119295588931
-0.00042273284591992644
-0.00041388686295661418
-0.00040168091945610865
-0.00038640421182287404
-0.00036838152252280354
-0.00034794709032736731
-0.00032545726547820010
-0.00030126500604498086
-0.00027573159414294402
-0.00024920224913202579
-0.00022201738198735898
-0.00019448980641905388
-0.00016691598154225341
-0.00013955525937258502
-0.00011264150667124242
-0.00008636475355810764
-0.00006088349677734611
-0.00003630901337255306
-0.00001271853463427684
0.00000985763315656857
0.00003142200537232078
0.00005201998472603578
0.00007172490963106319
0.00009064544011721230
0.00010890997901614368
0.00012667164753961445
0.00014409243094093589
0.00016134613461229975
0.00017860271760293664
0.00019602971827649852
0.00021377732345424522
0.00023197881972573942
0.00025073699592179088
0.00027012420589890486
0.00029017071237763970
0.00031086493541325325
0.00033214431358821826
0.00035389625797583235
0.00037595203215722885
0.00039808883558905151
0.00042002708964884771
0.00044143394106324098
0.00046192419268219773
0.00048106535384303184
0.00049838227991660326
0.00051336371141183978
0.00052547049579884479
0.00053414336196846513
0.00053881440333724108
0.00053891564146088913
0.00053389326385246518
0.00052321635319443763
0.00050639320974115668
0.00048297947355779251
0.00045259573229132748
0.00041493415501774392
0.00036977650255474656
0.00031699833279521562
0.00025658650136161504
0.00018863999711797239
0.00011338605166522596
0.00003117672420982140
-0.00005749716846461389
-0.00015201447595539295
-0.00025161259804773982
-0.00035540149433751275
-0.00046235580641838456
-0.00057133479735046837
-0.00068107788093306303
-0.00079023056235922630
-0.00089734325397221142
-0.00100090298981582969
-0.00109933510034232376
-0.00119104016613140028
-0.00127439781740926964
-0.00134780809464723431
-0.00140969635161428651
-0.00145855792221840502
-0.00149296285739213518
-0.00151160257726821318
-0.00151329298066636177
-0.00149702160670433550
-0.00146194753695244074
-0.00140744751527296930
-0.00133311102943192705
-0.00123878385288638676
-0.00112455675307193866
-0.00099080502984416619
-0.00083816945499681599
-0.00066759058956238244
-0.00048028081096333428
-0.00027775249010315688
-0.00006178030071229100
0.00016557728396121444
0.00040202579446187809
0.00064502004656726681
0.00089182198819784658
0.00113949237211326618
0.00138495808367336375
0.00162500931651087671
0.00185637532177982539
0.00207572570834646530
0.00227975308345132119
0.00246517664923833271
0.00262882978919284568
0.00276766375238315585
0.00287883790760349451
0.00295972102224625541
0.00300798168181224714
0.00302158450480272123
0.00299887812962331508
0.00293858367789398989
0.00283987775820688203
0.00270237060874923586
0.00252618176509727087
0.00231190558228999178
0.00206067756099934021
0.00177412536409058720
0.00145442428273922890
0.00110423240941319271
0.00072673433494773419
0.00032555979682089009
-0.00009518459601278069
-0.00053101318324528385
-0.00097704093457177260
-0.00142809689987162883
-0.00187871393648258219
-0.00232325616511365809
-0.00275591660584234826
-0.00317085626888747099
-0.00356220684643691193
-0.00392421840419593208
-0.00425126366491034025
-0.00453799072871587800
-0.00477932501754008317
-0.00497062307736430981
-0.00510766796515186011
-0.00518682000518512487
-0.00520500131861464151
-0.00515983944129251495
-0.00504963683764005078
-0.00487350355063358946
-0.00463130791246397448
-0.00432379488860346484
-0.00395251479157229454
-0.00351992468800984420
-0.00302929272019285007
-0.00248478084303219247
-0.00189132333005683807
-0.00125469015978384515
-0.00058133938676355017
0.00012153834309018910
0.00084619269157195157
0.00158428629195282202
0.00232709084754040025
0.00306547407940248231
0.00379011578969478714
0.00449150506851982677
0.00516017202961822300
0.00578669025947463680
0.00636191904439045806
0.00687700525085436880
0.00732363020079805204
0.00769400462934910663
0.00798111397768996866
0.00817869982547137289
0.00828149729479681768
0.00828519642947883606
0.00818666566151386374
0.00798388702223975719
0.00767616022017684162
0.00726400631720367038
0.00674934789224778189
0.00613537687827737065
0.00542670751065791376
0.00462920535988175716
0.00375011123990570726
0.00279783003239714384
0.00178202539683700251
0.00071336869541031920
-0.00039639387228772977
-0.00153473014965437938
-0.00268827903061856673
-0.00384317328371747060
-0.00498501552048506540
-0.00609922944421748860
-0.00717104800454496094
-0.00818588609678314386
-0.00912933277947495028
-0.00998753728386928170
-0.01074719614919772415
-0.01139594360046630034
-0.01192232382998478085
-0.01231617642684213268
-0.01256858385524635587
-0.01267224271374814935
-0.01262137676353571221
-0.01241208538096676486
-0.01204221328145681225
-0.01151166860265166736
-0.01082224173682238416
-0.00997788701670155286
-0.00898448477129308067
-0.00785008253001932485
-0.00658459648942516518
-0.00520001042866300063
-0.00371001513155780165
-0.00213016572194521699
-0.00047746012207956312
0.00122954184233540478
0.00297119726960880150
0.00472669331436794803
0.00647457709430255407
0.00819269255201067297
0.00985875290501207757
0.01145029047279209553
0.01294526113208703880
0.01432199446984512049
0.01555981814949577123
0.01663899436747008631
0.01754135102772034355
0.01825018967932475270
0.01875091001622693557
0.01903087432285215791
0.01908001211742890724
0.01889062666908909033
0.01845796760920240601
0.01777996631265032351
0.01685776600234019373
0.01569537468094358429
0.01430014460524650297
0.01268233395038671774
0.01085553045582904157
0.00883611600734019245
0.00664363264721337665
0.00430014764590373310
0.00183056379086852031
-0.00073811385865431289
-0.00337651759338882321
-0.00605374373336421169
-0.00873713244924674559
-0.01139317941472719857
-0.01398734239048275881
-0.01648502610316330066
-0.01885139877998861027
-0.02105243569261367950
-0.02305472597309950883
-0.02482655807947732954
-0.02633769503284209487
-0.02756048365601894076
-0.02846957496907239621
-0.02904303853653073322
-0.02926200423368156833
-0.02911176348977485839
-0.02858130904012042353
-0.02766440631136925232
-0.02635900911156343479
-0.02466828686525604497
-0.02259989642677453017
-0.02016695429042691598
-0.01738714775700493306
-0.01428364552827868228
-0.01088403518468749470
-0.00722117059556773300
-0.00333192690796692628
0.00074201119692865816
0.00495558125220908752
0.00925960388373429227
0.01360240091537575843
0.01792908918983667638
0.02218338019754572538
0.02630688449829320791
0.03024108402847976856
0.03392661886224410117
0.03730542004780266346
0.04031994494186652567
0.04291545609208194390
0.04503916644270708480
0.04664264866638508783
0.04768084728103681030
0.04811460317289048549
0.04790948613370938497
0.04703842132188276737
0.04548029290073300757
0.04322266305327030628
0.04026009516151664996
0.03659696191393110171
0.03224543458852791727
0.02722838497101322947
0.02157698543390146675
0.01533372005877073514
0.00854953781581291837
0.00128700178254570734
-0.00638306591747977645
-0.01437825109742763008
-0.02260847809101854122
-0.03097242635106882414
-0.03936211353462615303
-0.04765896894985978405
-0.05573916167860699933
-0.06346920463334404516
-0.07071214478970126727
-0.07732252757981301905
-0.08315360461613202636
-0.08805142807665013172
-0.09186329104924539912
-0.09443063613233063092
-0.09559903750441886561
-0.09520948085169611552
-0.09311034673021278962
-0.08914642069124281698
-0.08317358482685521803
-0.07504459276316857719
-0.06462759619707669767
-0.05178716515173676510
-0.03640851150082629467
-0.01837126030665268972
0.00241748153562974973
0.02606072041203626871
0.05262469797833579238
0.08219301976306295221
0.11480492457940272288
0.15050252750055720385
0.18942528825520230096
