0.06085780115661602874
0.06212163465070719148
0.06665570950661398042
0.06969312759961322767
0.07080865727311057289
0.07408532403246047282
0.07264594950156098851
0.07578430173402510295
0.07567576932972468196
0.07562316991651590881
0.07560920509186901117
0.07204897265078073765
0.07361281964893424956
0.07137883202606624955
0.07231409238036984322
0.07238127684260101113
0.06842085926300421617
0.06626018967329971865
0.05946180980016993467
0.05681107794096450919
0.05161584296400700822
0.04658442656336187621
0.04252358181208362037
0.03466963786580273821
0.03139512760008323494
0.02463487711971827296
0.02066478623842921830
0.01627401878898694990
0.00953108002307835080
0.00567934851254978980
-0.00394692261148814599
-0.01026279742698291315
-0.01863767557887818088
-0.02635475370101909159
-0.03095145932105172054
-0.03857952744450149352
-0.04202985100660463352
-0.04984315900541536060
-0.05528197029277543556
-0.05957869972761017235
-0.06562008447080595885
-0.06743717992347561530
-0.07313508711395676209
-0.07392719221430280041
-0.07465565989437925043
-0.07533490852481004862
-0.07261989329601230281
-0.07413631469463417833
-0.07073441439676249332
-0.06912169836218837182
-0.06668830581143166125
-0.06263353093575460551
-0.06292753593341640639
-0.05954488130763640336
-0.06090466118798343320
-0.05923349057523463745
-0.05598474245387492776
-0.05501705765356645905
-0.04937922693087945514
-0.04771791765984492728
-0.04328245126487682837
-0.04081608040104348079
-0.03820636819873382550
-0.03187309501600423672
-0.03050995953322905435
-0.02498900985356677235
-0.02216792420368707273
-0.01900715886767074744
-0.01575876092682978666
-0.01619292061543381456
-0.01154688429916254054
-0.01083319890620673860
-0.00690187445088813988
-0.00265607787632201556
-0.00095350525011709565
0.00532092778056132351
0.00819775179039775904
0.01498805654210144146
0.01929948200418232784
0.02225213701435951180
0.02722511266020695778
0.02757583434276889359
0.03304455734030591063
0.03651914422724360926
0.04137534309528919513
0.04826993631423079356
0.05262907133020503642
0.06164910546241163941
0.06682175834054755736
0.07489128748216597464
0.08162508143483801493
0.08592137710341524182
0.09403670761736193651
0.09825947806132241669
0.10708986443884628559
0.11431810647273608905
0.12148090696030029723
0.13003448904531286767
0.12655280603016202945
0.11660034169058061670
0.10669862863868130598
0.09222890409214727636
0.08275058529396979445
0.07069059766869474626
0.05996179471807377287
0.05040842820199684104
0.03665812515301766772
0.02693566174798901758
0.01370238415088043289
0.00389716927533886870
-0.00623659352731147174
-0.01777315079833593353
-0.02487893329219674834
-0.03643567209789458361
-0.04324148836598989271
-0.05039428249704602097
-0.05717178290336834973
-0.06074847423155964321
-0.06909438734159310813
-0.07282487094558094676
-0.07842673364142936643
-0.08240962944953444946
-0.08513877891954417521
-0.08997643897509272071
-0.08956522068294123229
-0.09226185336657168057
-0.09100610085139598793
-0.09159374548357711310
-0.09297179010082436135
-0.09075953105525413900
-0.09222877115055633235
-0.08807904182254634728
-0.08637259828850336885
-0.08283994931762779512
-0.07784929894773438830
-0.07655468173754691186
-0.07121202120932949853
-0.06965336148274590966
-0.06456653478854094963
-0.05976918603996203561
-0.05554469804613829109
-0.04679414593943585082
-0.04248910705162432799
-0.03490181249020316012
-0.03018780999493594214
-0.02334009289762566455
-0.01486496410184852922
-0.00952073878457011628
-0.00000501582091352946
0.00485840637878776505
0.01260630501058106201
0.01847544422268809772
0.02266688045248105993
0.03068478901531118685
0.03399133061458901872
0.04088895991502901339
0.04393997263757341842
0.04825714677299327432
0.05341761068797717948
0.05502616233661894452
0.06066977485950696136
0.06198225918812022561
0.06656420677251183304
0.06964859838284127858
0.07081006964398166292
0.07413153803878215486
0.07273570648832085317
0.07591624942805504095
0.07584845192768009670
0.07583505339905839693
0.07585866791093424932
0.07233433111157851203
0.07393231902687495694
0.07173067185582633620
0.07269641783568440985
0.07279220377597500624
0.06885846568769439513
0.06672254040475143755
0.05994694788865910506
0.05731704877623067934
0.05214068551890194136
0.04712619683610250881
0.04308034375550705286
0.03523948605680632395
0.03197617774532531681
0.02522528785874059154
0.02126274913444976128
0.01687777919048102926
0.01013892646724539638
0.00628963258931909686
-0.00333579749611934758
-0.00965235722090363076
-0.01802938749360933485
-0.02575000843234765205
-0.03035158364517119220
-0.03798576748679367843
-0.04144338551846606100
-0.04926508366022076812
-0.05471331161967212670
-0.05902040039645485570
-0.06507301784256742938
-0.06690213627022005560
-0.07261278873053735039
-0.07341828050556654939
-0.07416071097980569959
-0.07485442111326637282
-0.07215430470414370412
-0.07368598941988958873
-0.07029966046179773886
-0.06870275648965218362
-0.06628536600051938843
-0.06224672213745798682
-0.06255694276170729873
-0.05919053411156009747
-0.06056655279874582909
-0.05891156667162027183
-0.05567891824769331810
-0.05472720844730943890
-0.04910520464743609037
-0.04745954149593922811
-0.04303952397652123507
-0.04058837896293167324
-0.03799365976436527848
-0.03167512750162326113
-0.03032647718067507658
-0.02481974366729218159
-0.02201260705489899161
-0.01886551572414123593
-0.01563052344849911665
-0.01607781712884826311
-0.01144465384709556985
-0.01074358093130173449
-0.00682462227470643709
-0.00259094806981327065
-0.00090027053050123116
0.00536248950184254475
0.00822784509172841232
0.01500687976289494241
0.01930721549625940420
0.02224895471684644466
0.02721117089302973330
0.02755128365856879258
0.03300953182422376730
0.03647377358907964023
0.04131974243036636019
0.04820421839025799265
0.05255333675604055566
0.06156345511682059096
0.06672628388928664167
0.07478608389018820413
0.08151023776739958759
0.08579698905936332387
0.09390286854699177177
0.09811629145623472492
0.10693743509808394110
0.11415655288432079162
0.12131035254773762933
0.12985507437727697444
0.12636468008171594657
0.11640367382049630895
0.10649359980358932831
0.09201571853553820735
0.08252946165682645274
0.07046178034018257819
0.05972554479285634155
0.05016503444980299070
0.03640789478060969114
0.02667893095299187292
0.01343950865504949660
0.00362853443702950557
-0.00651058243257536876
-0.01805205892281996211
-0.02516230620229314985
-0.03672302658270793635
-0.04353232269480374755
-0.05068806768779923755
-0.05746797324554822617
-0.06104649900107104316
-0.06939366157374446398
-0.07312478757349842595
-0.07872667449469637757
-0.08270895778458595138
-0.08543685061115235957
-0.09027259539929520515
-0.08985880006112621776
-0.09255218395462656844
-0.09129251238980272409
-0.09187556264076779389
-0.09324834397758832716
-0.09103015282587459400
-0.09249280356606695563
-0.08833583299019194535
-0.08662151311601999637
-0.08308036336998787796
-0.07808060977371968081
-0.07677630274260034693
-0.07142339280624811215
-0.06985394492077064144
-0.06475582307198023135
-0.05994669765636125025
-0.05570998759998918581
-0.04694679772629804793
-0.04262874535869257131
-0.03502809496849387111
-0.03030043758424751099
-0.02343880295521934276
-0.01494953991609892716
-0.00959100242580206500
-0.00006083721563077918
0.00481711690127971468
0.01257958810324673153
0.01846329929621258470
0.02266925753084596956
0.03070159684232973141
0.03402242898228134693
0.04093416810127683408
0.04399906220065946671
0.04832985031151850602
0.05350361508618561857
0.05512511782911910796
0.06078128870364962744
0.06210590500795371005
0.06669951862670912834
0.06979508035487812234
0.07096719026709771838
0.07429874009277166735
0.07291240173691514170
0.07610182857710230675
0.07604227962528818663
0.07603647830543550090
0.07606701790774091088
0.07254892343039742730
0.07415245561156987020
0.07195564949457385062
0.07292552361877424616
0.07302472517560520959
0.06909368605359435256
0.06695974893651873705
0.06018543511283154512
0.05755611635780305546
0.05237964166597675053
0.04736436590031189997
0.04331706151406386485
0.03547410905578742002
0.03220807841372803210
0.02545386355384876564
0.02148741704825355564
0.01709798506251345579
0.01035413925030306652
0.00649935280207102929
-0.00313204336992858792
-0.00945500876027831685
-0.01783885622570353588
-0.02556667025303831220
-0.03017578499911649156
-0.03781781818497542691
-0.04128356521481463259
-0.04911363506223881403
-0.05457044725547724462
-0.05888629620666810394
-0.06494782022384218423
-0.06678595602901750417
-0.07250570838188473421
-0.07332034856232687303
-0.07407194947871380275
-0.07477482020699317833
-0.07208383038074921145
-0.07362457835953210850
-0.07024722791075475870
-0.06865919133905544480
-0.06625053877214358289
-0.06222048023847596976
-0.06253911853661921205
-0.05918094022473600890
-0.06056499030522745353
-0.05891782047819650592
-0.05569276515488680301
-0.05474841263993572571
-0.04913352566089053408
-0.04749472968860943278
-0.04308132837549406846
-0.04063654267322377306
-0.03804792765231856944
-0.03173524149962123758
-0.03039218377070977001
-0.02489078904455102603
-0.02208874437915594319
-0.01894650011121331787
-0.01571611896311643497
-0.01616779157934250533
-0.01153878550008398396
-0.01084165309193619968
-0.00692642971069570151
-0.00269629136694903623
-0.00100896222106669747
0.00525063081092546659
0.00811298888338661713
0.01488918970411619302
0.01918684388513576533
0.02212604878659229016
0.02708586752385710311
0.02742371587175883307
0.03287982373415110349
0.03634204706090093939
0.04118611224115534958
0.04806879901787969311
0.05241623771277068022
0.06142478783182230700
0.06658615717341542783
0.07464461087031792896
0.08136753143748208517
0.08565316922177654280
0.09375805740243538244
0.09797062050538418720
0.10679104072163463079
0.11400958315759020245
0.12116296276216788341
0.12970743372126480875
0.12621696705616661238
0.11625608274107868123
0.10634633606548397899
0.09186900489549058857
0.08238353330600893532
0.07031689092878272429
0.05958196127490452548
0.05002304281850292883
0.03626779465496441507
0.02654104099854327770
0.01330416088903691417
0.00349607931651275353
-0.00663978200262069218
-0.01817762284402971856
-0.02528384347921445313
-0.03684013092151665336
-0.04364457910266283241
-0.05079504840850904146
-0.05756924465175746602
-0.06114161785070810345
-0.06948218217601655200
-0.07320625834117558406
-0.07880064535620147359
-0.08277497699875900616
-0.08549447238954065165
-0.09032137694212501178
-0.08989830934635582860
-0.09258199694669828894
-0.09131222094531916966
-0.09188477183537807624
-0.09324668007246818269
-0.09101726065298994250
-0.09246835449514363703
-0.08829952230874286989
-0.08657306793331885630
-0.08301953992576782682
-0.07800720121392275275
-0.07669013628965130891
-0.07132433734111776058
-0.06974190794825971262
-0.06463075804495467536
-0.05980860067157577065
-0.05555890440323952434
-0.04678282007796565056
-0.04245201766298621615
-0.03483881025306417856
-0.03009884370260002343
-0.02322519813135277833
-0.01472427847646835992
-0.00935448986786640777
0.00018646456569959189
0.00507469505318609154
0.01284687411948055163
0.01873967498660602388
0.02295405087155902302
0.03099408848627376034
0.03432184865870965135
0.04123970166655035324
0.04430984857902080937
0.04864498907376874071
0.05382216391152906676
0.05544610058737142050
0.06110369340612861050
0.06242869235706376141
0.06702162041224814237
0.07011540842350862113
0.07128463530940314097
0.07461218097449093256
0.07322070461187515922
0.07640385651241228537
0.07633689196614355799
0.07632254051798031957
0.07634340111390884587
0.07281451438507363649
0.07440615631931407625
0.07219638723223748000
0.07315225054131686833
0.07323642829161150503
0.06928938672459221404
0.06713851271102165563
0.06034637102270531267
0.05769838651662025086
0.05250246026712740433
0.04746700848764983521
0.04339886358964244184
0.03553447493500604126
0.03224647935578265484
0.02546984611981459659
0.02148060067451130345
0.01706806984834870200
0.01030090290359869307
0.00642265779294163078
-0.00323225355114488758
-0.00957870313526962280
-0.01798592080559003811
-0.02573690229544403282
-0.03036889825509705987
-0.03803343790568640415
-0.04152123418747159789
-0.04937280937608877485
-0.05485050313092421082
-0.05918652651457961822
-0.06526744209614916692
-0.06712410810942380512
-0.07286145919030447005
-0.07369269443914498730
-0.07445982365969386341
-0.07517709140770510723
-0.07249931252340778565
-0.07405202972940079509
-0.07068536146210102622
-0.06910667434159475930
-0.06670600361024740799
-0.06268252445335681378
-0.06300631602141240628
-0.05965184155744480965
-0.06103813423260728149
-0.05939173442574795236
-0.05616597688485502893
-0.05521945081809630229
-0.04960093156865402059
-0.04795705772218716856
-0.04353715768924147633
-0.04108447748514977571
-0.03848660869553916647
-0.03216334600918780567
-0.03080843662244888218
-0.02529396230188084294
-0.02247766800368175555
-0.01932006095456760553
-0.01607327094141886709
-0.01650755400407846740
-0.01186025261883356420
-0.01114399166376405827
-0.00720888782825503983
-0.00295819519562063628
-0.00124972403244107285
0.00503151680108608439
0.00791593932344983146
0.01471453721709708833
0.01903483075348044382
0.02199683303939777707
0.02697951751309263235
0.02734021734424529892
0.03281907529354487207
0.03630386821164426764
0.04117023970944670708
0.04807489573371194480
0.05244388994198327658
0.06147351504145111278
0.06665540990622077777
0.07473378141843815825
0.08147595237101946941
0.08578012477663467250
0.09390278255607713287
0.09813231296719339414
0.10696886043227935015
0.11420266475471098355
0.12137041536530444874
0.12992835373254069120
0.12645043808085132397
0.11650118857257817095
0.10660216058265846450
0.09213464507398676229
0.08265809892772872647
0.07059951745767489850
0.05987180921171239567
0.05031931027877258045
0.03656971620356131575
0.02684789977096376998
0.01361528674527448350
0.00381086035384180059
-0.00632190212800618108
-0.01785713415377006286
-0.02496117332241178793
-0.03651563408757074053
-0.04331854256509991286
-0.05046768242250646713
-0.05724068869565558659
-0.06081193279567335963
-0.06915135750620375610
-0.07287420545893068258
-0.07846720613663159261
-0.08243991826733661210
-0.08515749583936875478
-0.08998211479224103859
-0.08955633562074667708
-0.09223682429154149431
-0.09096331323836165383
-0.09153154210937239355
-0.09288850439247899049
-0.09065347706200253819
-0.09209827806584074128
-0.08792244499633203314
-0.08618827467798566289
-0.08262630926785727303
-0.07760482229430051837
-0.07627791005415041070
-0.07090159425909807467
-0.06930800960736539784
-0.06418511538390993254
-0.05935067574343495800
-0.05508822889752371804
-0.04629899701133668999
-0.04195473994880415808
-0.03432786206334006995
-0.02957411883047176074
-0.02268670075777273060
-0.01417214106342104367
-0.00878897305795397522
0.00076495478985091057
0.00566560860812321924
0.01344950065666144882
0.01935314653620359704
0.02357732692566021082
0.03162596030140944758
0.03496092582392587578
0.04188441830119331299
0.04495845160231277948
0.04929554651097851903
0.05447255505516955532
0.05609402659587182927
0.06174666951477229826
0.06306406091896209209
0.06764654528002535250
0.07072689054318613555
0.07187950935210134229
0.07518713355031837742
0.07377227318514577303
0.07692845025543895709
0.07683079294237570023
0.07678192714547772690
0.07676435154917855830
0.07319303251378973807
0.07473817722035556999
0.07247780555983973638
0.07337892789483210776
0.07340422379970824862
0.06939416609258419744
0.06717618076499934365
0.06031288215395069069
0.05758977889271736650
0.05231486734306423081
0.04719669454308179912
0.04304223592984486590
0.03508812036961714981
0.03170717667086023206
0.02483460307459563199
0.02074666628945552593
0.01623297146370772381
0.00936245779845076669
0.00537900982358041450
-0.00438262350869014945
-0.01083694146700428691
-0.01935279241541684736
-0.02721275631653959082
-0.03195366153157808142
-0.03972658264338965739
-0.04332177418504649935
-0.05127927011574229255
-0.05686092126903566357
-0.06129842289384110354
-0.06747782498230807391
-0.06942944957707584963
-0.07525770255885903814
-0.07617523444534024524
-0.07702351850246545728
-0.07781624707149636944
-0.07520769978860591953
-0.07682287295210031564
-0.07351136084463419373
-0.07197999940714798484
-0.06961832095742227777
-0.06562499608869015733
-0.06596963274370705455
-0.06262622622873280365
-0.06401338085319879800
-0.06235721633560147026
-0.05911069150008364109
-0.05813203266131288655
-0.05246970254336878053
-0.05077004477386522219
-0.04628214839707169015
-0.04374904205678992186
-0.04105816055769098000
-0.03462916773991192576
-0.03315574512448844074
-0.02750993817867794858
-0.02454952480415635574
-0.02123507740428256380
-0.01781886365628220642
-0.01807131189822547279
-0.01323001239922498053
-0.01230787365301833254
-0.00815537347408450998
-0.00367616347175128873
-0.00172853012793531559
0.00480200540491305776
0.00794526387693962437
0.01501161290525398172
0.01960786837219705148
0.02285330647532531761
0.02812608704369257140
0.02878270041843422611
0.03456237244480022536
0.03835193817517814491
0.04352602893962903563
0.05074031888938349000
0.05541976398505267520
0.06475954610118946075
0.07025013290451713466
0.07863455428613441711
0.08567890209670281365
0.09028014989314478433
0.09869350644386978844
0.10320609545722368716
0.11231675911216429387
0.11981445644568618214
0.12723456608019706460
0.13603205068012078072
0.13277956880983940446
0.12304038403745164165
0.11333478387867439163
0.09904284596562774878
0.08972281243740624912
0.07780053011303171562
0.06718776759693249889
0.05772779910168029938
0.04404727675517899899
0.03437011974977357415
0.02115682839993556635
0.01134556183232489877
0.00117901064648962190
-0.01041763281847500090
-0.01761133424138040804
-0.02928421314821270591
-0.03623474665520646371
-0.04356103663670372883
-0.05054097525339248942
-0.05434904938343560615
-0.06295525029065657252
-0.06697471964840472081
-0.07289401435742760837
-0.07722236457992481817
-0.08032452089792367633
-0.08556209469043517257
-0.08557700539326115741
-0.08872511308866054547
-0.08794526785097411814
-0.08903216007829463374
-0.09093165934295914521
-0.08926175144050189914
-0.09129289215410783809
-0.08772309103315407974
-0.08661305148459448600
-0.08369155955306915862
-0.07932507486069015346
-0.07866572210047990954
-0.07396750314900681078
-0.07306038197179291760
-0.06863011042000065343
-0.06449210288088637333
-0.06092752455435564846
-0.05283509252121285082
-0.04918405363201142078
-0.04224417901698946515
-0.03816860007762323120
-0.03194777637926284747
-0.02408553806611405529
-0.01933762317641389908
-0.01039913298747179721
-0.00609127780256775268
0.00112520859152696038
0.00648965535528153205
0.01020556445019688528
0.01777961774592646399
0.02067634194373748485
0.02720060352839991438
0.02991694793654325890
0.03394043346572776093
0.03885028485698408668
0.04025341200575974221
0.04573869415919453590
0.04694184934324615449
0.05146514850064611013
0.05454323899153901145
0.05575217400789062028
0.05917626274122063379
0.05793932993171201778
0.06133613420153318646
0.06154275480869904336
0.06186267737356176272
0.06227895301922076188
0.05920699778777568922
0.06131714092604247102
0.05968741241270857090
0.06128448637943886834
0.06207058743219100172
0.05888537023890549893
0.05755531987242717973
0.05164173172869183231
0.04992867167720713151
0.04572230262898382969
0.04172921649883686024
0.03875403254494293181
0.03203090734123467676
0.02992978835813989852
0.02438288553306114728
0.02166306265523584157
0.01855642787873513708
0.01312800564132749447
0.01061768839667557966
0.00235581446346279887
-0.00257658263768306868
-0.00955323556500234546
-0.01586164036433021507
-0.01904395498604560810
-0.02525658649342528428
-0.02729552994186915799
-0.03370652965718694272
-0.03775754781081359923
-0.04068632361042906487
-0.04538534364831364049
-0.04589125776605591095
-0.05031518311595817999
-0.04987632703869575995
-0.04942309358889365040
-0.04897590153170568866
-0.04519612163786426717
-0.04571558271430766623
-0.04139106795220367369
-0.03893628483933635198
-0.03574798708533806491
-0.03103168589298933855
-0.03076417581563215681
-0.02692618955541611209
-0.02794341481753447043
-0.02604853156572851935
-0.02270141006734614775
-0.02176658476823475213
-0.01629918976828252999
-0.01495154932743190078
-0.01097911730348453789
-0.00913050021307526723
-0.00729912732055023640
-0.00190976288701869847
-0.00166165265100022010
0.00256860879257616963
0.00391816418145050742
0.00542251623782963148
0.00682485048723840103
0.00435151041332914289
0.00676093024836848903
0.00503774293820351791
0.00632809345062676325
0.00772671666981781212
0.00637255837603388324
0.00937941072959366622
0.00877492536228257312
0.01186980511884016577
0.01226925197596736607
0.01109402071134876246
0.01172111772873145503
0.00750982813921967883
0.00819850266551997407
0.00667836253140271542
0.00632309746017017428
0.00779484848813141555
0.00651688443536253652
0.00969390843453850175
0.00881250154595691546
0.01063047341939301650
0.01090427763539214036
0.00855684409120775931
0.00981733668096040381
0.00703072995220589171
0.00860752888315562646
0.00855160256616177734
0.00759561204542618697
0.00684881573400156381
0.00604223247170723211
0.00533587572338575268
0.00462481169054713807
0.00398078063357522154
0.00334955606996519169
0.00277099302628200546
0.00221214057625744413
0.00169791482851479173
0.00120619528934664947
0.00075377287227931648
0.00032474575367739803
-0.00006896921017053039
-0.00043939172503337938
-0.00077773959952867080
-0.00109345364660555651
-0.00137987536800644891
-0.00164464751401799543
-0.00188260944702103666
-0.00210010052096636611
-0.00229305083075031883
-0.00246682410127774428
-0.00261816548526685837
-0.00275168846120055384
-0.00286476032268609231
-0.00296140419656545396
-0.00303947074235893198
-0.00310250923552143724
-0.00314875150707562453
-0.00318135983500330254
-0.00319887042342967276
-0.00320412460019543939
-0.00319590418457785415
-0.00317678064144488043
-0.00314573571311026375
-0.00310511109196502742
-0.00305405236958379307
-0.00299470330675646532
-0.00292634444855078245
-0.00285094715837225753
-0.00276790345802597083
-0.00267903294197361069
-0.00258381976385456749
-0.00248394850109816181
-0.00237897927289779012
-0.00227047528582073263
-0.00215805892486429542
-0.00204318315498437132
-0.00192552085905803457
-0.00180642383208835257
-0.00168560521672122903
-0.00156432301833385272
-0.00144232162974013991
-0.00132077125438819095
-0.00119943953021846099
-0.00107941370291188428
-0.00096047749103089232
-0.00084363909525481270
-0.00072869187342823063
-0.00061656814665731765
-0.00050706511283121910
-0.00040104179372430090
-0.00029829401716176414
-0.00019960964509316433
-0.00010477848274995246
-0.00001451906058051885
0.00007138894935362059
0.00015229471454199076
0.00022843226901195072
0.00029921693505079020
0.00036489948488743610
0.00042495985009952651
0.00047966802512190904
0.00052856692150841434
0.00057194768313748924
0.00060941441833426845
0.00064128078323465892
0.00066721008722605397
0.00068753929239693851
0.00070198865397657685
0.00071091866444880484
0.00071410397485499101
0.00071192826894614912
0.00070421772516562051
0.00069137832826214108
0.00067328458534832007
0.00065036336056156622
0.00062253396007526233
0.00059024220197535630
0.00055344834145046860
0.00051261475653801279
0.00046773850183186153
0.00041929569561081751
0.00036731577328231167
0.00031228539792513819
0.00025426173760083868
0.00019373848549052706
0.00013079571180136932
0.00006593036799902433
-0.00000075953255255514
-0.00006877774223931917
-0.00013801333275618457
-0.00020797484245253252
-0.00027854346224003164
-0.00034923664586700306
-0.00041993267765826916
-0.00049016202985962556
-0.00055980492737262174
-0.00062840886437452183
-0.00069586065968949506
-0.00076172866155291090
-0.00082591067717758724
-0.00088799950104799844
-0.00094790800239622614
-0.00100525670987614934
-0.00105997724999675781
-0.00111172081038868396
-0.00116044103981081319
-0.00120582229431115732
-0.00124784303438544935
-0.00128622283387598026
-0.00132096724146580301
-0.00135183260178385763
-0.00137885328599261585
-0.00140182343882847157
-0.00142080742597622766
-0.00143563768015345593
-0.00144640916071799518
-0.00145299252682561260
-0.00145551335679236656
-0.00145387992718994260
-0.00144824789543852319
-0.00143856201077849507
-0.00142500692299890055
-0.00140756219482878072
-0.00138643986224609868
-0.00136165215822242765
-0.00133343641538053738
-0.00130183494843070526
-0.00126710785775478881
-0.00122932455249728247
-0.00118876498368450530
-0.00114552232196366162
-0.00109989312087838977
-0.00105199069285558263
-0.00100212467704044960
-0.00095042468446970298
-0.00089720972023152128
-0.00084262169398059152
-0.00078698512296541414
-0.00073045012727197627
-0.00067334281830681310
-0.00061581741953244617
-0.00055819772418315406
-0.00050063800190067675
-0.00044345588968305242
-0.00038680176286298219
-0.00033098340445665976
-0.00027614353546663562
-0.00022257658983003566
-0.00017041411418491545
-0.00011993395845535568
-0.00007125326910411233
-0.00002463038898510030
0.00001983481917523983
0.00006190608572004806
0.00010150333194883774
0.00013841453292219434
0.00017258147761053792
0.00020381813297059279
0.00023208979740470107
0.00025723773120858565
0.00027925192530643531
0.00029800177621756006
0.00031350268361977755
0.00032565256039235866
0.00033449246472980047
0.00033994874759239583
0.00034208791776066936
0.00034086424016225984
0.00033636902534819727
0.00032858350266346870
0.00031762271906670054
0.00030349352097351471
0.00028633324106541931
0.00026617263185797269
0.00024316951309610716
0.00021737650868654452
0.00018896982140065494
0.00015802163276944074
0.00012472416606866391
0.00008916661611177976
0.00005155465583672769
0.00001199176966200908
-0.00002930564659802347
-0.00007222266901241669
-0.00011653500811599471
-0.00016211922345600919
-0.00020874601002803905
-0.00025628635370193221
-0.00030450880838074905
-0.00035328169741535647
-0.00040237425385567633
-0.00045165496894473164
-0.00050089647331437860
-0.00054997013007877945
-0.00059865454028213186
-0.00064682647494882449
-0.00069427289350621423
-0.00074087830635190060
-0.00078644020033026021
-0.00083085292090306364
-0.00087392640403379115
-0.00091556666485141116
-0.00095559774046662951
-0.00099393887005330152
-0.00103042955816207301
-0.00106500352936440986
-0.00109751682651454559
-0.00112791862146286045
-0.00115608226742033317
-0.00118197304570878139
-0.00120548209587823820
-0.00122659117698096522
-0.00124520940335722126
-0.00126133509745990509
-0.00127489526323862497
-0.00128590460606820846
-0.00129430767940565974
-0.00130013514586021519
-0.00130334853625757737
-0.00130399382430609347
-0.00130204874036816422
-0.00129757373050607013
-0.00129056177012498870
-0.00128108677640912934
-0.00126915586956170465
-0.00125485530575687970
-0.00123820513596517557
-0.00121930272454391100
-0.00119817975760722214
-0.00117494341026069273
-0.00114963565816595683
-0.00112237215419848531
-0.00109320379828502039
-0.00106225338193720472
-0.00102957937262702372
-0.00099531038223833897
-0.00095951112321402006
-0.00092231475449210966
-0.00088379096743596160
-0.00084407626030264123
-0.00080324411258463914
-0.00076143323651908941
-0.00071871979895808138
-0.00067524369589484919
-0.00063108278137355574
-0.00058637720850729532
-0.00054120562526640561
-0.00049570762303350626
-0.00044996185940100199
-0.00040410665296063283
-0.00035821999354380420
-0.00031243831970889104
-0.00026683837718703154
-0.00022155421343853800
-0.00017666084545460924
-0.00013228950382144166
-0.00008851307150009049
-0.00004545960808284718
-0.00000319952174797160
0.00003814259716581150
0.00007849910813824607
0.00011774914980390940
0.00015582811214633692
0.00019261910211732772
0.00022806079136064518
0.00026204049241707419
0.00029450041618285538
0.00032533233372374092
0.00035448227642354024
0.00038184675894974347
0.00040737595366449803
0.00043097145061371371
0.00045258793626911363
0.00047213246656863995
0.00048956467844992802
0.00050479755197435487
0.00051779618141792176
0.00052848000238851626
0.00053682014748567528
0.00054274311409647905
0.00054622672784612595
0.00054720522646454204
0.00054566385245301816
0.00054154532808182846
0.00053484309692543850
0.00052550916471288110
0.00051354600766662637
0.00049891575361451211
0.00048163077343573433
0.00046166417658955448
0.00043903910045370157
0.00041374049426136220
0.00038580311974247537
0.00035522459741465910
0.00032205213073144821
0.00028629678877018839
0.00024801896507617980
0.00020724387105372001
0.00016404573988902508
0.00011846450539708940
0.00007058876082388318
0.00002047359854555363
-0.00003177766680043602
-0.00008609452151884362
-0.00014235875605957669
-0.00020048437382460703
-0.00026033831124629646
-0.00032181925363832810
-0.00038477956234159671
-0.00044910301760495651
-0.00051462794242636083
-0.00058122389081398189
-0.00064871595718829305
-0.00071696042657788130
-0.00078577025751330200
-0.00085498970877921090
-0.00092442098265132513
-0.00099389784078703232
-0.00106321339346449203
-0.00113219271508144411
-0.00120062176378714510
-0.00126831900490994589
-0.00133506544406744739
-0.00140067526469801209
-0.00146492695643227352
-0.00152763297080159440
-0.00158857192540005367
-0.00164755727982620281
-0.00170437059499744191
-0.00175882922949380043
-0.00181072063235104635
-0.00185986905825270984
-0.00190607087126417967
-0.00194916027580344250
-0.00198894560812139416
-0.00202527407870633884
-0.00205796902790115858
-0.00208689367439204680
-0.00211188931120933829
-0.00213283805424370650
-0.00214960195502845140
-0.00216208474283622124
-0.00217017183110351612
-0.00217379104660240380
-0.00217285350715511021
-0.00216731333165333037
-0.00215710936782528926
-0.00214222387749219735
-0.00212262509458821524
-0.00209832488099000354
-0.00206932209674098172
-0.00203565922305124110
-0.00199736652872278819
-0.00195451765846911714
-0.00190717458185231544
-0.00185544214688521786
-0.00179941380034061445
-0.00173922510863640744
-0.00167500024112209891
-0.00160690446246731177
-0.00153509137342548881
-0.00145975438129757550
-0.00138107469566819420
-0.00129927178594757705
-0.00121455213261523350
-0.00112715868329775633
-0.00103732036308159538
-0.00094530054300232826
-0.00085134731594414272
-0.00075574099373566946
-0.00065874515797766250
