0.03125000000000000000
0.03515625000000000000
0.03906250000000000000
0.04296875000000000000
0.04687500000000000000
0.05078125000000000000
0.05468750000000000000
0.05859375000000000000
0.06250000000000000000
0.06640625000000000000
0.07031250000000000000
0.07421875000000000000
0.07812500000000000000
0.08203125000000000000
0.08593750000000000000
0.08984375000000000000
0.09375000000000000000
0.09765625000000000000
0.10156250000000000000
0.10546875000000000000
0.10937500000000000000
0.11328125000000000000
0.11718750000000000000
0.12109375000000000000
0.12500000000000000000
0.12890625000000000000
0.13281250000000000000
0.13671875000000000000
0.14062500000000000000
0.14453125000000000000
0.14843750000000000000
0.15234375000000000000
0.15625000000000000000
0.16015625000000000000
0.16406250000000000000
0.16796875000000000000
0.17187500000000000000
0.17578125000000000000
0.17968750000000000000
0.18359375000000000000
0.19531250000000000000
0.20703125000000000000
0.21875000000000000000
0.23046875000000000000
0.24218750000000000000
0.25390625000000000000
0.27343750000000000000
0.29296875000000000000
0.31250000000000000000
0.33984375000000000000
0.36718750000000000000
0.39453125000000000000
0.42187500000000000000
0.44921875000000000000
0.47656250000000000000
