-0.01154618332207127916
-0.01302849606126983001
-0.00591863935807447356
-0.00176592417661504257
-0.00274895153378373631
-0.00175756249545529599
-0.00431765108412091557
-0.00355588151130067876
-0.00306834969896570709
-0.00428531548380045851
-0.00211677090163693961
-0.00353691666111179311
-0.00230222162601420458
-0.00277296804506377628
-0.00287994767056358588
-0.00116559498310133585
-0.00288626034980052695
-0.00126918257336525175
-0.00267654252549938323
-0.00276493947345840367
-0.00182924341080653390
-0.00364828578698169967
-0.00107494688942994594
-0.00219961835025988400
-0.00077909196082283816
-0.00058853099125456571
-0.00176238382682704451
0.00006144044081145299
-0.00249727516498985920
-0.00038984357097805532
-0.00114589408270009347
-0.00111205094196144163
0.00065904915273846390
-0.00102383632441570781
0.00100639891052194141
-0.00089146672777542547
0.00014648337029415725
0.00040710264039229156
-0.00111529614616053354
0.00098807374496403611
-0.00171157804679205293
0.00022918442751368472
-0.00037952211754612586
-0.00069344408788623376
0.00089436442877943614
-0.00130498667392600870
0.00102798485515823005
-0.00083778044557555474
0.00011947683890458038
0.00065580677387215179
-0.00053624604159584958
0.00173663686641790244
-0.00082158256997512478
0.00109861439362225885
0.00024552066348653762
0.00007832671622962171
0.00143386470288909672
-0.00087174754624107643
0.00170210854101270916
-0.00031040928403741950
0.00066808789418745232
0.00094524714788731781
-0.00029106986092764474
0.00200048179942938741
-0.00055100962181147610
0.00151898178477321297
0.00052893899051459402
0.00048886452446357553
0.00216228213777473624
-0.00017626309850689233
0.00232448050471710478
0.00021885440969187238
0.00107652021165166047
0.00138007646562704218
-0.00042140592221284989
0.00210987169170491051
-0.00020476721512252452
0.00178270319408192681
0.00105547665020945384
0.00041053898517540312
0.00247670889760673914
-0.00028665432905933188
0.00199633085819814551
0.00024014278382416540
0.00097577576225825165
0.00166062786894504810
-0.00039350441197918311
0.00250474049284677954
0.00020475411464957453
0.00200886804805240670
0.00101996421911949354
0.00010776265632546085
0.00204310651356516245
-0.00063290051500998956
0.00177651273082633310
0.00017151338748544297
0.00094497502643245542
0.00213146758593546525
-0.00000056596407244799
0.00229399862794310485
-0.00043113561225802219
0.00124662827443181240
0.00133528399147311697
0.00022108398753350000
0.00253273597756496121
-0.00013960427882827551
0.00183198384370570570
0.00018342911300122251
0.00027361962581203442
0.00230516841373045421
0.00020637133108580754
0.00299792125674324663
0.00091710783892850860
0.00139212321958528712
0.00183188924612705337
-0.00005973022861028589
0.00260169234635359127
0.00001701104646252013
0.00176842010307406202
0.00147762421797480257
0.00039670415912227986
0.00240546590163576201
-0.00054751668396692287
0.00196611580579749432
0.00092632437462617152
0.00107754587369494068
0.00270872874239719763
0.00000414087055146324
0.00211816859319159667
-0.00020151990515793840
0.00069833594870686330
0.00136634800792264917
-0.00036589430514000150
0.00217816208593025811
-0.00057066242048612898
0.00122348317604400168
0.00073395400367449667
-0.00034309166460636317
0.00189402675183218336
-0.00125880266183433565
0.00122712289383593558
0.00013877071562832778
0.00037158810937040179
0.00218471352694605625
0.00002634088920049657
0.00263883086031335397
0.00017714285457446391
0.00125056506835758254
0.00149166088806518943
-0.00023362325287488620
0.00212738738383662709
-0.00082026472757727189
0.00142729587834107617
0.00069595131320406120
0.00014824571820823299
0.00194151917128499839
-0.00083879054122660396
0.00190115446489297281
0.00032884973667951799
0.00102851342773707275
0.00198372115878142196
-0.00474255843997835672
-0.00509206527730942434
-0.00255225903809015503
-0.00316953727463410587
-0.00190167546473680288
-0.00442479528085879415
-0.00368232717843446555
-0.00320358670569457224
-0.00442034073792571189
-0.00225024879489095888
-0.00366945965312992072
-0.00243414599436394706
-0.00290429691920529110
-0.00301065559592663713
-0.00129567494847336248
-0.00301571568781723327
-0.00139801745057509361
-0.00280476020285103664
-0.00289254286005983683
-0.00195623540540900993
-0.00377466931194743926
-0.00120072486305818787
-0.00232479367553209372
-0.00090366752536411975
-0.00071250966860074145
-0.00188576847683331991
-0.00006135302805882604
-0.00261948028529554846
-0.00051146316171453020
-0.00126693094935425047
-0.00123250787657782062
0.00053916937149278178
-0.00114314171764440709
0.00088766515320652857
-0.00100963158809492691
0.00002888468117626580
0.00029006740974209174
-0.00123177061807925627
0.00087215734497591668
-0.00182693904877695803
0.00011437616241638445
-0.00049378029412105204
-0.00080715481161473010
0.00078119853484991597
-0.00141761034853602288
0.00091590080189601648
-0.00094932746301383737
0.00000846428415455163
0.00054532612100353971
-0.00064619734112012026
0.00162721238391187544
-0.00093048275963653689
0.00099023598472607575
0.00013766153531248956
-0.00002901561928675926
0.00132703668388714372
-0.00097806371300773092
0.00159630177400949046
-0.00041570909199837230
0.00056329261624198535
0.00084095398256891444
-0.00039486331942480997
0.00189718565347473181
-0.00065381083803048063
0.00141667312689990011
0.00042712053095921438
0.00038753391450612964
0.00206143703994880268
-0.00027662501046807434
0.00222459946349991017
0.00011945193519049456
0.00097759401087737369
0.00128162425657767022
-0.00051938641060557313
0.00201236066378208955
-0.00030181103193280284
0.00168612434980432678
0.00095936055061052487
0.00031488341307560320
0.00238151164644984916
-0.00038139545525711323
0.00190204367149743618
0.00014630736162984335
0.00088238994000081105
0.00156768949242622776
-0.00048599748663608874
0.00241269058644718194
0.00011314525312556292
0.00191769811819615774
0.00092923111784833871
0.00001746429063337031
0.00195324080047446945
-0.00072233564849664218
0.00168750611387885260
0.00008293323389716795
0.00085681929286096051
0.00204373423882872433
-0.00008787894852296387
0.00220710399203709285
-0.00051761390408090377
0.00116056433183479727
0.00124963241280279854
0.00013584279700300532
0.00244790320885413882
-0.00022403058261822006
0.00174796205731406716
0.00009980990581661314
0.00019040106892976395
0.00222234858748792232
0.00012394832501821923
0.00291589316953954616
0.00083547277838752292
0.00131087930257206661
0.00175103459852944286
-0.00014019747192488426
0.00252161065112594318
-0.00006268694798052373
0.00168910397096438047
0.00139868811855593323
0.00031814627151816619
0.00232728441369482860
-0.00062532357571356786
0.00188868171541732815
0.00084926129938435219
0.00100085203592181348
0.00263240237294057192
-0.00007181979126419239
0.00204257188677742013
-0.00027675440001450328
0.00062346192991943948
0.00129183273803125669
-0.00044005254503295195
0.00210435916537402880
-0.00064411172417094950
0.00115038579492241378
0.00066120685892601572
-0.00041549025109270270
0.00182197505353746026
-0.00133050913400604553
0.00115575999368221606
0.00006774974131300114
0.00030090742260132047
0.00211437149728072992
-0.00004366410599151383
0.00256916128473883747
0.00010780709149898630
0.00118156151836297735
0.00142298795939669372
-0.00030196714434535115
0.00205937095302624997
-0.00088795526671173251
0.00135992966941593887
0.00062890788050321477
0.00008152351519235743
0.00187511665882480962
-0.00090487489488585504
0.00183538674561910926
0.00026339713467952308
0.00096337443316846997
0.00191889426903594108
-0.00480707472030943595
-0.00515627243646977779
-0.00261615855719272419
-0.00323313062769528580
-0.00196496411871043561
-0.00448778069567000188
-0.00374501080701333897
-0.00326596999400967846
-0.00448242512501745381
-0.00231203571290476825
-0.00373095052734929251
-0.00249534224324332154
-0.00296519995440277379
-0.00307126682233655997
-0.00135599576425869412
-0.00307574748444182930
-0.00145776161283579981
-0.00286421810890962825
-0.00295171588147480346
-0.00201512490716720819
-0.00383327665249557021
-0.00125905139433413866
-0.00238284074299611884
-0.00096143646802987958
-0.00077000181906619093
-0.00194298516131144938
-0.00011829556640825150
-0.00267614999105095794
-0.00056786134211698884
-0.00132305890538134976
-0.00128836690297368908
0.00048357798618760755
-0.00119846674422555317
0.00083260520912703442
-0.00106442771978029651
-0.00002564890213695479
0.00023579511683543864
-0.00128578287251755047
0.00081840388306626821
-0.00188043495812791929
0.00006113657159530493
-0.00054676479452837423
-0.00085988544384006226
0.00072872055443096813
-0.00146983688769609087
0.00086392449924749975
-0.00100105472812574365
-0.00004301513665095675
0.00049409335699142029
-0.00069718463016204711
0.00157646939367949140
-0.00098098262158461129
0.00093997808614549542
0.00008764444076413055
-0.00007879306358336851
0.00127749774158999845
-0.00102736529605600103
0.00154723641293484453
-0.00046453936292554127
0.00051469630905913986
0.00079259051812424915
-0.00044299505676628623
0.00184928453294687118
-0.00070148244671449657
0.00136922993038427572
0.00037990465220547666
0.00034054426435147541
0.00201467253444900926
-0.00032316545006365603
0.00217828201622657924
0.00007335641180138093
0.00093171934805372182
0.00123596939609547647
-0.00056482252189997526
0.00196714225356785927
-0.00034681278415261361
0.00164133821749099071
0.00091478900508957942
0.00027052542618299089
0.00233736619494782352
-0.00042532938970358880
0.00185832024065069133
0.00010279342578284665
0.00083908449538615216
0.00152459154008591441
-0.00052888894087367252
0.00237000464090415114
0.00007066383160952489
0.00187542024075745871
0.00088715580923262138
-0.00002440941974092038
0.00191156772241046270
-0.00076380905555337880
0.00164623142113232927
0.00004185630334768801
0.00081593917695727577
0.00200304999455965449
-0.00012836825965028756
0.00216680868005530991
-0.00055771614643823327
0.00112065423403451335
0.00120991353892448920
0.00009631423082269569
0.00240856403853782070
-0.00026318126453561951
0.00170899896067850765
0.00006103349567298128
0.00015181045079457989
0.00218394287116350366
0.00008572662457215137
0.00287785460328423724
0.00079761646885987141
0.00127320437651321666
0.00171354018686464328
-0.00017751223410632564
0.00248447467766127125
-0.00009964498937076828
0.00165232300911070701
0.00136208338778580026
0.00028171692744379293
0.00229102961597420262
-0.00066140466339606875
0.00185277350546442406
0.00081352513884041123
0.00096528710043499019
0.00259700784210879386
-0.00010704473391215039
0.00200751571975407023
-0.00031164260007918919
0.00058874089202209001
0.00125727806136596821
-0.00047444165756388364
0.00207013482369893887
-0.00067817208446782390
0.00111648863030880678
0.00062747210806527918
-0.00044906336638445178
0.00178856279935938321
-0.00136376129781506710
0.00112266715319055306
0.00003481546076222422
0.00026813094227257675
0.00208175206109525871
-0.00007612725048982593
0.00253685368307686541
0.00007565428741055622
0.00114956277015611859
0.00139114252893315308
-0.00033365999166713630
0.00202782995776440303
-0.00091934513749257680
0.00132869019902326184
0.00059781808987526127
0.00005058268715845495
0.00184432407965051518
-0.00093551993551522182
0.00180488853662336655
0.00023304505379317491
0.00093316778023812773
0.00188883234726290919
-0.00483699260438523633
-0.00518604697298580362
-0.00264579043297972919
-0.00326262052629316523
-0.00199431272038399316
-0.00451698867742465152
-0.00377407884261070359
-0.00329489875398314598
-0.00451121527668763619
-0.00234068792039490541
-0.00375946545160056643
-0.00252372054203009802
-0.00299344228234778211
-0.00309937383092599413
-0.00138396810185723832
-0.00310358579630761085
-0.00148546654113527999
-0.00289179029273241165
-0.00297915595684838247
-0.00204243350707163486
-0.00386045440687806220
-0.00128609893012359647
-0.00240975868411759863
-0.00098822543541898593
-0.00079666243068339830
-0.00196951803215635653
-0.00014470130853376680
-0.00270242921357742106
-0.00059401465124621832
-0.00134908690441063253
-0.00131427019230969137
0.00045779880901498753
-0.00122412240390170398
0.00080707247512970819
-0.00108983811708082820
-0.00005093754890069191
0.00021062763725700201
-0.00131082976546712904
0.00079347699897076504
-0.00190524240837579859
0.00003644798294366228
-0.00057133509109329899
-0.00088433801509905886
0.00070438514441276460
-0.00149405569783599363
0.00083982173031309920
-0.00102504201185063429
-0.00006688748849834866
0.00047033538634073149
-0.00072082876765831383
0.00155293854392123858
-0.00100440072640796928
0.00091667218605468153
0.00006445020779181709
-0.00010187616447531763
0.00125452524030384089
-0.00105022772765965750
0.00152448352362945521
-0.00048718323479000864
0.00049216093229303656
0.00077016311661668585
-0.00046531500036439021
0.00182707153238795424
-0.00072358901663756477
0.00134722928114882940
0.00035800941615277230
0.00031875393640827949
0.00199298661196207648
-0.00034474746733917356
0.00215680340631448563
0.00005198071379009162
0.00091044606885456081
0.00121479804498233600
-0.00058589243330195418
0.00194617329584216613
-0.00036768127190812380
0.00162056971831717254
0.00089412001541547140
0.00024995546922206886
0.00231689479619802364
-0.00044570270247082003
0.00183804454390009862
0.00008261487733474067
0.00081900262976737073
0.00150460589405354821
-0.00054877882834296603
0.00235021005318352067
0.00005096408702149523
0.00185581488487378179
0.00086764438980238253
-0.00004382735280173533
0.00189224282779157371
-0.00078304135751165326
0.00162709126818925964
0.00002280785790008101
0.00079698199960087255
0.00198418364799554268
-0.00014714421062576196
0.00214812269155004220
-0.00057631260351649637
0.00110214687940533677
0.00119149485982187079
0.00007798380236965466
0.00239032143789311580
-0.00028133645818724458
0.00169093075522098839
0.00004305186161721221
0.00013391497334521249
0.00216613313751262476
0.00006800222388976112
0.00286021512670877427
0.00078006150948877980
0.00125573352939356174
0.00169615304898376620
-0.00019481606383010085
0.00246725375693464819
-0.00011678339834766369
0.00163526671653947361
0.00134510881817039908
0.00026482368921955634
0.00227421731945259614
-0.00067813640603644164
0.00183612193074208282
0.00079695334792219213
0.00094879471104741516
0.00258059447380999804
-0.00012337945974119987
0.00199125925958983964
-0.00032782116957811664
0.00057263983998571012
0.00124125415537753030
-0.00049038878713940099
0.00205426410267237894
-0.00069396676304682046
0.00110076962983010639
0.00061182842308532982
-0.00046463209672983891
0.00177306866451340138
-0.00137918119457605031
0.00110732113881266522
0.00001954297476982621
0.00025293163236419521
0.00206662557665742699
-0.00009118125839065880
0.00252187180445134990
0.00006074419246253462
0.00113472411494365500
0.00137637497116226267
-0.00034835679265038237
0.00201320357454706994
-0.00093390144034135084
0.00131420364076228818
0.00058340094203017780
0.00003623461715849223
0.00183004475651837124
-0.00094973084117101498
0.00179074572063069384
0.00021897000122106321
0.00091916016640716477
0.00187489184904934261
-0.00485086630855695571
-0.00519985420315043252
-0.00265953150763862962
-0.00327629576242163953
-0.00200792243343859847
-0.00453053318135047001
-0.00378755844984860314
-0.00330831377547696629
-0.00452456602189137570
-0.00235397469727985148
-0.00377268856666240727
-0.00253688030029598603
-0.00300653898738337385
-0.00311240778484244991
-0.00139693960531819122
-0.00311649514853610870
-0.00149831403992067868
-0.00290457623443725636
-0.00299188063641523229
-0.00205509721802986942
-0.00387305744135065140
-0.00129864157883384989
-0.00242224123639585938
-0.00100064817920930910
-0.00080902565255019454
-0.00198182201729099963
-0.00015694634076117518
-0.00271461557536260487
-0.00060614262370079441
-0.00136115676729930382
-0.00132628222405671114
0.00044584433131940213
-0.00123601960330843195
0.00079523227957053826
-0.00110162158191878887
-0.00006266455483514472
0.00019895681971073600
-0.00132244466384439144
0.00078191775183324998
-0.00191674627091907622
0.00002499923962671061
-0.00058272897928036082
-0.00089567731098728486
0.00069310017925163859
-0.00150528659258846744
0.00082864464689811051
-0.00103616554175799862
-0.00007795772149259242
0.00045931819489454230
-0.00073179317169796759
0.00154202667436428614
-0.00101526031319420129
0.00090586463153323276
0.00005369443622948062
-0.00011258040118969950
0.00124387229151504781
-0.00106082963426213078
0.00151393241465145874
-0.00049768378953358398
0.00048171068955999455
0.00075976294483087541
-0.00047566534111124803
0.00181677078392125744
-0.00073384041043891108
0.00133702700553652324
0.00034785602338624212
0.00030864919227187402
0.00198293028336235955
-0.00035475561237880267
0.00214684321396982911
0.00004206824438145233
0.00090058109372384088
0.00120498033656702406
-0.00059566310147403357
0.00193644944252625460
-0.00037735853467502068
0.00161093882286687589
0.00088453526511894859
0.00024041664298095702
0.00230740167397332219
-0.00045515033966382173
0.00182864217380332081
0.00007325755744291889
0.00080969014422844414
0.00149533802804968272
-0.00055800228860033454
0.00234103078590842343
0.00004182880098387731
0.00184672336934339656
0.00085859643505867126
-0.00005283195547448483
0.00188328136947410658
-0.00079195987819427344
0.00161821547941152447
0.00001397459628299530
0.00078819106138120539
0.00197543483038636848
-0.00015585110943974214
0.00213945751068292693
-0.00058493626632273674
0.00109356453573170856
0.00118295363730573102
0.00006948350398444872
0.00238186186755631659
-0.00028975549561866025
0.00168255205648693506
0.00003471330830302164
0.00012561637309944869
0.00215787429890547736
0.00005978295640863017
0.00285203524075387663
0.00077192081636877222
0.00124763184132119405
0.00168809017907154508
-0.00020284030157422656
0.00245926796625772640
-0.00012473092617138690
0.00162735726823758065
0.00133723726693737673
0.00025698985347664120
0.00226642101849103663
-0.00068589535205955377
0.00182840016067620193
0.00078926857568989081
0.00094114675937849793
0.00257298316628363404
-0.00013095429870054040
0.00198372071446323772
-0.00033532359476904971
0.00056517336166658121
0.00123382345169555357
-0.00049778388759363803
0.00204690443485775354
-0.00070129116799261086
0.00109348031879580808
0.00060457403781471759
-0.00047185172357891322
0.00176588362954551380
-0.00138633180340514686
0.00110020479117409805
0.00001246072416385529
0.00024588331541942535
0.00205961103078523573
-0.00009816219499987017
0.00251492431607080926
0.00005382999204792696
0.00112784304300012289
0.00136952686895914643
-0.00035517208308320802
0.00200642093867130526
-0.00094065157812001760
0.00130748584537041142
0.00057671533406084951
0.00002958104238996127
0.00182342306146781848
-0.00095632080925101481
0.00178418732750568925
0.00021244303176386035
0.00091266447005544107
0.00186842727596217518
-0.00485729990750254515
-0.00520625697636292132
-0.00266590360281541853
-0.00328263732655245102
-0.00201423361280887682
-0.00453681412154475095
-0.00379380929575387103
-0.00331453467128600731
-0.00453075711110608684
-0.00236013612271456169
-0.00377882047044717168
-0.00254298282387986196
-0.00301261227153768211
-0.00311845196966402871
-0.00140295483023261908
-0.00312248155230092361
-0.00150427176062858698
-0.00291050540951930505
-0.00299778140264398904
-0.00206096971152257497
-0.00387890179757235812
-0.00130445793260054537
-0.00242802972187758110
-0.00100640892993323532
-0.00081475880140372534
-0.00198752769652482371
-0.00016262468199232057
-0.00272026670957747170
-0.00061176668125817891
-0.00136675387793340855
-0.00133185251688013148
0.00044030072781269322
-0.00124153664537673784
0.00078974167167503943
-0.00110708588229730255
-0.00006810267374563790
0.00019354475682324251
-0.00132783079555285179
0.00077655742705803020
-0.00192208091241154199
0.00001969015835896775
-0.00058801262279179487
-0.00090093563862403436
0.00068786704619192961
-0.00151049465178759918
0.00082346154142149070
-0.00104132381307454674
-0.00008309127763864258
0.00045420923549954073
-0.00073687765219397996
0.00153696655547987723
-0.00102029618719242689
0.00090085288625504412
0.00004870670406177815
-0.00011754423530253763
0.00123893224095272510
-0.00106574601522965609
0.00150903958986901734
-0.00050255317099726755
0.00047686463908952915
0.00075494011356627895
-0.00048046506442171207
0.00181199405784623988
-0.00073859424946667428
0.00133229594389577257
0.00034314762999768518
0.00030396335852359799
0.00197826690116285073
-0.00035939665060315257
0.00214222441266245442
0.00003747157344582459
0.00089600644712523091
0.00120042760877875116
-0.00060019401547303113
0.00193194023779866405
-0.00038184613414828946
0.00160647272512922778
0.00088009056609421538
0.00023599324014005610
0.00230299946527842345
-0.00045953145576164918
0.00182428204924019264
0.00006891832383634544
0.00080537170148218813
0.00149104027654710413
-0.00056227944799857742
0.00233677411995018977
0.00003759253027406194
0.00184250739616088292
0.00085440066215055699
-0.00005700762489512597
0.00187912570721775500
-0.00079609562914800098
0.00161409954435806418
0.00000987838218455278
0.00078411447374745016
0.00197137777517970717
-0.00015988872580633480
0.00213543924001778932
-0.00058893528397877372
0.00108958467883654014
0.00117899284936519647
0.00006554169363218919
0.00237793894386374412
-0.00029365962314446169
0.00167866663506857248
0.00003084650336427475
0.00012176809544193204
0.00215404445975818934
0.00005597146742590190
0.00284824201401333863
0.00076814576436932025
0.00124387487698097553
0.00168435121572594769
-0.00020656135017457238
0.00245556474656651513
-0.00012841640237830934
0.00162368945049940340
0.00133358702305974141
0.00025335709925673473
0.00226280567012949151
-0.00068949337796059187
0.00182481937423740657
0.00078570494611275099
0.00093760020445819324
0.00256945360420921800
-0.00013446694934802730
0.00198022489421383020
-0.00033880266526099069
0.00056171096067787253
0.00123037764034037008
-0.00050121318880231550
0.00204349156468941083
-0.00070468768584776233
0.00109010007490391758
0.00060120998991155909
-0.00047519965309426594
0.00176255174118885791
-0.00138964772746218244
0.00109690475492586455
0.00000917649960010294
0.00024261482678057282
0.00205635820267469288
-0.00010139943761744064
0.00251170258427039573
0.00005062369674665594
0.00112465211023606146
0.00136635122512474287
-0.00035833251124282639
0.00200327565328259219
-0.00094378179329239714
0.00130437062820742966
0.00057361504304629914
0.00002649560600718933
0.00182035240854283380
-0.00095937674955118312
0.00178114602933675432
0.00020941630557033583
0.00090965224601764609
0.00186542948459496013
-0.00486028333535140026
-0.00520922610951430731
-0.00266885850976047133
-0.00328557807545414504
-0.00201716027150359222
-0.00453972675754383929
-0.00379670797624521474
-0.00331741946313556012
-0.00453362808085942814
-0.00236299333659842781
-0.00378166399437098030
-0.00254581272343723302
-0.00301542861200795572
-0.00312125481601376259
-0.00140574424711710109
-0.00312525760406564927
-0.00150703451131074719
-0.00291325492284926673
-0.00300051774204676503
-0.00206369294011928125
-0.00388161197818167767
-0.00130715512774017364
-0.00243071399376566712
-0.00100908034048982024
-0.00081741741225216618
-0.00199017356899321932
-0.00016525787711492234
-0.00272288728809609538
-0.00061437470362360361
-0.00136934940430677226
-0.00133443560713431757
0.00043773001409167775
-0.00124409504186509512
0.00078719553340295882
-0.00110961982108671734
-0.00007062447150458568
0.00019103504192263023
-0.00133032848548853607
0.00077407170447125464
-0.00192455472498936691
0.00001722819872487026
-0.00059046278627396882
-0.00090337406247397779
0.00068544030572533399
-0.00151290976485022309
0.00082105800005167952
-0.00104371583819577295
-0.00008547184168985583
0.00045184007760414952
-0.00073923545858462598
0.00153462004620475096
-0.00102263145348065968
0.00089852880908443096
0.00004639376239761801
-0.00011984609481454381
0.00123664141049421557
-0.00106802586947891010
0.00150677065923797253
-0.00050481123034916572
0.00047461739892848962
0.00075270364075738548
-0.00048269082146879325
0.00180977896521782424
-0.00074079872877356838
0.00133010202705808244
0.00034096422502053462
0.00030179041504080589
0.00197610436904955894
-0.00036154882123163554
0.00214008255387310598
0.00003533997708780537
0.00089388506402746722
0.00119831639000576493
-0.00060229511862224948
0.00192984920180554946
-0.00038392715122073824
0.00160440167897311849
0.00087802944308012728
0.00023394199272257471
0.00230095804613994221
-0.00046156309371202058
0.00182226014561266973
0.00006690610789095907
0.00080336912680169757
0.00148904729693667237
-0.00056426287851245142
0.00233480019277964787
0.00003562806091284731
0.00184055233929316113
0.00085245497267761867
-0.00005894399185590713
0.00187719861810155568
-0.00079801348487317631
0.00161219087778334850
0.00000797886073170619
0.00078222405359883672
0.00196949641272763923
-0.00016176107396060377
0.00213357586297051012
-0.00059078973290292843
0.00108773911525759698
0.00117715612855851491
0.00006371377322880427
0.00237611978169769344
-0.00029547006903710610
0.00167686486368647078
0.00002905336492995243
0.00011998354859176825
0.00215226846332675211
0.00005420398044499977
0.00284648299571106959
0.00076639517416913962
0.00124213267450075295
0.00168261736077703885
-0.00020828689758825217
0.00245384746688361455
-0.00013012545394416110
0.00162198858762667084
0.00133189430964509464
0.00025167249625313102
0.00226112913867697633
-0.00069116187653578236
0.00182315887005107921
0.00078405239801123544
0.00093595557432096820
0.00256781685409841190
-0.00013609585718851204
0.00197860379106847093
-0.00034041600110638171
0.00056010535491646534
0.00122877972762527876
-0.00050280344533129941
0.00204190892766293848
-0.00070626273987955436
0.00108853256753389414
0.00059964999304447874
-0.00047675217544397743
0.00176100665754336076
-0.00139118540804502775
0.00109537444193488179
0.00000765351890014647
0.00024109914323994653
0.00205484978133002854
-0.00010290063156198707
0.00251020858309684066
0.00004913685388088681
0.00112317239137999956
0.00136487859614464269
-0.00035979808431716017
0.00200181710230659064
-0.00094523335581551526
0.00130292602065295291
0.00057217735713665759
0.00002506480857824162
0.00181892846658934207
-0.00096079386887631675
0.00177973569995026177
0.00020801273358939766
0.00090825539906505244
0.00186403933044863358
-0.00486166682875915045
-0.00521060297409752220
-0.00267022877728028329
-0.00328694177751950216
-0.00201851743957199865
-0.00454107742292207423
-0.00379805217009004893
-0.00331875721645448355
-0.00453495942451137123
-0.00236431830129445100
-0.00378298261067500172
-0.00254712502176672852
-0.00301673462263465962
-0.00312255456906436598
-0.00140703777257394653
-0.00312654493176742470
-0.00150831567095317050
-0.00291452994398577097
-0.00300178665408918320
-0.00206495577233852803
-0.00388286875970841926
-0.00130840588756549431
-0.00243195876074174750
-0.00101031914333059953
-0.00081865027953400746
-0.00199140052915556219
-0.00016647895846094393
-0.00272410251879336195
-0.00061558411170471836
-0.00137055301767002652
-0.00133563345354433070
0.00043653790700331644
-0.00124528143713100066
0.00078601482259207239
-0.00111079487467889444
-0.00007179389498386356
0.00018987122158031501
-0.00133148672954057400
0.00077291900999144122
-0.00192570189648699243
0.00001608652374679957
-0.00059159899106832879
-0.00090450482329428256
0.00068431496279500615
-0.00151402971584967279
0.00081994341514838925
-0.00104482508271383869
-0.00008657577141044239
0.00045074143721589641
-0.00074032883498367677
0.00153353190857319897
-0.00102371437744557046
0.00089745107380557174
0.00004532119094391088
-0.00012091352718487919
0.00123557909258401781
-0.00106908309743422559
0.00150571849684969926
-0.00050585835144138715
0.00047357529497762024
0.00075166652990890171
-0.00048372296313867620
0.00180875176891738456
-0.00074182100339964334
0.00132908465052482445
0.00033995172311153252
0.00030078276439994664
0.00197510154643263736
-0.00036254683895745385
0.00213908931801639430
0.00003435150018851128
0.00089290132328367997
0.00119733736272482536
-0.00060326945502427154
0.00192887953380672375
-0.00038489217318440162
0.00160344128078375968
0.00087707364651087492
0.00023299077572537584
0.00230001138677238780
-0.00046250521728720618
0.00182132253609720699
0.00006597299080670309
0.00080244048062376211
0.00148812310024330524
-0.00056518264704036357
0.00233388483120022458
0.00003471708516660589
0.00183964572836596584
0.00085155270565601994
-0.00005984193578515378
0.00187630497655113908
-0.00079890284465903932
0.00161130577924653400
0.00000709800302673276
0.00078134741640632321
0.00196862397582556149
-0.00016262933069737738
0.00213271176637033376
-0.00059164968929924819
0.00108688327922789978
0.00117630439315325104
0.00006286611880037713
0.00237527618869264609
-0.00029630962007854382
0.00167602933524211174
0.00002822183980893397
0.00011915600761270038
0.00215144488740014747
0.00005338435057283803
0.00284566729298635574
0.00076558337977546847
0.00124132476971187695
0.00168181332695643555
-0.00020908707898781358
0.00245305111944673195
-0.00013091798578828583
0.00162119985309340064
0.00133110935422836845
0.00025089130184581402
0.00226035168725869165
-0.00069193560289906777
0.00182238885089468835
0.00078328606829914955
0.00093519291637570801
0.00256705785032719470
-0.00013685122429417482
0.00197785204320376348
-0.00034116414707124611
0.00055936079359342043
0.00122803873376871949
-0.00050354088881441380
0.00204117501754212758
-0.00070699313356769786
0.00108780567342989893
0.00059892658175684111
-0.00047747212060270935
0.00176029016190603856
-0.00139189847068886237
0.00109466479583580369
0.00000694727297590538
0.00024039628119905718
0.00205415028695906396
-0.00010359677439876914
0.00250951577573581188
0.00004844736601412387
0.00112248620710258531
0.00136419569962786835
-0.00036047770882616020
0.00200114073412797520
-0.00094590648326602013
0.00130225611840303944
0.00057151066463421735
0.00002440131044419684
0.00181826814751830058
-0.00096145102411641231
0.00177908169338203957
0.00020736186060660457
0.00090760764465353211
