0.00002644438592893711
-0.00000839937104213469
0.00001424327010888893
0.00001345944849087117
-0.00000990279526743115
-0.00001399038665710582
-0.00021554443131812311
-0.00020051795635364704
0.00008842021410015999
0.00007754860304136544
0.00005698223032693018
0.00006033743785258716
0.00008586691923474337
0.00014732871698616939
-0.00002540058049139172
-0.00008695890809095965
-0.00000883952145255719
-0.00003795542257969534
-0.00001394845492871462
-0.00005974088940452173
0.00000670387030915377
0.00010616984778503405
-0.00000492684320484600
0.00005368934811059521
-0.00001040301827678458
0.00006706075699116102
0.00001588914666468290
-0.00007814327086351387
-0.00000254852758263929
0.00002339412031415663
-0.00000400990356479809
0.00003434455846479223
0.00002745614060108831
-0.00031125806872204815
-0.00000364974595574743
0.00003681262923408760
-0.00000312500403618906
0.00003122847891570037
-0.00000589880877225367
-0.00001015329125271081
0.00000061715211358567
0.00004158090027617384
0.00000131893374477339
0.00003242001087328530
0.00000747199757349716
0.00004615434944969718
-0.00000896258857597164
-0.00001213317924749362
-0.00000707625790687726
-0.00000610406627586721
-0.00001105229960184612
-0.00001835365016458146
-0.00000095201294036760
0.00003650983610319093
-0.00000902510081974455
0.00001642260600209768
-0.00001503440551795689
0.00001958469748269901
0.00000994318647189825
-0.00002472498697856168
-0.00000991361734275394
0.00000629723579583587
-0.00001254974590697691
0.00000976503746517616
0.00011042791499615701
-0.00008139733687655018
-0.00001293627709436208
0.00000999920362883417
-0.00001113554045917292
0.00000655986904917695
0.00000108610869276409
-0.00002746506488889815
-0.00001356186501588386
0.00002146752580694885
-0.00001047395173495336
0.00001670939318470104
-0.00001428274473948055
0.00003019548267854306
0.00000527066586662340
-0.00001221999965529254
0.00000506970838101534
-0.00000478607803521121
0.00001331768065611532
-0.00000910247744020924
-0.00001451757189300268
0.00001804680796876097
-0.00000126363755153601
0.00000926180582420238
0.00000007090899118179
0.00001232049166706784
0.00001925648649227984
-0.00002098974626109516
0.00000880723270043135
0.00000191607959634117
0.00000838484944569789
0.00000422585738507556
-0.00007707596515480593
-0.00003024669220776238
0.00000751209942840689
0.00000446519001680284
0.00000582313860021527
0.00000263550088151592
-0.00001036257632526261
-0.00001515028858661506
0.00001332070097619952
0.00001030810538673231
0.00001165766425809780
0.00000793824800413431
0.00002254236050509077
0.00001686691667882741
-0.00000922250998559146
-0.00001112988002509296
-0.00000293735278630679
-0.00000737411081355065
-0.00000034520862206014
-0.00001665886993387672
-0.00001271046572467742
0.00003030138460456660
-0.00000977468027952412
0.00001317488379876942
-0.00001228189231450140
0.00001349606332243920
0.00000485668639173888
-0.00000107095523810445
-0.00000792801089643961
0.00000980455240302125
-0.00000954023005213771
0.00001128795425763225
0.00009177603504519440
-0.00009805095487827526
-0.00001015937465984880
0.00001072697018706486
-0.00001007877391397379
0.00000799271345206644
-0.00001655172243079588
-0.00001368811186895141
-0.00000319883502462850
0.00001462546383782486
-0.00000222000243244478
0.00000922732438860920
0.00000260501559797023
0.00000684490429809648
-0.00000362889904889057
0.00000290817082859189
0.00000033554363764296
0.00000080375806010649
0.00000525141126864953
-0.00000702965943062833
-0.00000785590499107174
0.00002829660715491281
-0.00000104343195607222
0.00001699383033099165
0.00000162817383954919
0.00002194816509820701
-0.00001252073850199941
-0.00002554301477030674
-0.00000282095734658069
0.00000799933144474314
-0.00000192378395436145
0.00001172434039995775
0.00001429526304815414
-0.00010594645207634406
-0.00000094894720889645
0.00001242295373720582
0.00000012490705537761
0.00001008979359802507
0.00000941471708792661
-0.00000855268184114510
-0.00000381276457155136
0.00001594402450227228
-0.00000224814845243017
0.00001254158450049398
-0.00000357983486204797
0.00002018656295117095
0.00000222882917956534
-0.00000675400590259540
0.00000211606069566364
-0.00000280623206003683
0.00000742054836827667
-0.00000852803400592112
-0.00001857807826154517
0.00002464835380718258
-0.00000962708640885944
0.00001465573293760994
-0.00001181340161023727
0.00001906631334550659
0.00001616371096708626
-0.00001977751124713251
-0.00000274199128202156
0.00000814274940893374
-0.00000453814949586439
0.00001136442030040303
0.00003933047259810067
-0.00010257813950926533
-0.00000472050887985158
0.00001195440729359636
-0.00000351823373895303
0.00000987092237240467
0.00000703506982827762
-0.00000696578785198207
-0.00000764351214020986
0.00001536621592490017
-0.00000620293982261580
0.00001255530149788522
-0.00001223283607127614
0.00002151815913109057
0.00000648066883768671
-0.00000846990232034173
0.00000360296240097331
-0.00000403996729275058
0.00000807124378107693
-0.00000900473225228116
-0.00001623246551857047
0.00001692724412561925
-0.00000791082749490169
0.00000787659347450770
-0.00000919168924903683
0.00000974510597995250
0.00000666123977479608
-0.00001415954409560621
-0.00000468797113450415
0.00000236159779862297
-0.00000598777591208055
0.00000412350960573092
0.00004865717401625625
-0.00003657652183342198
-0.00000578361035573597
0.00000450096388003902
-0.00000411748949116905
0.00000338056976535338
0.00000940971082654416
-0.00000764916250156779
-0.00000854077367162971
0.00000821078289679945
-0.00000551818000563769
0.00000704843197818894
-0.00000623192170461079
0.00001481843800128111
0.00000179511316833549
-0.00000766636936195913
0.00000233915579518323
-0.00000355453444098230
0.00000917490320066876
-0.00000623792333156162
-0.00002086551524695369
0.00001052892495510311
-0.00000968386858395724
0.00000488334820563751
-0.00001020753904450219
0.00000591928479082122
0.00000307733042302007
-0.00000666709501028771
-0.00000646274890760079
0.00000221549013239359
-0.00000762446484111826
0.00000321881082262916
0.00007017163730216871
-0.00002696719526576159
-0.00000736261733548379
0.00000330064763328303
-0.00000561743349725982
0.00000233060073320427
0.00000963742563329869
-0.00000676473634279952
-0.00001172028960184943
0.00000585262337220413
-0.00000970940245624465
0.00000406333662425559
-0.00001847613357198264
0.00000510866952558522
0.00000826195393610584
-0.00000085516240202700
0.00000366795293024330
-0.00000044592968682494
0.00000756918873949224
-0.00000198082390267086
-0.00001586270811952924
0.00000425542404812396
-0.00000831636397068071
0.00000182714130951378
-0.00001080954401752136
0.00000193415018224265
0.00001562195670827258
-0.00000096319288772931
-0.00000271906898373437
0.00000119726753941060
-0.00000462219434696003
0.00000154534842441319
0.00003985014842292864
-0.00001664250558321901
-0.00000495039120932492
0.00000181245312048377
-0.00000382515656236769
0.00000183990170868148
0.00000592568578690223
0.00000246696156091809
-0.00000759699816560987
0.00000120484735632618
-0.00000639766158758450
0.00000126605535053487
-0.00001282531241961068
0.00000242859112491986
0.00000614990682689610
-0.00000141736371950813
0.00000267476191076827
-0.00000104257562335459
0.00000539588499053644
-0.00000191675706488185
-0.00001243525692579875
0.00000093638356713895
-0.00000697662756386742
-0.00000062430077114663
-0.00000887606892764080
-0.00000120948466401273
0.00000853568923823840
0.00000031734553013206
-0.00000398588869958832
-0.00000098033283401945
-0.00000543614793750511
-0.00000113929702420446
0.00004908380224296927
0.00000995516472569804
-0.00000572106154490816
-0.00000109955477914674
-0.00000488234096864972
-0.00000099642158104175
0.00000107297024666080
-0.00000122330627283915
-0.00000638915205413976
-0.00000033853199149877
-0.00000536046126982470
0.00000000020816882520
-0.00000948376355450330
0.00000195403623470756
0.00000405978603211108
-0.00000279793129005541
0.00000207708274285359
-0.00000215044177009535
0.00000504056517521373
-0.00000431789546811287
-0.00001107708781189957
0.00000579224631428652
-0.00000572816403139101
0.00000173822662845428
-0.00000703609425103849
0.00000163742509790273
0.00000708929675653569
-0.00000403822477456519
-0.00000290255326784806
-0.00000058606537798473
-0.00000399396431495675
-0.00000033050584658866
0.00003460545676855404
0.00000186641067021740
-0.00000399825690939518
-0.00000017051091188161
-0.00000295208775520629
-0.00000010554623697015
0.00000663996840821044
-0.00000001950404893723
-0.00000714224357619904
0.00000008902149708690
-0.00000630744320787210
0.00000032733573846101
-0.00001421906140026503
0.00000149276795500664
0.00000803528879727691
-0.00000097911395471352
0.00000399742607639815
-0.00000024494158519195
0.00000823714071285617
-0.00000003475714021600
-0.00001773044462784599
0.00000043848502166966
-0.00000942925408191530
0.00000055540329207374
-0.00001155311088917960
0.00000094388558334556
0.00000882586680427164
-0.00000130778429924810
-0.00000607096700710601
0.00000042120797335463
-0.00000785805084411454
0.00000070591257678326
0.00006527580978106501
-0.00000514365083459957
-0.00000765781627166892
0.00000095898850299546
-0.00000560730759376864
0.00000079891550490968
0.00001028490088756276
-0.00000200197558836493
-0.00001141779011479728
0.00000188125569005198
-0.00000990268300993035
0.00000085782988599525
-0.00002235535040097297
-0.00000082581888288255
0.00000945349633145632
0.00000020119780745407
0.00000023624981700498
-0.00000162844624303214
0.00000073500698193072
-0.00000415767579450211
-0.00003666855139329347
0.00000016127787969459
-0.00003375023488350207
-0.00000310524853669806
-0.00004548693466721197
-0.00000460803383753776
-0.00000589806473620287
0.00000061398520783297
-0.00004309674853909336
-0.00000320463714712233
-0.00004914027789527508
-0.00000363523182679347
0.00033405069331918810
0.00008050312604466265
-0.00004170255511570099
-0.00000640653946193592
-0.00001905082711756125
-0.00001343306876922217
0.00018604778840606353
-0.00009283876164033928
-0.00009436780302901287
0.00002302803614820954
-0.00003968767520023366
0.00000457386075396019
0.00004910721388893720
-0.00002605780037815017
-0.00009567371672938224
0.00002754184674814807
-0.00004533026691783900
0.00000773065703865393
-0.00003629410330313252
-0.00000793174985219295
0.00001760624276726463
0.00002726642712554854
0.00000784530042172216
0.00000846448639450651
0.00001198585674592437
0.00000542490407305790
-0.00001022668480328292
-0.00000962814709926895
0.00000559217768313225
-0.00000201192776212082
0.00000651050707346791
-0.00000158829547741354
-0.00003618996068867610
0.00000094186825208841
0.00000511517488646928
-0.00000101931686634228
0.00000354343605795505
-0.00000094757666802265
-0.00000593539144603162
-0.00000354114676974308
0.00000655928003829049
0.00000069522377525889
0.00000481633003029086
0.00000000851772971524
0.00000654039027992113
-0.00000163420986435880
-0.00000103166419196993
0.00000164630575097017
-0.00000028440481935535
0.00000074081630368055
-0.00000215559056761511
0.00000075140485383039
0.00000623714110847335
-0.00000041301219638067
0.00000317575714647944
0.00000001291249135838
0.00000359839110145453
-0.00000003414512213216
-0.00000170623685728286
0.00000182218799122742
0.00000228424380677377
0.00000074444648168136
0.00000286560673446037
0.00000068349816459281
-0.00002578565122095983
-0.00000699895756585659
0.00000297025172392178
0.00000059186415553149
0.00000243705863671412
0.00000051543791145237
-0.00000172440365104362
0.00000023292650476395
0.00000356435561077423
0.00000059277441005107
0.00000257409973058708
0.00000069055114276958
0.00000304172858256848
0.00000186377222298562
-0.00000023747177265056
-0.00000104683724525027
-0.00000000696622763801
-0.00000034204918253752
-0.00000063725859341009
-0.00000015946816527278
0.00000202937509824137
-0.00000021330408698493
0.00000110921412144589
-0.00000014253937729489
0.00000135061951362593
-0.00000017737499564259
-0.00000098056215011598
0.00000044143727166383
0.00000073555931194457
0.00000004868900468011
0.00000094750753228385
0.00000001522472377828
