0.223229
0.000000
0.227274
0.000000
0.129838
0.000000
0.135881
0.000000
-0.093391
0.000000
-0.092786
0.000000
0.000000
0.000000
80.000000
0.000000
42.666667
0.196184
0.000589
0.005670
0.009138
0.001246
0.003448
0.015043
0.000369
0.000256
0.004205
0.000342
0.000173
0.001367
0.000318
0.000106
0.000686
0.000421
0.000064
0.000145
0.000223
0.000012
0.000063
0.000247
0.000008
0.000016
0.000297
0.000018
0.000009
0.000052
0.000015
0.000005
0.000020
0.000016
0.000003
0.000019
0.000025
0.000006
0.000017
0.000073
0.000003
0.000010
0.000030
0.000018
0.000012
0.000009
0.000002
0.000006
0.000004
0.000004
0.000004
0.000001
0.000000
0.000000
0.000000
0.000000
0.000000
4.132421
0.098390
0.002501
0.000068
0.000002
0.000000
0.000000
51.480425
40.201878
35.790615
0.712321
0.032980
-4.149481
-18.954138
1438.586764
0.023438
9.791441
1
0
99
0
99
0
2
0.002228
0.093434
1
0.222521
544
473
479
377
437
402
416
396
415
788
522
533
607
691
540
590
581
557
628
553
544
264
698
614
777
322
543
489
471
364
291
554
691
693
419
361
663
606
772
682
651
531
614
591
600
438
503
304
274
355
525
728
225
115
