0.00034016898732301004
0.00061299304530068838
0.00061462510743910616
0.00119390003669834371
0.00475213475781678142
0.01952426238018479393
0.33691559847640784042
0.19600748332660100637
0.01824176249403418673
0.01719250083711703833
0.01581357474487654624
0.00148380539084502316
0.00374951536267602130
0.01389566393760756531
0.00023401157886519781
0.00022134517881785423
0.00437528285806835626
0.00043666320988764817
0.00018772083582748098
0.00136958287419000797
0.00033450164733570578
0.00010706661989131128
0.00068041242666013748
0.00042446091347042955
0.00006508965905044010
0.00015018391450784640
0.00022463517404247126
0.00001410744310014660
0.00006877183416775344
0.00024239887597559992
0.00000752718511280705
0.00001607363604663171
0.00029589544756324846
0.00001794831915339623
0.00000930071809196244
0.00005245500353316332
0.00001497510255974761
0.00000517626570109609
0.00002128414465303204
0.00001514348200170779
0.00000294334040985178
0.00001874010275819764
0.00002472486674625624
0.00000641287216985146
0.00001710373884455818
0.00007252818938323538
0.00000321047008236347
0.00000306645764119880
0.00002228484897091214
0.00000233356098942275
0.00000242147523478405
0.00008463149964336468
0.00001566162154445132
0.00000440872573722331
0.00003295686096252497
0.00001888133912697880
0.00000275341029481942
0.00001344897716268226
0.00002468201286985972
0.00000128403179443461
0.00000172617602219664
0.00000673280903058505
0.00000027976439387414
0.00000042896373526279
0.00000248972432506258
0.00000042595877073239
0.00000069347585825579
0.00002511089486912197
0.00000495713118844154
0.00000154613695317731
0.00000877257268668111
0.00000589730140306041
0.00000061059624294459
0.00000528970561153059
0.00000827016059821638
0.00000064765844061447
0.00000066898436089099
0.00000301509652974210
0.00000044145466805760
0.00000104407702471251
0.00001645961182955412
0.00000088808360879929
0.00000050992904372763
0.00000416025045467867
0.00000126402962370410
0.00000026455310995650
0.00000191884230799420
0.00000151755791365602
0.00000027106904896337
0.00000040084591923475
0.00000081176872914500
0.00000009839592057046
0.00000019055904146275
0.00000061739514568648
0.00000017282102771730
0.00000022543263961248
0.00000134008280937461
0.00000011693043625321
0.00000012406303579630
0.00000150473006421020
0.00000031912188726025
0.00000007619669335731
0.00000037891599534198
0.00000020558867947697
0.00000005942350441959
0.00000076230501666907
0.00000127299114464928
0.00000009295371249358
0.00000020666250548279
0.00000095743474046895
0.00000005382801319774
0.00000005968035921272
0.00000005150073689090
0.00000003995034207800
0.00000003572464601721
0.00000049048146003262
0.00000009996016792157
0.00000003277507583273
0.00000031415614487951
0.00000017392671519504
0.00000004779289110298
0.00000012889213600937
0.00000019834404753779
0.00000003552533291287
0.00000020308298863563
0.00000089623632989580
0.00000003488117161252
0.00000004235896630656
0.00000032864418637148
0.00000005490667137846
0.00000002715719266930
0.00000022755786029829
0.00000004999209622391
0.00000003468220547160
0.00000042963964670526
0.00000024513424544164
0.00000005072454357603
0.00000030130650076056
0.00000047191754287275
0.00000002296928202529
0.00000002576560334108
0.00000002246521573881
0.00000001292072649172
0.00000001670187528624
0.00000009027542281180
0.00000001599987559629
0.00000001227375774594
0.00000029440235344697
0.00000004877757761829
0.00000004619117536541
0.00000056595012380929
0.00000032429170318259
0.00000004598709081452
0.00000005683905402484
0.00000009008547564332
0.00000000713571234086
0.00000001095742351950
0.00000002892814569933
0.00000001036059147987
0.00000001618422971840
0.00000002839510407292
0.00000001294759833661
0.00000001156185533198
0.00000015766025175055
0.00000002635613506249
0.00000000657342825603
0.00000003755050945642
0.00000001725621653705
0.00000001401097074098
0.00000006905876236715
0.00000007659235279950
0.00000001993042866809
0.00000007637018130154
0.00000026174579420446
0.00000001554175641304
0.00000001963123567743
0.00000026522105226695
0.00000002623655474661
0.00000001217078784210
0.00000024096040106585
0.00000004372408925551
0.00000001859556629604
0.00000023983915881290
0.00000011759646771552
0.00000001996108872434
0.00000010769282881226
0.00000016909951985585
0.00000002744157215063
0.00000004599904950405
0.00000016148676232820
0.00000001467264154321
0.00000002379392049660
0.00000029220635636770
0.00000002163062073230
0.00000000999827530785
0.00000030472553861817
0.00000005990552132842
0.00000002994667753379
0.00000052525184827828
0.00000024746023312865
0.00000009041987977754
0.00000043097255821766
0.00000056307325403382
0.00000021080524875863
0.00000056177522196202
0.00000179178756791052
0.00000039034166161997
0.00000060905872669959
0.00001302953279457995
0.00000080343861824212
0.00000200795339105671
0.00006945484962934712
0.00001590643033074560
0.00000477244043825437
0.00001480845846922766
0.00000749051272087247
0.00000120942648890261
0.00000152878020417826
0.00000159442274156252
0.00000022132797945290
0.00000016970705134482
0.00000040297328772949
0.00000001332896570706
0.00000002171705711221
0.00000023707475057134
0.00000001280495782644
0.00000000707751697838
0.00000018133801056836
0.00000003035681635462
0.00000002000856922010
0.00000010216743808155
0.00000004145730501634
0.00000001505793600360
0.00000005499489123357
0.00000007562070107723
0.00000000923738362650
0.00000001697228321370
0.00000008553802432736
0.00000000483812441406
0.00000000528120313866
0.00000009599597061400
0.00000000384768346430
0.00000000296755615018
0.00000003186822436155
0.00000000604744786508
0.00000000429634643181
0.00000002081599461186
0.00000001112284629800
0.00000000497919480760
0.00000001431393024886
0.00000002210165482961
0.00000000354850960950
0.00000000643824389337
0.00000003596137287191
0.00000000142786525066
0.00000000092350299723
0.00000000154110684857
