0.00000155516261674561
0.00000250981448535954
0.00000307673623557105
0.00000341429733258178
0.00000489040633600108
0.00001383671944100344
0.00004735509900743779
0.00015310474265974768
0.00058926003362291194
0.00566958768920794096
0.00913766498262032038
0.00124620235301180671
0.00344832621575017666
0.01504337476611787745
0.00036869185464716428
0.00025638840151544673
0.00420485608521110193
0.00034197285600204958
0.00017341799234098373
0.00136713871894236067
0.00031843964738503621
0.00010628113755287157
0.00068551385263850289
0.00042053997277255651
0.00006380652818598022
0.00014514046850442897
0.00022324590774721781
0.00001210944238709578
0.00006347869128974800
0.00024651535187495365
0.00000769906161964530
0.00001562337757086288
0.00029732542529920349
0.00001751891288169139
0.00000863550674816460
0.00005165491950986147
0.00001484162817377388
0.00000455471106700439
0.00002026055849063114
0.00001551419141546187
0.00000290181524238302
0.00001882708727942643
0.00002467934478947071
0.00000633344109673859
0.00001696056632054468
0.00007309474773626931
0.00000316046863513196
0.00000303037976542276
0.00002266463766164989
0.00000227675194181033
0.00000243884379005502
0.00008462341211338598
0.00001562651582700522
0.00000442403008035968
0.00003305597308437598
0.00001872638741617521
0.00000266121811413008
0.00001329800766755455
0.00002472213264672112
0.00000129905250640715
0.00000170980827089672
0.00000673032167967360
0.00000027933187506196
0.00000042033467522894
0.00000251932487413417
0.00000041424675959270
0.00000068247356402261
0.00002512940144067387
0.00000494728138883724
0.00000152903975827173
0.00000876764975185433
0.00000590506185460830
0.00000061472094907202
0.00000531683638353064
0.00000823646240000314
0.00000063188364546823
0.00000065665432703920
0.00000302086027239315
0.00000043235483396856
0.00000104043547607023
0.00001650055844615570
0.00000088459976244089
0.00000051312910940035
0.00000416343224210715
0.00000126077064261323
0.00000026430727354894
0.00000193247217000151
0.00000149387399195105
0.00000026282770889977
0.00000039502442705233
0.00000081141934461525
0.00000009923045270986
0.00000018892225412839
0.00000061918063890793
0.00000017475677516804
0.00000022685442125752
0.00000133402363867231
0.00000011734141837795
0.00000012397477225960
0.00000150450608400131
0.00000032005726797845
0.00000007610613518361
0.00000037888247265849
0.00000020630060926404
0.00000006046602595327
0.00000076420888382716
0.00000127241960710110
0.00000009322242966567
0.00000020820805074685
0.00000095514540800376
0.00000005366323684432
0.00000006014473885412
0.00000005076286733960
0.00000003978802795725
0.00000003603684414219
0.00000049367088015359
0.00000009939138611199
0.00000003312201305030
0.00000031613834164948
0.00000017214415842420
0.00000004739986335586
0.00000012876343423993
0.00000019881738664508
0.00000003539328682669
0.00000020297023995356
0.00000089649807051617
0.00000003462688733485
0.00000004207383149254
0.00000032975883340177
0.00000005464472291549
0.00000002694075453266
0.00000022769946442273
0.00000004978257411921
0.00000003435066715170
0.00000042880926910201
0.00000024520317010596
0.00000005086097239715
0.00000030151099566192
0.00000047198060329554
0.00000002300586088157
0.00000002587471950389
0.00000002242067770562
0.00000001307977823979
0.00000001685371915648
0.00000008987520863844
0.00000001608352241517
0.00000001234713236476
0.00000029471643969525
0.00000004912898882483
0.00000004662510792243
0.00000056713403487117
0.00000032407020426741
0.00000004613765125065
0.00000005717004856730
0.00000009010999857339
0.00000000707473885204
0.00000001089443202866
0.00000002893133675608
0.00000001033623033049
0.00000001626083650758
0.00000002839656178856
0.00000001287157117877
0.00000001164598651327
0.00000015798330483385
0.00000002614316612288
0.00000000648285448531
0.00000003747159562568
0.00000001732290979615
0.00000001410486445394
0.00000006895739407562
0.00000007667173873173
0.00000001998358317810
0.00000007617045238490
0.00000026210608540272
0.00000001562779492827
0.00000001962604406636
0.00000026506200325967
0.00000002632549459837
0.00000001214686826054
0.00000024092497891464
0.00000004381264195172
0.00000001857451529377
0.00000023986119921976
0.00000011776088787770
0.00000001999618612541
0.00000010787335393521
0.00000016883514878358
0.00000002746868849322
0.00000004618634575049
0.00000016119048442285
0.00000001463745757798
0.00000002385366709721
0.00000029205360951576
0.00000002156974183131
0.00000001007417699854
0.00000030501044970896
0.00000005977101999308
0.00000002992709961395
0.00000052518824840584
0.00000024736978166176
0.00000009038268826567
0.00000043080043663630
0.00000056290671457895
0.00000021067485697213
0.00000056137076805208
0.00000179170323389673
0.00000039034218967886
0.00000060909217512528
0.00001302916953540917
0.00000080349987254939
0.00000200769872460010
0.00006945472424459709
0.00001590724854379491
0.00000477259638064888
0.00001480928443934120
0.00000748917245859868
0.00000120912121520433
0.00000152848378505891
0.00000159461435077415
0.00000022131267822194
0.00000016966363674835
0.00000040294041278186
0.00000001331148584763
0.00000002170911401563
0.00000023714326780691
0.00000001282728184939
0.00000000707374194177
0.00000018134882177278
0.00000003034254169365
0.00000002001696259563
0.00000010213480098881
0.00000004148811851259
0.00000001508388978165
0.00000005498266756553
0.00000007570820041643
0.00000000925014668785
0.00000001696716761509
0.00000008558469262485
0.00000000484993075265
0.00000000528877712005
0.00000009599683541484
0.00000000385352186894
0.00000000296719889703
0.00000003187956471794
0.00000000603624979325
0.00000000429822524439
0.00000002084497814263
0.00000001110218380154
0.00000000497348302732
0.00000001433669993711
0.00000002206102192795
0.00000000354409516528
0.00000000645002421900
0.00000003594751941160
0.00000000143404434429
0.00000000092097855140
0.00000000153520849732
