0.00031304295965099379
0.00117658919398965270
0.00281461045493506786
0.06412913636967502995
0.02546126594395251713
0.01954141109373878221
0.34049515674486546812
0.19471383408102602153
0.01748096187232229745
0.01630815919694274599
0.01581607243716004474
0.00149671325870776267
0.00371266083113116563
0.01369445828687287231
0.00026032690814227895
0.00023215491498695845
0.00436977717952192948
0.00044989086138975970
0.00019012206796897946
0.00136817183919638930
0.00033538734332456667
0.00010655873137130556
0.00068359859722174493
0.00042459294789160983
0.00006547648092903010
0.00015374679840294441
0.00022317045635765722
0.00001430277666614343
0.00006950689727389659
0.00024227827395407981
0.00000748431735213900
0.00001617475279770200
0.00029613790290603713
0.00001796757015378237
0.00000959288719605989
0.00005293667054072660
0.00001491515554904675
0.00000527990511551188
0.00002139694409457300
0.00001509277110715245
0.00000293845240305894
0.00001870327163129537
0.00002472805251118562
0.00000649370971569211
0.00001723509096995865
0.00007206855547878268
0.00000322941457086214
0.00000307570881963279
0.00002228194898280951
0.00000233602164782816
0.00000241316774902549
0.00008464817671714716
0.00001569910507625994
0.00000443780230648736
0.00003303376603500422
0.00001889371047785465
0.00000275986775525222
0.00001346342814937192
0.00002470458990175756
0.00000128362998113302
0.00000172620722508398
0.00000674588109501829
0.00000027969099665280
0.00000043464345451685
0.00000248987950542120
0.00000042920936673746
0.00000069510512226669
0.00002506388458444892
0.00000496446835004586
0.00000154972473088646
0.00000877083687466297
0.00000589457273325168
0.00000061016030790587
0.00000528070745565221
0.00000828305123962158
0.00000065682485653922
0.00000067699654030625
0.00000300245647826926
0.00000044264604415299
0.00000104336272712547
0.00001645550775753890
0.00000088851075364365
0.00000050855020093921
0.00000415436715902492
0.00000126849862320763
0.00000026535154707745
0.00000191601030737862
0.00000152389096930983
0.00000027243851451703
0.00000040148476742960
0.00000081159848765353
0.00000009771036879094
0.00000019069124091098
0.00000061767012375848
0.00000017214862665565
0.00000022561146058040
0.00000134065515334356
0.00000011722576060815
0.00000012428423119569
0.00000150491687353546
0.00000031834741313693
0.00000007592865713138
0.00000037881897148876
0.00000020561503270336
0.00000005926538554955
0.00000076103191342660
0.00000127451129916766
0.00000009344109432408
0.00000020645400530905
0.00000095771342717227
0.00000005386480233075
0.00000005949348695952
0.00000005139771469489
0.00000003998660695492
0.00000003563003708936
0.00000048975851455360
0.00000010023444671332
0.00000003261176033857
0.00000031353650326687
0.00000017432852801454
0.00000004779181518497
0.00000012884071727105
0.00000019809375900945
0.00000003553349985210
0.00000020300957653443
0.00000089640949690437
0.00000003493635347670
0.00000004249080902781
0.00000032850618493319
0.00000005494657643075
0.00000002720906096095
0.00000022762084747763
0.00000004995679522001
0.00000003464344200065
0.00000042939357803907
0.00000024544880301821
0.00000005075593273552
0.00000030112040627888
0.00000047195312203821
0.00000002294942410689
0.00000002572567238758
0.00000002245397435755
0.00000001288811163235
0.00000001668715446986
0.00000009015763634916
0.00000001598132680753
0.00000001226488879200
0.00000029460135148921
0.00000004861926071394
0.00000004608275622615
0.00000056571700636566
0.00000032436703680716
0.00000004601922513603
0.00000005685672390768
0.00000009003299181906
0.00000000718117014956
0.00000001100373430182
0.00000002885383597789
0.00000001036162523555
0.00000001616511557064
0.00000002837496350438
0.00000001298738862319
0.00000001154838877483
0.00000015774416314048
0.00000002636299303470
0.00000000654706351139
0.00000003746779020201
0.00000001727012423151
0.00000001398171501976
0.00000006911527320653
0.00000007649981832483
0.00000001989476648315
0.00000007643839408149
0.00000026174604557067
0.00000001554010518300
0.00000001965575892357
0.00000026510120980683
0.00000002619902931010
0.00000001217799488470
0.00000024099558056328
0.00000004370449501121
0.00000001862455992173
0.00000023982228852282
0.00000011758691585881
0.00000001998338069508
0.00000010766883064069
0.00000016911111621302
0.00000002740064321752
0.00000004591307059667
0.00000016159097435631
0.00000001468628717695
0.00000002377110754677
0.00000029212557438427
0.00000002166297685003
0.00000000998589468936
0.00000030480624830048
0.00000005989684647239
0.00000002989468872905
0.00000052518007406576
0.00000024749628135795
0.00000009044798563049
0.00000043113992494392
0.00000056304083207736
0.00000021081522570908
0.00000056181357557618
0.00000179204668543113
0.00000039024664787203
0.00000060897804122825
0.00001302948861516821
0.00000080347815352515
0.00000200810272481316
0.00006945451100838708
0.00001590612085771976
0.00000477233040565744
0.00001480874103327272
0.00000749019812083743
0.00000120918568226924
0.00000152868890954717
0.00000159446341456902
0.00000022136107994084
0.00000016970109049276
0.00000040310005820785
0.00000001333567504979
0.00000002172363678844
0.00000023709767655482
0.00000001280937718238
0.00000000708298972331
0.00000018126511429045
0.00000003037265110178
0.00000001999711396135
0.00000010214712687755
0.00000004145471894979
0.00000001504659155873
0.00000005499052074712
0.00000007560079480531
0.00000000924095655774
0.00000001699031467447
0.00000008547959675875
0.00000000483447077836
0.00000000528060124709
0.00000009599286628221
0.00000000384350642102
0.00000000296596697396
0.00000003187504204101
0.00000000605402181129
0.00000000430382581687
0.00000002082182929571
0.00000001112834480649
0.00000000498101423122
0.00000001430538405881
0.00000002210808181216
0.00000000354339198225
0.00000000642546668612
0.00000003598166598464
0.00000000142653170506
0.00000000092532202197
0.00000000154340253652
