-0.090608 -0.006536 -0.011546 
-0.220275 -0.006184 -0.013028 
-0.063062 -0.005138 -0.005919 
0.016411 -0.004032 -0.001766 
-0.025867 -0.005555 -0.002749 
0.034927 -0.003767 -0.001758 
-0.021456 -0.004440 -0.004318 
0.008301 -0.003702 -0.003556 
0.008960 -0.003098 -0.003068 
-0.028502 -0.003933 -0.004285 
0.029999 -0.002332 -0.002117 
-0.027365 -0.003840 -0.003537 
0.022735 -0.002594 -0.002302 
-0.003466 -0.002670 -0.002773 
-0.011821 -0.003303 -0.002880 
0.030435 -0.002003 -0.001166 
-0.033058 -0.003782 -0.002886 
0.031446 -0.002049 -0.001269 
-0.006769 -0.002517 -0.002677 
-0.000408 -0.002213 -0.002765 
0.022615 -0.001050 -0.001829 
-0.033401 -0.002629 -0.003648 
0.032808 -0.000983 -0.001075 
-0.016614 -0.002572 -0.002200 
0.010427 -0.002042 -0.000779 
0.008640 -0.001647 -0.000589 
-0.017748 -0.002638 -0.001762 
0.035617 -0.000564 0.000061 
-0.026113 -0.002221 -0.002497 
0.027960 -0.000608 -0.000390 
-0.012262 -0.001158 -0.001146 
-0.005302 -0.001549 -0.001112 
0.025464 -0.000411 0.000659 
-0.028674 -0.002377 -0.001024 
0.038615 -0.000243 0.001006 
-0.019962 -0.001682 -0.000891 
0.012410 -0.001087 0.000146 
0.010915 -0.000422 0.000407 
-0.024724 -0.001561 -0.001115 
0.031293 0.000499 0.000988 
-0.027598 -0.001211 -0.001712 
0.024982 0.000373 0.000229 
-0.002825 -0.000297 -0.000380 
-0.006157 -0.000732 -0.000693 
0.031536 0.000747 0.000894 
-0.031434 -0.001131 -0.001305 
0.027954 0.000971 0.001028 
-0.020348 -0.000523 -0.000838 
0.014338 -0.000010 0.000119 
0.011647 0.000559 0.000656 
-0.021730 -0.000976 -0.000536 
0.032639 0.001025 0.001737 
-0.031720 -0.000925 -0.000822 
0.023863 0.000736 0.001099 
-0.009930 0.000227 0.000246 
-0.009953 -0.000016 0.000078 
0.029046 0.001768 0.001434 
-0.032647 -0.000286 -0.000872 
0.030750 0.001652 0.001702 
-0.025155 0.000011 -0.000310 
0.011511 0.000785 0.000668 
0.008345 0.001091 0.000945 
-0.023039 -0.000333 -0.000291 
0.032030 0.001759 0.002000 
-0.030085 -0.000429 -0.000551 
0.025521 0.001262 0.001519 
-0.008329 0.000444 0.000529 
-0.009948 0.000239 0.000489 
0.020412 0.001845 0.002162 
-0.031759 -0.000341 -0.000176 
0.034719 0.001819 0.002324 
-0.021669 0.000225 0.000219 
0.005116 0.000926 0.001077 
0.005366 0.001866 0.001380 
-0.023550 0.000102 -0.000421 
0.037017 0.002196 0.002110 
-0.027773 -0.000342 -0.000205 
0.023371 0.000982 0.001783 
-0.003057 0.000723 0.001055 
-0.021900 -0.000070 0.000411 
0.020154 0.002036 0.002477 
-0.031350 -0.000083 -0.000287 
0.031468 0.002119 0.001996 
-0.017602 0.000637 0.000240 
0.003726 0.001091 0.000976 
0.010308 0.002051 0.001661 
-0.025576 0.000365 -0.000394 
0.033834 0.002380 0.002505 
-0.025794 -0.000091 0.000205 
0.020449 0.001400 0.002009 
-0.001735 0.001209 0.001020 
-0.015020 0.000521 0.000108 
0.025002 0.002488 0.002043 
-0.037618 0.000230 -0.000633 
0.027093 0.002145 0.001777 
-0.014919 0.000748 0.000172 
0.003529 0.001023 0.000945 
0.020500 0.002042 0.002131 
-0.023712 0.000061 -0.000001 
0.031583 0.002506 0.002294 
-0.029957 0.000594 -0.000431 
0.017005 0.001804 0.001247 
0.006008 0.001721 0.001335 
-0.014506 0.000393 0.000221 
0.029964 0.002574 0.002533 
-0.029831 0.000271 -0.000140 
0.031504 0.002154 0.001832 
-0.004196 0.001468 0.000183 
-0.002624 0.000934 0.000274 
0.023444 0.002296 0.002305 
-0.031094 -0.000321 0.000206 
0.033235 0.001640 0.002998 
-0.015631 -0.000099 0.000917 
0.004612 0.000433 0.001392 
0.012527 0.001421 0.001832 
-0.029940 -0.000456 -0.000060 
0.029294 0.001921 0.002602 
-0.032988 -0.000009 0.000017 
0.019473 0.001206 0.001768 
0.007467 0.001115 0.001478 
-0.018683 -0.000089 0.000397 
0.031840 0.002036 0.002405 
-0.030277 -0.000179 -0.000548 
0.021279 0.001873 0.001966 
-0.013997 0.000788 0.000926 
-0.002056 0.000314 0.001078 
0.024720 0.001796 0.002709 
-0.035617 -0.000199 0.000004 
0.030142 0.002351 0.002118 
-0.020895 0.000717 -0.000202 
0.003685 0.001566 0.000698 
0.003423 0.002408 0.001366 
-0.026598 0.000512 -0.000366 
0.034683 0.002827 0.002178 
-0.030569 0.000800 -0.000571 
0.020585 0.001968 0.001223 
0.000263 0.001805 0.000734 
-0.019271 0.000949 -0.000343 
0.030552 0.003039 0.001894 
-0.028534 0.001087 -0.001259 
0.026754 0.002932 0.001227 
-0.017158 0.001508 0.000139 
-0.008162 0.001111 0.000372 
0.016138 0.002364 0.002185 
-0.033438 -0.000093 0.000026 
0.033867 0.002234 0.002639 
-0.018441 0.000509 0.000177 
0.007233 0.001246 0.001251 
0.011874 0.001806 0.001492 
-0.021674 0.000318 -0.000234 
0.031730 0.002759 0.002127 
-0.029814 0.000748 -0.000820 
0.020143 0.002224 0.001427 
-0.008493 0.001573 0.000696 
-0.016860 0.000633 0.000148 
0.026793 0.002260 0.001942 
-0.031024 0.000117 -0.000839 
0.030755 0.002692 0.001901 
-0.014598 0.001218 0.000329 
-0.000936 0.001137 0.001029 
0.014100 0.002170 0.001984 
-0.059549 -0.002913 -0.004743 
-0.027073 -0.005285 -0.005092 
0.008743 -0.004571 -0.002552 
-0.031998 -0.005831 -0.003170 
0.033961 -0.003927 -0.001902 
-0.021166 -0.004596 -0.004425 
0.008378 -0.003869 -0.003682 
0.008842 -0.003267 -0.003204 
-0.028650 -0.004101 -0.004420 
0.029864 -0.002499 -0.002250 
-0.027493 -0.004006 -0.003669 
0.022609 -0.002759 -0.002434 
-0.003593 -0.002835 -0.002904 
-0.011947 -0.003467 -0.003011 
0.030309 -0.002166 -0.001296 
-0.033183 -0.003945 -0.003016 
0.031322 -0.002211 -0.001398 
-0.006892 -0.002678 -0.002805 
-0.000531 -0.002373 -0.002893 
0.022493 -0.001210 -0.001956 
-0.033523 -0.002788 -0.003775 
0.032686 -0.001140 -0.001201 
-0.016734 -0.002729 -0.002325 
0.010307 -0.002198 -0.000904 
0.008520 -0.001802 -0.000713 
-0.017867 -0.002793 -0.001886 
0.035499 -0.000718 -0.000061 
-0.026231 -0.002374 -0.002619 
0.027843 -0.000761 -0.000511 
-0.012378 -0.001310 -0.001267 
-0.005418 -0.001700 -0.001233 
0.025349 -0.000561 0.000539 
-0.028789 -0.002527 -0.001143 
0.038501 -0.000392 0.000888 
-0.020076 -0.001830 -0.001010 
0.012297 -0.001234 0.000029 
0.010802 -0.000568 0.000290 
-0.024836 -0.001707 -0.001232 
0.031181 0.000354 0.000872 
-0.027709 -0.001356 -0.001827 
0.024871 0.000229 0.000114 
-0.002935 -0.000440 -0.000494 
-0.006267 -0.000875 -0.000807 
0.031427 0.000605 0.000781 
-0.031543 -0.001272 -0.001418 
0.027846 0.000830 0.000916 
-0.020455 -0.000663 -0.000949 
0.014230 -0.000149 0.000008 
0.011540 0.000421 0.000545 
-0.021836 -0.001114 -0.000646 
0.032533 0.000888 0.001627 
-0.031825 -0.001061 -0.000930 
0.023758 0.000600 0.000990 
-0.010034 0.000092 0.000138 
-0.010057 -0.000150 -0.000029 
0.028942 0.001634 0.001327 
-0.032750 -0.000419 -0.000978 
0.030648 0.001519 0.001596 
-0.025256 -0.000121 -0.000416 
0.011409 0.000653 0.000563 
0.008245 0.000960 0.000841 
-0.023139 -0.000464 -0.000395 
0.031930 0.001629 0.001897 
-0.030184 -0.000558 -0.000654 
0.025422 0.001134 0.001417 
-0.008428 0.000316 0.000427 
-0.010046 0.000112 0.000388 
0.020314 0.001719 0.002061 
-0.031855 -0.000467 -0.000277 
0.034622 0.001693 0.002225 
-0.021765 0.000101 0.000119 
0.005021 0.000802 0.000978 
0.005271 0.001742 0.001282 
-0.023644 -0.000021 -0.000519 
0.036923 0.002074 0.002012 
-0.027867 -0.000464 -0.000302 
0.023278 0.000860 0.001686 
-0.003149 0.000602 0.000959 
-0.021993 -0.000190 0.000315 
0.020062 0.001917 0.002382 
-0.031442 -0.000202 -0.000381 
0.031377 0.002001 0.001902 
-0.017693 0.000519 0.000146 
0.003636 0.000974 0.000882 
0.010218 0.001934 0.001568 
-0.025665 0.000249 -0.000486 
0.033745 0.002264 0.002413 
-0.025882 -0.000206 0.000113 
0.020361 0.001285 0.001918 
-0.001823 0.001095 0.000929 
-0.015107 0.000407 0.000017 
0.024916 0.002376 0.001953 
-0.037704 0.000118 -0.000722 
0.027008 0.002034 0.001688 
-0.015004 0.000637 0.000083 
0.003444 0.000912 0.000857 
0.020415 0.001932 0.002044 
-0.023796 -0.000049 -0.000088 
0.031499 0.002397 0.002207 
-0.030040 0.000485 -0.000518 
0.016922 0.001696 0.001161 
0.005926 0.001613 0.001250 
-0.014588 0.000286 0.000136 
0.029882 0.002468 0.002448 
-0.029912 0.000165 -0.000224 
0.031423 0.002049 0.001748 
-0.004276 0.001363 0.000100 
-0.002704 0.000829 0.000190 
0.023364 0.002192 0.002222 
-0.031174 -0.000424 0.000124 
0.033156 0.001537 0.002916 
-0.015710 -0.000202 0.000835 
0.004533 0.000331 0.001311 
0.012449 0.001320 0.001751 
-0.030017 -0.000557 -0.000140 
0.029217 0.001820 0.002522 
-0.033065 -0.000109 -0.000063 
0.019396 0.001106 0.001689 
0.007391 0.001016 0.001399 
-0.018759 -0.000187 0.000318 
0.031765 0.001937 0.002327 
-0.030352 -0.000276 -0.000625 
0.021204 0.001775 0.001889 
-0.014071 0.000691 0.000849 
-0.002130 0.000218 0.001001 
0.024646 0.001700 0.002632 
-0.035690 -0.000294 -0.000072 
0.030069 0.002256 0.002043 
-0.020967 0.000622 -0.000277 
0.003612 0.001472 0.000623 
0.003351 0.002314 0.001292 
-0.026670 0.000419 -0.000440 
0.034612 0.002734 0.002104 
-0.030640 0.000708 -0.000644 
0.020515 0.001876 0.001150 
0.000193 0.001713 0.000661 
-0.019340 0.000858 -0.000415 
0.030483 0.002948 0.001822 
-0.028603 0.000997 -0.001331 
0.026686 0.002842 0.001156 
-0.017226 0.001418 0.000068 
-0.008230 0.001023 0.000301 
0.016070 0.002276 0.002114 
-0.033506 -0.000180 -0.000044 
0.033800 0.002146 0.002569 
-0.018507 0.000422 0.000108 
0.007167 0.001160 0.001182 
0.011808 0.001720 0.001423 
-0.021740 0.000233 -0.000302 
0.031665 0.002673 0.002059 
-0.029879 0.000663 -0.000888 
0.020078 0.002139 0.001360 
-0.008557 0.001488 0.000629 
-0.016925 0.000549 0.000082 
0.026729 0.002176 0.001875 
-0.031088 0.000034 -0.000905 
0.030691 0.002610 0.001835 
-0.014661 0.001136 0.000263 
-0.000999 0.001055 0.000963 
0.014038 0.002088 0.001919 
-0.059612 -0.002994 -0.004807 
-0.027135 -0.005366 -0.005156 
0.008682 -0.004651 -0.002616 
-0.032060 -0.005911 -0.003233 
0.033900 -0.004006 -0.001965 
-0.021226 -0.004675 -0.004488 
0.008317 -0.003948 -0.003745 
0.008782 -0.003346 -0.003266 
-0.028710 -0.004179 -0.004482 
0.029804 -0.002577 -0.002312 
-0.027552 -0.004083 -0.003731 
0.022550 -0.002836 -0.002495 
-0.003652 -0.002911 -0.002965 
-0.012005 -0.003543 -0.003071 
0.030251 -0.002242 -0.001356 
-0.033241 -0.004020 -0.003076 
0.031264 -0.002286 -0.001458 
-0.006950 -0.002752 -0.002864 
-0.000588 -0.002447 -0.002952 
0.022436 -0.001284 -0.002015 
-0.033579 -0.002862 -0.003833 
0.032630 -0.001214 -0.001259 
-0.016790 -0.002802 -0.002383 
0.010251 -0.002271 -0.000961 
0.008465 -0.001875 -0.000770 
-0.017923 -0.002865 -0.001943 
0.035444 -0.000790 -0.000118 
-0.026285 -0.002445 -0.002676 
0.027788 -0.000832 -0.000568 
-0.012432 -0.001381 -0.001323 
-0.005472 -0.001770 -0.001288 
0.025295 -0.000631 0.000484 
-0.028842 -0.002596 -0.001198 
0.038448 -0.000461 0.000833 
-0.020129 -0.001899 -0.001064 
0.012244 -0.001303 -0.000026 
0.010750 -0.000637 0.000236 
-0.024888 -0.001775 -0.001286 
0.031129 0.000287 0.000818 
-0.027761 -0.001423 -0.001880 
0.024820 0.000162 0.000061 
-0.002986 -0.000507 -0.000547 
-0.006318 -0.000941 -0.000860 
0.031376 0.000539 0.000729 
-0.031593 -0.001338 -0.001470 
0.027796 0.000765 0.000864 
-0.020505 -0.000728 -0.001001 
0.014181 -0.000214 -0.000043 
0.011491 0.000356 0.000494 
-0.021885 -0.001178 -0.000697 
0.032484 0.000824 0.001576 
-0.031874 -0.001125 -0.000981 
0.023710 0.000537 0.000940 
-0.010082 0.000029 0.000088 
-0.010105 -0.000213 -0.000079 
0.028895 0.001572 0.001277 
-0.032797 -0.000481 -0.001027 
0.030601 0.001458 0.001547 
-0.025303 -0.000182 -0.000465 
0.011363 0.000592 0.000515 
0.008198 0.000900 0.000793 
-0.023186 -0.000524 -0.000443 
0.031884 0.001569 0.001849 
-0.030230 -0.000618 -0.000701 
0.025377 0.001074 0.001369 
-0.008473 0.000257 0.000380 
-0.010091 0.000053 0.000341 
0.020269 0.001660 0.002015 
-0.031900 -0.000526 -0.000323 
0.034578 0.001635 0.002178 
-0.021809 0.000043 0.000073 
0.004977 0.000744 0.000932 
0.005227 0.001685 0.001236 
-0.023688 -0.000078 -0.000565 
0.036879 0.002017 0.001967 
-0.027910 -0.000520 -0.000347 
0.023235 0.000804 0.001641 
-0.003192 0.000546 0.000915 
-0.022035 -0.000246 0.000271 
0.020020 0.001861 0.002337 
-0.031484 -0.000257 -0.000425 
0.031335 0.001946 0.001858 
-0.017735 0.000464 0.000103 
0.003594 0.000920 0.000839 
0.010176 0.001880 0.001525 
-0.025706 0.000196 -0.000529 
0.033704 0.002211 0.002370 
-0.025923 -0.000259 0.000071 
0.020320 0.001232 0.001875 
-0.001864 0.001042 0.000887 
-0.015147 0.000355 -0.000024 
0.024875 0.002323 0.001912 
-0.037744 0.000066 -0.000764 
0.026968 0.001982 0.001646 
-0.015044 0.000585 0.000042 
0.003405 0.000861 0.000816 
0.020376 0.001881 0.002003 
-0.023835 -0.000100 -0.000128 
0.031460 0.002346 0.002167 
-0.030079 0.000435 -0.000558 
0.016883 0.001646 0.001121 
0.005888 0.001564 0.001210 
-0.014626 0.000237 0.000096 
0.029844 0.002419 0.002409 
-0.029950 0.000116 -0.000263 
0.031385 0.002000 0.001709 
-0.004314 0.001314 0.000061 
-0.002742 0.000781 0.000152 
0.023327 0.002144 0.002184 
-0.031211 -0.000472 0.000086 
0.033119 0.001490 0.002878 
-0.015746 -0.000249 0.000798 
0.004497 0.000284 0.001273 
0.012413 0.001273 0.001714 
-0.030053 -0.000603 -0.000178 
0.029181 0.001773 0.002484 
-0.033100 -0.000155 -0.000100 
0.019361 0.001060 0.001652 
0.007356 0.000970 0.001362 
-0.018794 -0.000233 0.000282 
0.031730 0.001892 0.002291 
-0.030387 -0.000322 -0.000661 
0.021170 0.001730 0.001853 
-0.014105 0.000646 0.000814 
-0.002164 0.000173 0.000965 
0.024612 0.001656 0.002597 
-0.035724 -0.000339 -0.000107 
0.030035 0.002212 0.002008 
-0.021001 0.000579 -0.000312 
0.003579 0.001429 0.000589 
0.003318 0.002271 0.001257 
-0.026703 0.000376 -0.000474 
0.034579 0.002691 0.002070 
-0.030673 0.000665 -0.000678 
0.020482 0.001833 0.001116 
0.000161 0.001671 0.000627 
-0.019373 0.000816 -0.000449 
0.030450 0.002906 0.001789 
-0.028635 0.000956 -0.001364 
0.026654 0.002801 0.001123 
-0.017258 0.001377 0.000035 
-0.008262 0.000982 0.000268 
0.016039 0.002235 0.002082 
-0.033537 -0.000221 -0.000076 
0.033769 0.002106 0.002537 
-0.018538 0.000382 0.000076 
0.007136 0.001119 0.001150 
0.011777 0.001680 0.001391 
-0.021770 0.000193 -0.000334 
0.031634 0.002634 0.002028 
-0.029909 0.000623 -0.000919 
0.020048 0.002100 0.001329 
-0.008587 0.001449 0.000598 
-0.016955 0.000510 0.000051 
0.026699 0.002138 0.001844 
-0.031118 -0.000004 -0.000936 
0.030662 0.002571 0.001805 
-0.014691 0.001098 0.000233 
-0.001028 0.001017 0.000933 
0.014009 0.002051 0.001889 
-0.059640 -0.003032 -0.004837 
-0.027163 -0.005403 -0.005186 
0.008653 -0.004688 -0.002646 
-0.032088 -0.005948 -0.003263 
0.033872 -0.004043 -0.001994 
-0.021255 -0.004712 -0.004517 
0.008289 -0.003984 -0.003774 
0.008754 -0.003382 -0.003295 
-0.028738 -0.004215 -0.004511 
0.029776 -0.002613 -0.002341 
-0.027579 -0.004119 -0.003759 
0.022522 -0.002872 -0.002524 
-0.003679 -0.002947 -0.002993 
-0.012032 -0.003578 -0.003099 
0.030224 -0.002277 -0.001384 
-0.033267 -0.004055 -0.003104 
0.031238 -0.002321 -0.001485 
-0.006976 -0.002787 -0.002892 
-0.000614 -0.002482 -0.002979 
0.022410 -0.001318 -0.002042 
-0.033606 -0.002896 -0.003860 
0.032604 -0.001248 -0.001286 
-0.016816 -0.002836 -0.002410 
0.010225 -0.002304 -0.000988 
0.008439 -0.001908 -0.000797 
-0.017948 -0.002898 -0.001970 
0.035418 -0.000823 -0.000145 
-0.026311 -0.002478 -0.002702 
0.027763 -0.000865 -0.000594 
-0.012458 -0.001413 -0.001349 
-0.005497 -0.001803 -0.001314 
0.025270 -0.000663 0.000458 
-0.028867 -0.002628 -0.001224 
0.038423 -0.000493 0.000807 
-0.020154 -0.001931 -0.001090 
0.012220 -0.001334 -0.000051 
0.010725 -0.000668 0.000211 
-0.024912 -0.001807 -0.001311 
0.031105 0.000255 0.000793 
-0.027785 -0.001454 -0.001905 
0.024796 0.000131 0.000036 
-0.003010 -0.000537 -0.000571 
-0.006341 -0.000972 -0.000884 
0.031353 0.000509 0.000704 
-0.031617 -0.001368 -0.001494 
0.027773 0.000735 0.000840 
-0.020528 -0.000758 -0.001025 
0.014158 -0.000244 -0.000067 
0.011468 0.000327 0.000470 
-0.021908 -0.001208 -0.000721 
0.032461 0.000795 0.001553 
-0.031897 -0.001154 -0.001004 
0.023687 0.000507 0.000917 
-0.010105 -0.000000 0.000064 
-0.010127 -0.000242 -0.000102 
0.028873 0.001543 0.001255 
-0.032820 -0.000510 -0.001050 
0.030579 0.001429 0.001524 
-0.025325 -0.000211 -0.000487 
0.011341 0.000564 0.000492 
0.008176 0.000872 0.000770 
-0.023207 -0.000552 -0.000465 
0.031863 0.001541 0.001827 
-0.030252 -0.000646 -0.000724 
0.025355 0.001046 0.001347 
-0.008494 0.000229 0.000358 
-0.010112 0.000025 0.000319 
0.020248 0.001633 0.001993 
-0.031921 -0.000553 -0.000345 
0.034557 0.001608 0.002157 
-0.021830 0.000016 0.000052 
0.004956 0.000717 0.000910 
0.005206 0.001659 0.001215 
-0.023709 -0.000105 -0.000586 
0.036859 0.001991 0.001946 
-0.027930 -0.000547 -0.000368 
0.023215 0.000778 0.001621 
-0.003212 0.000520 0.000894 
-0.022055 -0.000272 0.000250 
0.020000 0.001836 0.002317 
-0.031504 -0.000283 -0.000446 
0.031315 0.001921 0.001838 
-0.017754 0.000439 0.000083 
0.003574 0.000894 0.000819 
0.010157 0.001855 0.001505 
-0.025726 0.000171 -0.000549 
0.033685 0.002186 0.002350 
-0.025942 -0.000284 0.000051 
0.020301 0.001208 0.001856 
-0.001882 0.001017 0.000868 
-0.015166 0.000330 -0.000044 
0.024857 0.002299 0.001892 
-0.037763 0.000042 -0.000783 
0.026949 0.001958 0.001627 
-0.015062 0.000562 0.000023 
0.003387 0.000837 0.000797 
0.020358 0.001857 0.001984 
-0.023853 -0.000123 -0.000147 
0.031442 0.002323 0.002148 
-0.030097 0.000411 -0.000576 
0.016865 0.001623 0.001102 
0.005870 0.001540 0.001191 
-0.014644 0.000214 0.000078 
0.029826 0.002396 0.002390 
-0.029967 0.000093 -0.000281 
0.031368 0.001977 0.001691 
-0.004331 0.001292 0.000043 
-0.002759 0.000758 0.000134 
0.023310 0.002122 0.002166 
-0.031228 -0.000494 0.000068 
0.033102 0.001467 0.002860 
-0.015763 -0.000271 0.000780 
0.004480 0.000262 0.001256 
0.012396 0.001251 0.001696 
-0.030070 -0.000625 -0.000195 
0.029164 0.001752 0.002467 
-0.033117 -0.000177 -0.000117 
0.019344 0.001039 0.001635 
0.007339 0.000949 0.001345 
-0.018810 -0.000254 0.000265 
0.031713 0.001871 0.002274 
-0.030403 -0.000343 -0.000678 
0.021154 0.001709 0.001836 
-0.014121 0.000626 0.000797 
-0.002180 0.000152 0.000949 
0.024596 0.001635 0.002581 
-0.035740 -0.000359 -0.000123 
0.030020 0.002192 0.001991 
-0.021016 0.000558 -0.000328 
0.003563 0.001409 0.000573 
0.003302 0.002251 0.001241 
-0.026719 0.000356 -0.000490 
0.034564 0.002671 0.002054 
-0.030688 0.000646 -0.000694 
0.020467 0.001814 0.001101 
0.000146 0.001651 0.000612 
-0.019388 0.000796 -0.000465 
0.030435 0.002887 0.001773 
-0.028650 0.000936 -0.001379 
0.026639 0.002781 0.001107 
-0.017273 0.001358 0.000020 
-0.008276 0.000963 0.000253 
0.016024 0.002216 0.002067 
-0.033552 -0.000240 -0.000091 
0.033754 0.002087 0.002522 
-0.018553 0.000363 0.000061 
0.007122 0.001101 0.001135 
0.011763 0.001662 0.001376 
-0.021784 0.000175 -0.000348 
0.031620 0.002615 0.002013 
-0.029923 0.000605 -0.000934 
0.020034 0.002082 0.001314 
-0.008601 0.001431 0.000583 
-0.016968 0.000492 0.000036 
0.026685 0.002120 0.001830 
-0.031131 -0.000022 -0.000950 
0.030648 0.002553 0.001791 
-0.014704 0.001080 0.000219 
-0.001042 0.001000 0.000919 
0.013995 0.002033 0.001875 
-0.059654 -0.003049 -0.004851 
-0.027177 -0.005420 -0.005200 
0.008640 -0.004706 -0.002660 
-0.032101 -0.005965 -0.003276 
0.033859 -0.004060 -0.002008 
-0.021268 -0.004729 -0.004531 
0.008276 -0.004001 -0.003788 
0.008741 -0.003399 -0.003308 
-0.028751 -0.004232 -0.004525 
0.029764 -0.002630 -0.002354 
-0.027592 -0.004136 -0.003773 
0.022510 -0.002888 -0.002537 
-0.003691 -0.002963 -0.003007 
-0.012045 -0.003595 -0.003112 
0.030212 -0.002293 -0.001397 
-0.033280 -0.004071 -0.003116 
0.031225 -0.002337 -0.001498 
-0.006989 -0.002803 -0.002905 
-0.000627 -0.002498 -0.002992 
0.022398 -0.001334 -0.002055 
-0.033618 -0.002911 -0.003873 
0.032592 -0.001263 -0.001299 
-0.016828 -0.002852 -0.002422 
0.010213 -0.002320 -0.001001 
0.008427 -0.001924 -0.000809 
-0.017960 -0.002913 -0.001982 
0.035407 -0.000838 -0.000157 
-0.026322 -0.002494 -0.002715 
0.027752 -0.000880 -0.000606 
-0.012469 -0.001429 -0.001361 
-0.005509 -0.001818 -0.001326 
0.025259 -0.000678 0.000446 
-0.028878 -0.002643 -0.001236 
0.038412 -0.000508 0.000795 
-0.020165 -0.001946 -0.001102 
0.012208 -0.001349 -0.000063 
0.010714 -0.000683 0.000199 
-0.024923 -0.001821 -0.001322 
0.031094 0.000241 0.000782 
-0.027796 -0.001468 -0.001917 
0.024785 0.000117 0.000025 
-0.003021 -0.000552 -0.000583 
-0.006352 -0.000986 -0.000896 
0.031342 0.000495 0.000693 
-0.031628 -0.001382 -0.001505 
0.027762 0.000721 0.000829 
-0.020539 -0.000772 -0.001036 
0.014147 -0.000257 -0.000078 
0.011457 0.000313 0.000459 
-0.021918 -0.001222 -0.000732 
0.032451 0.000781 0.001542 
-0.031907 -0.001168 -0.001015 
0.023677 0.000494 0.000906 
-0.010115 -0.000014 0.000054 
-0.010137 -0.000255 -0.000113 
0.028862 0.001530 0.001244 
-0.032830 -0.000523 -0.001061 
0.030569 0.001416 0.001514 
-0.025335 -0.000224 -0.000498 
0.011331 0.000551 0.000482 
0.008166 0.000858 0.000760 
-0.023217 -0.000565 -0.000476 
0.031853 0.001528 0.001817 
-0.030262 -0.000659 -0.000734 
0.025345 0.001034 0.001337 
-0.008504 0.000216 0.000348 
-0.010122 0.000013 0.000309 
0.020239 0.001620 0.001983 
-0.031931 -0.000565 -0.000355 
0.034547 0.001596 0.002147 
-0.021840 0.000003 0.000042 
0.004947 0.000705 0.000901 
0.005197 0.001646 0.001205 
-0.023718 -0.000117 -0.000596 
0.036849 0.001979 0.001936 
-0.027940 -0.000559 -0.000377 
0.023206 0.000766 0.001611 
-0.003221 0.000508 0.000885 
-0.022064 -0.000283 0.000240 
0.019991 0.001824 0.002307 
-0.031513 -0.000295 -0.000455 
0.031306 0.001909 0.001829 
-0.017763 0.000427 0.000073 
0.003565 0.000883 0.000810 
0.010148 0.001844 0.001495 
-0.025734 0.000159 -0.000558 
0.033676 0.002174 0.002341 
-0.025951 -0.000295 0.000042 
0.020292 0.001196 0.001847 
-0.001891 0.001006 0.000859 
-0.015174 0.000319 -0.000053 
0.024848 0.002288 0.001883 
-0.037771 0.000030 -0.000792 
0.026941 0.001947 0.001618 
-0.015071 0.000550 0.000014 
0.003378 0.000826 0.000788 
0.020349 0.001846 0.001975 
-0.023862 -0.000134 -0.000156 
0.031434 0.002312 0.002139 
-0.030105 0.000401 -0.000585 
0.016857 0.001612 0.001094 
0.005862 0.001530 0.001183 
-0.014652 0.000203 0.000069 
0.029818 0.002385 0.002382 
-0.029976 0.000082 -0.000290 
0.031359 0.001966 0.001683 
-0.004339 0.001281 0.000035 
-0.002767 0.000748 0.000126 
0.023302 0.002111 0.002158 
-0.031236 -0.000505 0.000060 
0.033094 0.001457 0.002852 
-0.015771 -0.000282 0.000772 
0.004472 0.000252 0.001248 
0.012389 0.001241 0.001688 
-0.030078 -0.000635 -0.000203 
0.029157 0.001742 0.002459 
-0.033125 -0.000187 -0.000125 
0.019337 0.001029 0.001627 
0.007332 0.000939 0.001337 
-0.018818 -0.000264 0.000257 
0.031706 0.001861 0.002266 
-0.030411 -0.000352 -0.000686 
0.021146 0.001700 0.001828 
-0.014129 0.000616 0.000789 
-0.002187 0.000143 0.000941 
0.024589 0.001626 0.002573 
-0.035747 -0.000369 -0.000131 
0.030013 0.002182 0.001984 
-0.021024 0.000549 -0.000335 
0.003556 0.001399 0.000565 
0.003295 0.002241 0.001234 
-0.026726 0.000347 -0.000498 
0.034557 0.002662 0.002047 
-0.030695 0.000636 -0.000701 
0.020460 0.001804 0.001093 
0.000139 0.001642 0.000605 
-0.019395 0.000787 -0.000472 
0.030428 0.002878 0.001766 
-0.028657 0.000927 -0.001386 
0.026632 0.002772 0.001100 
-0.017279 0.001349 0.000012 
-0.008283 0.000954 0.000246 
0.016017 0.002207 0.002060 
-0.033558 -0.000249 -0.000098 
0.033747 0.002078 0.002515 
-0.018560 0.000354 0.000054 
0.007115 0.001092 0.001128 
0.011756 0.001653 0.001370 
-0.021791 0.000166 -0.000355 
0.031614 0.002607 0.002006 
-0.029930 0.000597 -0.000941 
0.020028 0.002073 0.001307 
-0.008608 0.001423 0.000577 
-0.016975 0.000484 0.000030 
0.026679 0.002111 0.001823 
-0.031138 -0.000030 -0.000956 
0.030642 0.002545 0.001784 
-0.014711 0.001072 0.000212 
-0.001048 0.000992 0.000913 
0.013989 0.002025 0.001868 
-0.059660 -0.003057 -0.004857 
-0.027183 -0.005428 -0.005206 
0.008634 -0.004714 -0.002666 
-0.032107 -0.005973 -0.003283 
0.033853 -0.004068 -0.002014 
-0.021274 -0.004736 -0.004537 
0.008270 -0.004009 -0.003794 
0.008735 -0.003407 -0.003315 
-0.028757 -0.004240 -0.004531 
0.029758 -0.002637 -0.002360 
-0.027598 -0.004143 -0.003779 
0.022504 -0.002896 -0.002543 
-0.003697 -0.002971 -0.003013 
-0.012051 -0.003602 -0.003118 
0.030206 -0.002301 -0.001403 
-0.033286 -0.004079 -0.003122 
0.031219 -0.002344 -0.001504 
-0.006994 -0.002810 -0.002911 
-0.000632 -0.002505 -0.002998 
0.022392 -0.001341 -0.002061 
-0.033623 -0.002919 -0.003879 
0.032586 -0.001271 -0.001304 
-0.016834 -0.002859 -0.002428 
0.010208 -0.002327 -0.001006 
0.008422 -0.001931 -0.000815 
-0.017965 -0.002921 -0.001988 
0.035401 -0.000845 -0.000163 
-0.026328 -0.002501 -0.002720 
0.027746 -0.000887 -0.000612 
-0.012475 -0.001436 -0.001367 
-0.005514 -0.001825 -0.001332 
0.025253 -0.000685 0.000440 
-0.028884 -0.002650 -0.001242 
0.038407 -0.000515 0.000790 
-0.020170 -0.001953 -0.001107 
0.012203 -0.001356 -0.000068 
0.010709 -0.000690 0.000194 
-0.024929 -0.001828 -0.001328 
0.031089 0.000234 0.000777 
-0.027801 -0.001475 -0.001922 
0.024780 0.000110 0.000020 
-0.003026 -0.000558 -0.000588 
-0.006357 -0.000993 -0.000901 
0.031337 0.000488 0.000688 
-0.031633 -0.001389 -0.001510 
0.027757 0.000714 0.000823 
-0.020544 -0.000778 -0.001041 
0.014142 -0.000264 -0.000083 
0.011453 0.000306 0.000454 
-0.021923 -0.001228 -0.000737 
0.032446 0.000775 0.001537 
-0.031912 -0.001174 -0.001020 
0.023672 0.000488 0.000901 
-0.010120 -0.000020 0.000049 
-0.010142 -0.000261 -0.000118 
0.028858 0.001524 0.001239 
-0.032834 -0.000529 -0.001066 
0.030564 0.001410 0.001509 
-0.025340 -0.000230 -0.000503 
0.011326 0.000545 0.000477 
0.008162 0.000852 0.000755 
-0.023222 -0.000571 -0.000480 
0.031848 0.001522 0.001812 
-0.030266 -0.000665 -0.000739 
0.025341 0.001028 0.001332 
-0.008509 0.000210 0.000343 
-0.010126 0.000007 0.000304 
0.020234 0.001614 0.001978 
-0.031935 -0.000571 -0.000359 
0.034543 0.001590 0.002142 
-0.021844 -0.000002 0.000037 
0.004942 0.000699 0.000896 
0.005193 0.001640 0.001200 
-0.023722 -0.000123 -0.000600 
0.036845 0.001973 0.001932 
-0.027944 -0.000564 -0.000382 
0.023201 0.000760 0.001606 
-0.003226 0.000503 0.000880 
-0.022069 -0.000289 0.000236 
0.019987 0.001818 0.002303 
-0.031517 -0.000300 -0.000460 
0.031302 0.001903 0.001824 
-0.017768 0.000422 0.000069 
0.003561 0.000877 0.000805 
0.010144 0.001838 0.001491 
-0.025739 0.000154 -0.000562 
0.033672 0.002169 0.002337 
-0.025955 -0.000301 0.000038 
0.020288 0.001191 0.001843 
-0.001895 0.001001 0.000854 
-0.015179 0.000314 -0.000057 
0.024844 0.002283 0.001879 
-0.037775 0.000025 -0.000796 
0.026937 0.001941 0.001614 
-0.015075 0.000545 0.000010 
0.003374 0.000821 0.000784 
0.020345 0.001841 0.001971 
-0.023865 -0.000139 -0.000160 
0.031430 0.002307 0.002135 
-0.030109 0.000395 -0.000589 
0.016853 0.001607 0.001090 
0.005858 0.001525 0.001179 
-0.014656 0.000198 0.000066 
0.029814 0.002380 0.002378 
-0.029979 0.000077 -0.000294 
0.031356 0.001962 0.001679 
-0.004343 0.001276 0.000031 
-0.002771 0.000743 0.000122 
0.023298 0.002106 0.002154 
-0.031240 -0.000509 0.000056 
0.033091 0.001452 0.002848 
-0.015775 -0.000286 0.000768 
0.004469 0.000247 0.001244 
0.012385 0.001236 0.001684 
-0.030081 -0.000640 -0.000207 
0.029153 0.001737 0.002456 
-0.033128 -0.000191 -0.000128 
0.019333 0.001024 0.001624 
0.007328 0.000934 0.001334 
-0.018821 -0.000269 0.000253 
0.031702 0.001857 0.002263 
-0.030414 -0.000357 -0.000689 
0.021143 0.001695 0.001825 
-0.014132 0.000611 0.000786 
-0.002191 0.000138 0.000938 
0.024585 0.001621 0.002569 
-0.035751 -0.000373 -0.000134 
0.030009 0.002178 0.001980 
-0.021027 0.000544 -0.000339 
0.003553 0.001395 0.000562 
0.003292 0.002237 0.001230 
-0.026729 0.000342 -0.000501 
0.034553 0.002658 0.002043 
-0.030698 0.000632 -0.000705 
0.020457 0.001800 0.001090 
0.000135 0.001638 0.000601 
-0.019398 0.000783 -0.000475 
0.030425 0.002874 0.001763 
-0.028660 0.000923 -0.001390 
0.026629 0.002768 0.001097 
-0.017283 0.001345 0.000009 
-0.008286 0.000950 0.000243 
0.016014 0.002203 0.002056 
-0.033561 -0.000253 -0.000101 
0.033744 0.002074 0.002512 
-0.018563 0.000350 0.000051 
0.007112 0.001088 0.001125 
0.011753 0.001649 0.001366 
-0.021794 0.000162 -0.000358 
0.031611 0.002603 0.002003 
-0.029933 0.000593 -0.000944 
0.020025 0.002070 0.001304 
-0.008611 0.001419 0.000574 
-0.016978 0.000480 0.000026 
0.026676 0.002108 0.001820 
-0.031141 -0.000034 -0.000959 
0.030639 0.002541 0.001781 
-0.014713 0.001068 0.000209 
-0.001051 0.000988 0.000910 
0.013986 0.002021 0.001865 
-0.059663 -0.003061 -0.004860 
-0.027186 -0.005432 -0.005209 
0.008631 -0.004717 -0.002669 
-0.032110 -0.005977 -0.003286 
0.033850 -0.004072 -0.002017 
-0.021276 -0.004740 -0.004540 
0.008267 -0.004013 -0.003797 
0.008732 -0.003410 -0.003317 
-0.028759 -0.004243 -0.004534 
0.029755 -0.002641 -0.002363 
-0.027601 -0.004147 -0.003782 
0.022501 -0.002900 -0.002546 
-0.003700 -0.002974 -0.003015 
-0.012054 -0.003606 -0.003121 
0.030203 -0.002304 -0.001406 
-0.033288 -0.004082 -0.003125 
0.031217 -0.002348 -0.001507 
-0.006997 -0.002814 -0.002913 
-0.000635 -0.002508 -0.003001 
0.022389 -0.001345 -0.002064 
-0.033626 -0.002922 -0.003882 
0.032584 -0.001274 -0.001307 
-0.016837 -0.002862 -0.002431 
0.010205 -0.002331 -0.001009 
0.008419 -0.001934 -0.000817 
-0.017968 -0.002924 -0.001990 
0.035399 -0.000849 -0.000165 
-0.026330 -0.002504 -0.002723 
0.027744 -0.000890 -0.000614 
-0.012477 -0.001439 -0.001369 
-0.005516 -0.001828 -0.001334 
0.025251 -0.000689 0.000438 
-0.028886 -0.002653 -0.001244 
0.038404 -0.000518 0.000787 
-0.020173 -0.001956 -0.001110 
0.012201 -0.001359 -0.000071 
0.010706 -0.000693 0.000191 
-0.024931 -0.001831 -0.001330 
0.031087 0.000231 0.000774 
-0.027803 -0.001478 -0.001925 
0.024777 0.000107 0.000017 
-0.003028 -0.000561 -0.000590 
-0.006360 -0.000996 -0.000903 
0.031335 0.000485 0.000685 
-0.031635 -0.001392 -0.001513 
0.027755 0.000711 0.000821 
-0.020546 -0.000781 -0.001044 
0.014140 -0.000267 -0.000085 
0.011450 0.000303 0.000452 
-0.021926 -0.001231 -0.000739 
0.032444 0.000772 0.001535 
-0.031914 -0.001177 -0.001023 
0.023670 0.000485 0.000899 
-0.010122 -0.000023 0.000046 
-0.010144 -0.000264 -0.000120 
0.028855 0.001521 0.001237 
-0.032837 -0.000532 -0.001068 
0.030562 0.001407 0.001507 
-0.025342 -0.000233 -0.000505 
0.011324 0.000542 0.000475 
0.008160 0.000850 0.000753 
-0.023224 -0.000574 -0.000483 
0.031846 0.001519 0.001810 
-0.030268 -0.000667 -0.000741 
0.025339 0.001025 0.001330 
-0.008511 0.000208 0.000341 
-0.010128 0.000004 0.000302 
0.020232 0.001612 0.001976 
-0.031937 -0.000574 -0.000362 
0.034541 0.001587 0.002140 
-0.021846 -0.000005 0.000035 
0.004940 0.000697 0.000894 
0.005190 0.001638 0.001198 
-0.023724 -0.000125 -0.000602 
0.036843 0.001970 0.001930 
-0.027946 -0.000567 -0.000384 
0.023199 0.000758 0.001604 
-0.003228 0.000500 0.000878 
-0.022071 -0.000292 0.000234 
0.019985 0.001816 0.002301 
-0.031519 -0.000303 -0.000462 
0.031300 0.001901 0.001822 
-0.017769 0.000419 0.000067 
0.003559 0.000875 0.000803 
0.010142 0.001836 0.001489 
-0.025740 0.000151 -0.000564 
0.033670 0.002166 0.002335 
-0.025957 -0.000303 0.000036 
0.020286 0.001189 0.001841 
-0.001897 0.000998 0.000852 
-0.015180 0.000311 -0.000059 
0.024842 0.002280 0.001877 
-0.037777 0.000023 -0.000798 
0.026935 0.001939 0.001612 
-0.015077 0.000543 0.000008 
0.003372 0.000818 0.000782 
0.020343 0.001839 0.001969 
-0.023867 -0.000142 -0.000162 
0.031428 0.002304 0.002134 
-0.030111 0.000393 -0.000591 
0.016851 0.001604 0.001088 
0.005856 0.001522 0.001177 
-0.014657 0.000196 0.000064 
0.029813 0.002378 0.002376 
-0.029981 0.000075 -0.000295 
0.031354 0.001959 0.001677 
-0.004344 0.001274 0.000029 
-0.002772 0.000741 0.000120 
0.023297 0.002104 0.002152 
-0.031241 -0.000512 0.000054 
0.033089 0.001450 0.002846 
-0.015776 -0.000289 0.000766 
0.004467 0.000245 0.001242 
0.012383 0.001234 0.001683 
-0.030083 -0.000642 -0.000208 
0.029151 0.001735 0.002454 
-0.033130 -0.000193 -0.000130 
0.019331 0.001022 0.001622 
0.007327 0.000932 0.001332 
-0.018823 -0.000271 0.000252 
0.031701 0.001854 0.002261 
-0.030416 -0.000359 -0.000691 
0.021141 0.001693 0.001823 
-0.014134 0.000609 0.000784 
-0.002192 0.000136 0.000936 
0.024584 0.001619 0.002568 
-0.035752 -0.000375 -0.000136 
0.030008 0.002176 0.001979 
-0.021029 0.000542 -0.000340 
0.003551 0.001393 0.000560 
0.003290 0.002235 0.001229 
-0.026730 0.000340 -0.000503 
0.034552 0.002656 0.002042 
-0.030700 0.000630 -0.000706 
0.020455 0.001798 0.001089 
0.000134 0.001636 0.000600 
-0.019400 0.000781 -0.000477 
0.030424 0.002872 0.001761 
-0.028662 0.000921 -0.001391 
0.026627 0.002766 0.001095 
-0.017284 0.001343 0.000008 
-0.008288 0.000948 0.000241 
0.016013 0.002201 0.002055 
-0.033563 -0.000255 -0.000103 
0.033743 0.002072 0.002510 
-0.018564 0.000349 0.000049 
0.007111 0.001086 0.001123 
0.011752 0.001647 0.001365 
-0.021795 0.000160 -0.000360 
0.031609 0.002601 0.002002 
-0.029934 0.000591 -0.000945 
0.020023 0.002068 0.001303 
-0.008612 0.001417 0.000572 
-0.016979 0.000478 0.000025 
0.026675 0.002106 0.001819 
-0.031142 -0.000036 -0.000961 
0.030637 0.002540 0.001780 
-0.014715 0.001066 0.000208 
-0.001052 0.000986 0.000908 
0.013985 0.002020 0.001864 
-0.059664 -0.003063 -0.004862 
-0.027187 -0.005434 -0.005211 
0.008629 -0.004719 -0.002670 
-0.032112 -0.005979 -0.003287 
0.033849 -0.004073 -0.002019 
-0.021278 -0.004742 -0.004541 
0.008266 -0.004014 -0.003798 
0.008731 -0.003412 -0.003319 
-0.028761 -0.004245 -0.004535 
0.029754 -0.002643 -0.002364 
-0.027602 -0.004149 -0.003783 
0.022500 -0.002901 -0.002547 
-0.003701 -0.002976 -0.003017 
-0.012055 -0.003607 -0.003123 
0.030202 -0.002306 -0.001407 
-0.033290 -0.004084 -0.003127 
0.031216 -0.002349 -0.001508 
-0.006998 -0.002816 -0.002915 
-0.000636 -0.002510 -0.003002 
0.022388 -0.001346 -0.002065 
-0.033627 -0.002924 -0.003883 
0.032583 -0.001276 -0.001308 
-0.016838 -0.002864 -0.002432 
0.010204 -0.002332 -0.001010 
0.008418 -0.001936 -0.000819 
-0.017969 -0.002925 -0.001991 
0.035397 -0.000850 -0.000166 
-0.026331 -0.002506 -0.002724 
0.027742 -0.000892 -0.000616 
-0.012478 -0.001440 -0.001371 
-0.005518 -0.001829 -0.001336 
0.025250 -0.000690 0.000437 
-0.028887 -0.002655 -0.001245 
0.038403 -0.000520 0.000786 
-0.020174 -0.001957 -0.001111 
0.012199 -0.001361 -0.000072 
0.010705 -0.000694 0.000190 
-0.024932 -0.001832 -0.001331 
0.031085 0.000229 0.000773 
-0.027805 -0.001480 -0.001926 
0.024776 0.000105 0.000016 
-0.003029 -0.000563 -0.000592 
-0.006361 -0.000997 -0.000905 
0.031334 0.000484 0.000684 
-0.031636 -0.001393 -0.001514 
0.027754 0.000710 0.000820 
-0.020547 -0.000783 -0.001045 
0.014139 -0.000268 -0.000087 
0.011449 0.000302 0.000451 
-0.021927 -0.001232 -0.000740 
0.032443 0.000771 0.001534 
-0.031915 -0.001178 -0.001024 
0.023669 0.000483 0.000897 
-0.010123 -0.000024 0.000045 
-0.010145 -0.000266 -0.000121 
0.028854 0.001519 0.001236 
-0.032838 -0.000534 -0.001069 
0.030561 0.001406 0.001506 
-0.025343 -0.000234 -0.000506 
0.011323 0.000541 0.000474 
0.008159 0.000848 0.000752 
-0.023225 -0.000575 -0.000484 
0.031845 0.001518 0.001809 
-0.030269 -0.000669 -0.000742 
0.025338 0.001024 0.001329 
-0.008512 0.000206 0.000340 
-0.010129 0.000003 0.000301 
0.020231 0.001610 0.001975 
-0.031938 -0.000575 -0.000363 
0.034540 0.001586 0.002139 
-0.021847 -0.000006 0.000034 
0.004939 0.000695 0.000893 
0.005190 0.001637 0.001197 
-0.023725 -0.000127 -0.000603 
0.036842 0.001969 0.001929 
-0.027947 -0.000568 -0.000385 
0.023198 0.000757 0.001603 
-0.003229 0.000499 0.000877 
-0.022072 -0.000293 0.000233 
0.019984 0.001814 0.002300 
-0.031520 -0.000304 -0.000463 
0.031299 0.001900 0.001821 
-0.017770 0.000418 0.000066 
0.003558 0.000874 0.000802 
0.010141 0.001835 0.001488 
-0.025741 0.000150 -0.000565 
0.033669 0.002165 0.002334 
-0.025958 -0.000304 0.000035 
0.020285 0.001187 0.001840 
-0.001898 0.000997 0.000852 
-0.015181 0.000310 -0.000060 
0.024841 0.002279 0.001876 
-0.037778 0.000022 -0.000799 
0.026934 0.001938 0.001611 
-0.015078 0.000542 0.000007 
0.003372 0.000817 0.000781 
0.020343 0.001838 0.001969 
-0.023868 -0.000143 -0.000163 
0.031428 0.002303 0.002133 
-0.030111 0.000392 -0.000592 
0.016851 0.001603 0.001087 
0.005855 0.001521 0.001176 
-0.014658 0.000195 0.000063 
0.029812 0.002377 0.002375 
-0.029982 0.000074 -0.000296 
0.031353 0.001958 0.001676 
-0.004345 0.001273 0.000028 
-0.002773 0.000740 0.000119 
0.023296 0.002103 0.002151 
-0.031242 -0.000513 0.000053 
0.033088 0.001449 0.002846 
-0.015777 -0.000290 0.000766 
0.004466 0.000244 0.001241 
0.012383 0.001233 0.001682 
-0.030084 -0.000643 -0.000209 
0.029151 0.001734 0.002453 
-0.033131 -0.000194 -0.000131 
0.019331 0.001021 0.001621 
0.007326 0.000931 0.001331 
-0.018824 -0.000272 0.000251 
0.031700 0.001853 0.002260 
-0.030417 -0.000360 -0.000692 
0.021140 0.001692 0.001822 
-0.014135 0.000608 0.000783 
-0.002193 0.000135 0.000935 
0.024583 0.001618 0.002567 
-0.035753 -0.000376 -0.000137 
0.030007 0.002175 0.001978 
-0.021029 0.000541 -0.000341 
0.003551 0.001392 0.000559 
0.003289 0.002234 0.001228 
-0.026731 0.000340 -0.000504 
0.034551 0.002655 0.002041 
-0.030700 0.000629 -0.000707 
0.020454 0.001797 0.001088 
0.000133 0.001635 0.000599 
-0.019400 0.000780 -0.000477 
0.030423 0.002871 0.001760 
-0.028662 0.000920 -0.001392 
0.026627 0.002765 0.001095 
-0.017285 0.001342 0.000007 
-0.008289 0.000947 0.000240 
0.016012 0.002200 0.002054 
-0.033564 -0.000256 -0.000104 
0.033742 0.002071 0.002510 
-0.018565 0.000348 0.000048 
0.007110 0.001085 0.001122 
0.011751 0.001646 0.001364 
-0.021796 0.000159 -0.000360 
0.031609 0.002600 0.002001 
-0.029935 0.000590 -0.000946 
0.020023 0.002067 0.001302 
-0.008613 0.001416 0.000572 
-0.016980 0.000477 0.000024 
0.026674 0.002105 0.001818 
-0.031143 -0.000037 -0.000961 
0.030637 0.002539 0.001779 
-0.014715 0.001066 0.000207 
-0.001053 0.000985 0.000908 
