0.00000000000000000000
0.00000000000000000000
0.00000000000000000000
0.00000000000000000000
0.00000000000000000000
0.00000000000000000000
0.00000000000000000000
0.00000000000000000000
0.00000000000000000000
0.00000000000000000000
0.00000000000000000000
0.00000000000000000000
0.00000000000000000000
0.00000000000000000000
0.00000000000000000000
0.00000000000000000000
0.00000000000000000000
0.00000000000000000000
0.00000000000000000000
0.00000000000000000000
0.00000000000000000000
0.00000000000000000000
0.00000000000000000000
0.00000000000000000000
0.00000000000000000000
0.00000000000000000000
0.00000000000000000000
0.00000000000000000000
0.00000000000000000000
0.00000000000000000000
0.00000000000000000000
-0.05095720626291768557
-0.98721483076665983436
-2.86378846967085420872
-5.34204476088388968691
-8.07808969473226490265
-10.75000544863002005513
-13.08071529184314840677
-14.85517552158351684000
-15.93111201300116874791
-16.24305755208263590816
-15.80055940793396729305
-15.05710905030441715269
-14.36492177649377843807
-13.71939068426497954079
-13.11641499493184959135
-12.55233476594376185176
-12.02387522170076472605
-11.52809911663931963233
-11.06236583287671670917
-10.62429614589479776043
-10.21174177806112837175
-9.82275901062758549642
-9.45558574750337932358
-9.10862152425822912960
-8.78041003792958463237
-8.46962384079623475941
-8.17505089711819010745
-7.89558274813822613680
-7.63020406915742555043
-7.37798343464916683843
-7.13806513430179823132
-6.90966190549869896387
-6.69204846680196308029
-6.48455575310961762625
-6.28656576680165546378
-6.09750697078443337773
-5.91685015921964652108
-5.74410475015938448706
-5.57881545153055924402
-5.42055925810959138289
-5.26894274245923277533
-5.12359960739525366336
-4.98418847152129806943
-4.85039086280807030249
-4.72190939817546606605
-4.59846612962898149135
-4.47980103975999277566
-4.36567067139003928133
-4.25584687786203996751
-4.15011568199015545844
-4.04827623300365768699
-3.95013985198349182326
-3.85552915731412237932
-3.76427726257610428817
-3.67622704010200607172
-3.59123044412344460952
-3.50914788806143462807
-3.42984767106624488520
-3.35320544940499809528
-3.27910374873296239784
-3.20743151367431433840
-3.13808369148594046294
-3.07096084688831050258
-3.00596880542519118151
-2.94301832296254772814
-2.88202477915982990808
-2.82290789294685895428
-2.76559145821917917729
-2.71000309812641448914
-2.65607403647369944011
-2.60373888488746141334
-2.55293544451528209294
-2.50360452113648790373
-2.45568975265689637411
-2.40913744804870688654
-2.36389643687584483089
-2.31991792861708390205
-2.27715538106455728240
-2.23556437713466893413
-2.19510250948239615809
-2.15572927235914235666
-2.11740596019905868985
-2.08009557245962861671
-2.04376272427954752686
-2.00837356255100107916
-1.97389568703455653420
-1.94029807617335037229
-1.90755101728935638761
-1.87562604086837048101
-1.84449585866229170961
-1.81413430535735198390
-1.78451628357544955783
-1.75561771199266281052
-1.72741547637467474097
-1.69988738334316780154
-1.67301211670049077007
-1.64676919615208583458
-1.62113893827740440656
-1.59610241961041987580
-1.57164144170041386595
-1.54773849803257323998
-1.52437674269610834443
-1.50153996069517736700
-1.47921253980491163027
-1.45737944388131679396
-1.43602618753984612177
-1.41513881212302172763
-1.39470386288263981100
-1.37470836730691958749
-1.35513981452739784572
-1.33598613574452973474
-1.31723568561480819383
-1.29887722454579646048
-1.28089990184881341584
-1.26329323970211637729
-1.24604711788032451736
-1.22915175920852370872
-1.21259771570201757562
-1.19637585535502877221
-1.18047734954386651651
-1.16489366101210456428
-1.14961653240724537284
-1.13463797534012544865
-1.11995025993999819391
-1.10554590487979176316
-1.09141766784750982033
-1.07755853644111310174
-1.06396171946550999188
-1.05062063861148669019
-1.03752892049753886461
-1.02468038905663338944
-1.01206905825091442175
-0.99968912509830998303
-0.98753496299587295582
-0.97560111532550974900
-0.96388228932853059483
-0.95237335023618607810
-0.94106931564402607204
-0.92996535011858805220
-0.91905676002550151793
-0.90833898856868755534
-0.89780761103086115238
-0.88745833020605424668
-0.87728697201535865702
-0.86728948129753469232
-0.85746191776656122130
-0.84780045212860266624
-0.83830136235124952382
-0.82896103007824317732
-0.81977593718324059946
-0.81074266245648773932
-0.80185787841857858460
-0.79311834825575555641
-0.78452092287148511573
-0.77606253804929148377
-0.76774021172207762564
-0.75955104134338957689
-0.75149220135629779538
-0.74356094075577372493
-0.73575458074063693203
-0.72807051245133058703
-0.72050619478995747702
-0.71305915231917615937
-0.70572697323671473857
-0.69850730742240618731
-0.69139786455479479432
-0.68439641229449355020
-0.67750077453160362229
-0.67070882969462874978
-0.66401850911842486003
-0.65742779546884955177
-0.65093472122186535334
-0.64453736719495735574
-0.63823386112882052323
-0.63202237631735869172
-0.62590113028412197593
-0.61986838350339568127
-0.61392243816422409353
-0.60806163697573289983
-0.60228436201217672163
-0.59658903359621284768
-0.59097410921896120772
-0.58543808249547035771
-0.57997948215427097551
-0.57459687105975110200
-0.56928884526613932060
-0.56405403310193458211
-0.55889109428366723353
-0.55379871905792188436
-0.54877562737059903952
-0.54382056806242684566
-0.53893231808978558917
-0.53410968176993289802
-0.52935149004976467246
-0.52465659979727397033
-0.52002389311490715418
-0.51545227667404758254
-0.51094068106988688172
-0.50648806019597258921
-0.50209339063775026979
-0.49775567108444351838
-0.49347392175863913355
-0.48924718386297394446
-0.48507451904333759307
-0.48095500886803066454
-0.47688775432233909690
-0.47287187531800456419
-0.46890651021709262025
-0.46499081536977637796
-0.46112396466557292740
-0.45730514909758768205
-0.45353357633933799598
-0.44980847033373966282
-0.44612907089386238946
-0.44249463331506860841
-0.43890442799816570263
-0.43535774008321720396
-0.43185386909366868524
-0.42839212859045816550
-0.42497184583579195039
-0.42159236146627815378
-0.41825302917512269252
-0.41495321540309942909
-0.41169229903802145865
-0.40846967112244508824
-0.40528473456935110164
-0.40213690388555456412
-0.39902560490260496895
-0.39595027451494457793
-0.39291036042510346649
-0.38990532089571494634
-0.38693462450814331000
-0.38399774992752522262
-0.38109418567402708611
-0.37822342990013518849
-0.37538499017379434175
-0.37257838326722209077
-0.36980313495122790757
-0.36705877979487566698
-0.36434486097032919849
-0.36166093006273059007
-0.35900654688496153044
-0.35638127929714596975
-0.35378470303075543191
-0.35121640151718336309
-0.34867596572065995275
-0.34616299397538080607
-0.34367709182672989687
-0.34121787187647889539
-0.33878495363184946143
-0.33637796335832875760
-0.33399653393613243368
-0.33164030472021110985
-0.32930892140370204846
-0.32700203588472753768
-0.32471930613644911512
-0.32246039608028498336
-0.32022497546220335396
-0.31801271973200745391
-0.31582330992552909432
-0.31365643254965103193
-0.31151177947008112934
-0.30938904780180315202
-0.30728793980213092718
-0.30520816276629697539
-0.30314942892550439391
-0.30111145534737943086
-0.29909396383875719305
-0.29709668085073986932
-0.29511933738596662913
-0.29316166890803629919
-0.29122341525302614107
-0.28930432054305127432
-0.28740413310181134321
-0.28552260537207191371
-0.28365949383503136216
-0.28181455893152174141
-0.27998756498499954848
-0.27817828012627637824
-0.27638647621994794079
-0.27461192879247520171
-0.27285441696187745508
-0.27111372336899425273
-0.26938963411027827544
-0.26768193867207851211
-0.26599042986637749797
-0.26431490376794469777
-0.26265515965287167255
-0.26101099993845378044
-0.25938223012438471615
-0.25776865873523152617
-0.25617009726415834736
-0.25458636011786744957
-0.25301726456272860544
-0.25146263067206625630
-0.24992228127457749576
-0.24839604190385200511
-0.24688374074896823895
-0.24538520860613807772
-0.24390027883137743725
-0.24242878729417394190
-0.24097057233213264871
-0.23952547470657137296
-0.23809333755904651952
-0.23667400636878588305
-0.23526732891100651801
-0.23387315521609766678
-0.23249133752964701305
-0.23112173027329208086
-0.22976419000637537948
-0.22841857538838672426
-0.22708474714217188883
-0.22576256801789212902
-0.22445190275771528809
-0.22315261806122235755
-0.22186458255151356167
-0.22058766674199598024
-0.21932174300383966425
-0.21806668553408423139
-0.21682237032438367308
-0.21558867513037227592
-0.21436547944164030532
-0.21315266445230277026
-0.21195011303215066656
-0.21075770969836934987
-0.20957534058781238095
-0.20840289342981896392
-0.20724025751956079433
-0.20608732369190957412
-0.20494398429581014986
-0.20381013316915153055
-0.20268566561412193483
-0.20157047837303909699
-0.20046446960464464615
-0.19936753886085184506
-0.19827958706393888910
-0.19720051648417460943
-0.19613023071787127893
-0.19506863466585139255
-0.19401563451232287094
-0.19297113770415058598
-0.19193505293051940641
-0.19090729010297635693
-0.18988776033584739422
-0.18887637592701864153
-0.18787305033907444884
-0.18687769818078645012
-0.18589023518894343123
-0.18491057821051787302
-0.18393864518515923301
-0.18297435512800958035
-0.18201762811283264676
-0.18106838525545199126
-0.18012654869748936926
-0.17919204159039964219
-0.17826478807979403984
-0.17734471329004661277
-0.17643174330917868464
-0.17552580517401411564
-0.17462682685560154683
-0.17373473724489632564
-0.17284946613869869858
-0.17197094422584149886
-0.17109910307362338755
-0.17023387511448162535
-0.16937519363290090557
-0.16852299275255216982
-0.16767720742365718745
-0.16683777341057529076
-0.16600462727960621501
-0.16517770638700629560
-0.16435694886721238794
-0.16354229362127098435
-0.16273368030546633833
-0.16193104932014631969
-0.16113434179873933894
-0.16034349959696100885
-0.15955846528220513081
-0.15877918212311614710
-0.15800559407933967293
-0.15723764579144686171
-0.15647528257103049398
-0.15571845039096784968
-0.15496709587584892032
-0.15422116629256490961
-0.15348060954105602338
-0.15274537414521330292
-0.15201540924393322496
-0.15129066458232179326
-0.15057109050304418041
-0.14985663793781911490
-0.14914725839905321192
-0.14844290397161441497
-0.14774352730474030193
-0.14704908160408025619
-0.14635952062386758943
-0.14567479865922036697
-0.14499487053856774388
-0.14431969161619959130
-0.14364921776493777550
-0.14298340536892562014
-0.14232221131653483015
-0.14166559299338624123
-0.14101350827548364553
-0.14036591552245736292
-0.13972277357091680838
-0.13908404172790869713
-0.13844967976448047109
-0.13781964790934561615
-0.13719390684264975988
-0.13657241768983599539
-0.13595514201560671141
-0.13534204181798123456
-0.13473307952244639729
-0.13412821797619997599
-0.13352742044248322451
-0.13293065059500322467
-0.13233787251244116812
-0.13174905067304720774
-0.13116414994931849258
-0.13058313560276002541
-0.13000597327872678854
-0.12943262900134494542
-0.12886306916851189563
-0.12829726054697254689
-0.12773517026747172043
-0.12717676581997996998
-0.12662201504899314730
-0.12607088614890282763
-0.12552334765943756745
-0.12497936846117321807
-0.12443891777111087960
-0.12390196513832223146
-0.12336848043965978339
-0.12283843387553242121
-0.12231179596574348611
-0.12178853754539201160
-0.12126862976083439827
-0.12075204406570708149
-0.12023875221700766613
-0.11972872627123476441
-0.11922193858058477423
-0.11871836178920475158
-0.11821796882950114105
-0.11772073291850190802
-0.11722662755427315506
-0.11673562651238740540
-0.11624770384244409449
-0.11576283386464056302
-0.11528099116639323185
-0.11480215059900758523
-0.11432628727439692051
-0.11385337656184817134
-0.11338339408483449899
-0.11291631571787437427
-0.11245211758343491570
-0.11199077604888074688
-0.11153226772346559736
-0.11107656945536777127
-0.11062365832876715210
-0.11017351166096453485
-0.10972610699954142566
-0.10928142211956022589
-0.10883943502080430099
-0.10840012392505658789
-0.10796346727341717131
-0.10752944372365781656
-0.10709803214761454138
-0.10666921162861592309
-0.10624296145894798760
-0.10581926113735401485
-0.10539809036656953845
-0.10497942905089145682
-0.10456325729378067313
-0.10414955539549847208
-0.10373830385077485727
-0.10332948334650980671
-0.10292307475950536466
-0.10251905915422974969
-0.10211741778061127206
-0.10171813207186322647
-0.10132118364233777541
-0.10092655428540972529
-0.10053422597138864103
-0.10014418084545949339
-0.09975640122565124224
-0.09937086960083277298
-0.09898756862873614448
-0.09860648113400601045
-0.09822759010627586662
-0.09785087869826958329
-0.09747633022392873658
-0.09710392815656473942
-0.09673365612703582750
-0.09636549792194828989
-0.09599943748188130566
-0.09563545889963596947
-0.09527354641850677153
-0.09491368443057664195
-0.09455585747503379712
-0.09420005023651142895
-0.09384624754344858544
-0.09349443436647317252
-0.09314459581680552269
-0.09279671714468334942
-0.09245078373780697689
-0.09210678111980481753
-0.09176469494871891674
-0.09142451101551003767
-0.09108621524258229962
-0.09074979368232646837
-0.09041523251568264752
-0.09008251805072085838
-0.08975163672124038261
-0.08942257508538674349
-0.08909531982428649244
-0.08876985774069963420
-0.08844617575768885798
-0.08812426091730615751
-0.08780410037929584077
-0.08748568141981416524
-0.08716899143016498819
-0.08685401791555186213
-0.08654074849384520152
-0.08622917089436568649
-0.08591927295668247422
-0.08561104262942666188
-0.08530446796911972385
-0.08499953713901643726
-0.08469623840796236536
-0.08439456014926552396
-0.08409449083958218940
-0.08379601905781636217
-0.08349913348403310842
-0.08320382289838514078
-0.08291007618005277746
-0.08261788230619708517
-0.08232723035092551211
-0.08203810948427078809
-0.08175050897118188442
-0.08146441817052761658
-0.08117982653411227878
-0.08089672360570340781
-0.08061509902007124584
-0.08033494250204006870
-0.08005624386555083849
-0.07977899301273541632
-0.07950317993300186348
-0.07922879470213069208
-0.07895582748138227358
-0.07868426851661475263
-0.07841410813741275798
-0.07814533675622628572
-0.07787794486752028233
-0.07761192304693402544
-0.07734726195045078800
-0.07708395231357724475
-0.07682198495053273180
-0.07656135075344817909
-0.07630204069157424385
-0.07604404581049926948
-0.07578735723137609848
-0.07553196615015823900
-0.07527786383684485771
-0.07502504163473482091
-0.07477349095968929826
-0.07452320329940320676
-0.07427417021268496733
-0.07402638332874487970
-0.07377983434649165728
-0.07353451503383709453
-0.07329041722700907480
-0.07304753282987218321
-0.07280585381325653527
-0.07256537221429409934
-0.07232608013576281858
-0.07208796974543829617
-0.07185103327545283580
-0.07161526302166192071
-0.07138065134301797843
-0.07114719066095127886
-0.07091487345875784054
-0.07068369228099442847
-0.07045363973288043535
-0.07022470847970652130
-0.06999689124624988712
-0.06977018081619641710
-0.06954457003156909456
-0.06932005179216306490
-0.06909661905498698520
-0.06887426483371060504
-0.06865298219811880043
-0.06843276427357139480
-0.06821360424046936377
-0.06799549533372670207
-0.06777843084224856318
-0.06756240410841478361
-0.06734740852756956886
-0.06713343754751655013
-0.06692048466801962803
-0.06670854344030931193
-0.06649760746659437449
-0.06628767039957920992
-0.06607872594198617444
-0.06587076784608343616
-0.06566378991321791814
-0.06545778599335334846
-0.06525274998461344511
-0.06504867583283004129
-0.06484555753109617904
-0.06464338911932406007
-0.06444216468380788154
-0.06424187835679126546
-0.06404252431603958684
-0.06384409678441678448
-0.06364659002946686239
-0.06344999836299983209
-0.06325431614068215136
-0.06305953776163160385
-0.06286565766801656407
-0.06267267034465939801
-0.06248057031864437394
-0.06228935215892955624
-0.06209901047596300128
-0.06190953992130293626
-0.06172093518724205974
-0.06153319100643576262
-0.06134630215153451943
-0.06116026343481983929
-0.06097506970784435931
-0.06079071586107554631
-0.06060719682354348548
-0.06042450756249188870
-0.06024264308303316218
-0.06006159842780710301
-0.05988136867664284324
-0.05970194894622479070
-0.05952333438976162988
-0.05934552019665921552
-0.05916850159219647076
-0.05899227383720495599
-0.05881683222775162950
-0.05864217209482500831
-0.05846828880402441669
-0.05829517775525265566
-0.05812283438241175326
-0.05795125415310180272
-0.05778043256832302021
-0.05761036516218077941
-0.05744104750159384487
-0.05727247518600529080
-0.05710464384709668106
-0.05693754914850509413
-0.05677118678554297221
-0.05660555248492087077
-0.05644064200447303226
-0.05627645113288583245
-0.05611297568942882202
-0.05595021152368864770
-0.05578815451530558939
-0.05562680057371286596
-0.05546614563787839042
-0.05530618567604930064
-0.05514691668549899506
-0.05498833469227678433
-0.05483043575095991606
-0.05467321594440817389
-0.05451667138352105785
-0.05436079820699710879
-0.05420559258109591827
-0.05405105069940231016
-0.05389716878259306898
-0.05374394307820577754
-0.05359136986041007633
-0.05343944542978118495
-0.05328816611307569256
-0.05313752826300943005
-0.05298752825803766664
-0.05283816250213752702
-0.05268942742459233747
-0.05254131947977828260
-0.05239383514695309524
-0.05224697093004686266
-0.05210072335745474098
-0.05195508898183185537
-0.05181006437989019858
-0.05166564615219736839
-0.05152183092297739353
-0.05137861533991343321
-0.05123599607395253747
-0.05109396981911198954
-0.05095253329228788264
-0.05081168323306529955
-0.05067141640353048371
-0.05053172958808465481
-0.05039261959325977425
-0.05025408324753607298
-0.05011611740116116154
-0.04997871892597108290
-0.04984188471521296127
-0.04970561168336946889
-0.04956989676598472228
-0.04943473691949211435
-0.04930012912104365236
-0.04916607036834096112
-0.04903255767946781973
-0.04889958809272434287
-0.04876715866646284814
-0.04863526647892499333
-0.04850390862808071774
-0.04837308223146856434
-0.04824278442603764649
-0.04811301236799088443
-0.04798376323262985160
-0.04785503421420114756
-0.04772682252574408923
-0.04759912539893980388
-0.04747194008396184856
-0.04734526384932823823
-0.04721909398175466038
-0.04709342778600923707
-0.04696826258476861221
-0.04684359571847535736
-0.04671942454519661253
-0.04659574644048419118
-0.04647255879723585781
-0.04634985902555801424
-0.04622764455262946826
-0.04610591282256659706
-0.04598466129628980825
-0.04586388745139097917
-0.04574358878200239509
-0.04562376279866669354
-0.04550440702820816169
-0.04538551901360501906
-0.04526709631386299781
-0.04514913650389008187
-0.04503163717437234231
-0.04491459593165088304
-0.04479801039759991055
-0.04468187820950606653
-0.04456619701994850996
-0.04445096449668049787
-0.04433617832251165319
-0.04422183619519166886
-0.04410793582729467116
-0.04399447494610495696
-0.04388145129350352891
-0.04376886262585585885
-0.04365670671390038671
-0.04354498134263828923
-0.04343368431122408141
-0.04332281343285721009
-0.04321236653467467465
-0.04310234145764451491
-0.04299273605646037472
-0.04288354819943684254
-0.04277477576840584689
-0.04266641665861391902
-0.04255846877862040634
-0.04245093005019650451
-0.04234379840822522639
-0.04223707180060236321
-0.04213074818813804245
-0.04202482554445947233
-0.04191930185591429686
-0.04181417512147497101
-0.04170944335264382269
-0.04160510457335906548
-0.04150115681990155375
-0.04139759814080245376
-0.04129442659675157390
-0.04119164026050659011
-0.04108923721680309699
-0.04098721556226533891
-0.04088557340531774609
-0.04078430886609728245
-0.04068342007636658458
-0.04058290517942766268
-0.04048276233003657992
-0.04038298969431870777
-0.04028358544968483473
-0.04018454778474784411
-0.04008587489924025221
-0.03998756500393239183
-0.03988961632055128270
-0.03979202708170022362
-0.03969479553077903677
-0.03959791992190511006
-0.03950139851983491823
-0.03940522959988635582
-0.03930941144786171543
-0.03921394235997129052
-0.03911882064275762350
-0.03902404461302037136
-0.03892961259774196242
-0.03883552293401361377
-0.03874177396896223008
-0.03864836405967773947
-0.03855529157314122740
-0.03846255488615343138
-0.03837015238526400585
-0.03827808246670143938
-0.03818634353630332573
-0.03809493400944744673
-0.03800385231098330624
-0.03791309687516432325
-0.03782266614558044832
-0.03773255857509152239
-0.03764277262576104510
-0.03755330676879060914
-0.03746415948445477873
-0.03737532926203651629
-0.03728681459976330298
-0.03719861400474352986
-0.03711072599290360374
-0.03702314908892555267
-0.03693588182618507548
-0.03684892274669013951
-0.03676227040102006405
-0.03667592334826517975
-0.03658988015596689736
-0.03650413940005826918
-0.03641869966480509174
-0.03633355954274750110
-0.03624871763464193597
-0.03616417254940370446
-0.03607992290404989782
-0.03599596732364296336
-0.03591230444123444387
-0.03582893289780944568
-0.03574585134223140503
-0.03566305843118738189
-0.03558055282913370754
-0.03549833320824215960
-0.03541639824834656031
-0.03533474663688972173
-0.03525337706887091138
-0.03517228824679372035
-0.03509147888061434073
-0.03501094768769021787
-0.03493069339272920210
-0.03485071472773899892
-0.03477101043197717428
-0.03469157925190138186
-0.03461241994112011777
-0.03453353126034383602
-0.03445491197733640404
-0.03437656086686701612
-0.03429847671066243997
-0.03422065829735968651
-0.03414310442245899885
-0.03406581388827725071
-0.03398878550390167785
-0.03391201808514410915
-0.03383551045449530864
-0.03375926144107990051
-0.03368326988061159932
-0.03360753461534869702
-0.03353205449404999400
-0.03345682837193104942
-0.03338185511062080613
-0.03330713357811847242
-0.03323266264875080617
-0.03315844120312973209
-0.03308446812811029203
-0.03301074231674887977
-0.03293726266826180193
-0.03286402808798428998
-0.03279103748732962315
-0.03271828978374872327
-0.03264578390069000635
-0.03257351876755958803
-0.03250149331968169714
-0.03242970649825951263
-0.03235815725033623635
-0.03228684452875648508
-0.03221576729212797391
-0.03214492450478347030
-0.03207431513674313672
-0.03200393816367701899
-0.03193379256686793011
-0.03186387733317457005
-0.03179419145499499250
-0.03172473393023021726
-0.03165550376224828683
-0.03158649995984844083
-0.03151772153722570691
-0.03144916751393563720
-0.03138083691485939186
-0.03131272877016907930
-0.03124484211529330452
-0.03117717599088304023
-0.03110972944277771990
-0.03104250152197165005
-0.03097549128458055787
-0.03090869779180849264
-0.03084212010991494585
-0.03077575731018224528
-0.03070960846888310530
-0.03064367266724851713
-0.03057794899143587153
-0.03051243653249724463
-0.03044713438634800290
-0.03038204165373558849
-0.03031715744020859957
-0.03025248085608603366
-0.03018801101642677037
-0.03012374704099935602
-0.03005968805425191653
-0.02999583318528234802
-0.02993218156780869110
-0.02986873234013982109
-0.02980548464514619356
-0.02974243763023095427
-0.02967959044730118789
-0.02961694225273943035
-0.02955449220737528526
-0.02949223947645738739
-0.02943018322962547700
-0.02936832264088274844
-0.02930665688856828877
-0.02924518515532987736
-0.02918390662809685135
-0.02912282049805323125
-0.02906192596061102362
-0.02900122221538375261
-0.02894070846616014075
-0.02888038392087799444
-0.02882024779159830796
-0.02876029929447948899
-0.02870053764975189631
-0.02864096208169239835
-0.02858157181859923013
-0.02852236609276704790
-0.02846334414046204284
-0.02840450520189735997
-0.02834584852120862475
-0.02828737334642971932
-0.02822907892946859357
-0.02817096452608339185
-0.02811302939585872893
-0.02805527280218203870
-0.02799769401222018672
-0.02794029229689624222
-0.02788306693086639934
-0.02782601719249703023
-0.02776914236384194282
-0.02771244173061981897
-0.02765591458219178803
-0.02759956021153911823
-0.02754337791524113371
-0.02748736699345329451
-0.02743152674988535641
-0.02737585649177973895
-0.02732035552989005647
-0.02726502317845978796
-0.02720985875520107525
-0.02715486158127368779
-0.02710003098126414697
-0.02704536628316502739
-0.02699086681835429283
-0.02693653192157488205
-0.02688236093091445414
-0.02682835318778515124
-0.02677450803690363534
-0.02672082482627118061
-0.02666730290715398077
-0.02661394163406348781
-0.02656074036473699690
-0.02650769846011829384
-0.02645481528433850371
-0.02640209020469697423
-0.02634952259164238461
-0.02629711181875398276
-0.02624485726272286421
-0.02619275830333346600
-0.02614081432344516828
-0.02608902470897403458
-0.02603738884887461802
-0.02598590613512196529
-0.02593457596269371432
-0.02588339772955233764
-0.02583237083662745168
-0.02578149468779828909
-0.02573076868987634117
-0.02568019225258800359
-0.02562976478855743742
-0.02557948571328949594
-0.02552935444515281802
-0.02547937040536298395
-0.02542953301796580662
-0.02537984170982074406
-0.02533029591058444385
-0.02528089505269434656
-0.02523163857135243132
-0.02518252590450911418
-0.02513355649284716026
-0.02508472977976580059
-0.02503604521136487335
-0.02498750223642917656
-0.02493910030641281056
-0.02489083887542369727
-0.02484271740020819325
-0.02479473534013582059
-0.02474689215718403612
-0.02469918731592317396
-0.02465162028350150261
-0.02460419052963026820
-0.02455689752656896666
-0.02450974074911066447
-0.02446271967456739582
-0.02441583378275569149
-0.02436908255598218415
-0.02432246547902932113
-0.02427598203914118485
-0.02422963172600936174
-0.02418341403175895687
-0.02413732845093469886
-0.02409137448048707247
-0.02404555161975862471
-0.02399985937047032641
-0.02395429723670803104
-0.02390886472490899237
-0.02386356134384852098
-0.02381838660462669288
-0.02377334002065519328
-0.02372842110764416049
-0.02368362938358919284
-0.02363896436875844928
-0.02359442558567975343
-0.02355001255912785724
-0.02350572481611176018
-0.02346156188586214636
-0.02341752329981881819
-0.02337360859161829313
-0.02332981729708147670
-0.02328614895420138067
-0.02324260310313092104
-0.02319917928617083736
-0.02315587704775765726
-0.02311269593445174422
-0.02306963549492542856
-0.02302669527995120438
-0.02298387484239004450
-0.02294117373717972919
-0.02289859152132328948
-0.02285612775387750942
-0.02281378199594155665
-0.02277155381064557491
-0.02272944276313944301
-0.02268744842058161709
-0.02264557035212794861
-0.02260380812892066188
-0.02256216132407737676
-0.02252062951268021460
-0.02247921227176491107
-0.02243790918031009565
-0.02239671981922657096
-0.02235564377134668587
-0.02231468062141376413
-0.02227382995607162311
-0.02223309136385414816
-0.02219246443517490855
-0.02215194876231688093
-0.02211154393942221449
-0.02207124956248207592
-0.02203106522932653938
-0.02199099053961454595
-0.02195102509482396019
-0.02191116849824162327
-0.02187142035495354131
-0.02183178027183506689
-0.02179224785754124705
-0.02175282272249707757
-0.02171350447888796553
-0.02167429274065015704
-0.02163518712346130038
-0.02159618724473099174
-0.02155729272359142162
-0.02151850318088811137
-0.02147981823917061855
-0.02144123752268340538
-0.02140276065735666547
-0.02136438727079731717
-0.02132611699227993096
-0.02128794945273781991
-0.02124988428475410931
-0.02121192112255292778
-0.02117405960199059134
-0.02113629936054687783
-0.02109864003731638099
-0.02106108127299982646
-0.02102362270989554735
-0.02098626399189095632
-0.02094900476445409054
-0.02091184467462517058
-0.02087478337100827711
-0.02083782050376301737
-0.02080095572459628520
-0.02076418868675404886
-0.02072751904501319437
-0.02069094645567344862
-0.02065447057654927129
-0.02061809106696190289
-0.02058180758773137803
-0.02054561980116864986
-0.02050952737106769702
-0.02047352996269774170
-0.02043762724279547111
-0.02040181887955734227
-0.02036610454263190415
-0.02033048390311217174
-0.02029495663352806969
-0.02025952240783890357
-0.02022418090142585195
-0.02018893179108458003
-0.02015377475501781146
-0.02011870947282799749
-0.02008373562551001718
-0.02004885289544391241
-0.02001406096638770962
-0.01997935952347019983
-0.01994474825318385408
-0.01991022684337774226
-0.01987579498325046587
-0.01984145236334318788
-0.01980719867553267302
-0.01977303361302437321
-0.01973895687034556840
-0.01970496814333851793
-0.01967106712915368816
-0.01963725352624301826
-0.01960352703435318950
-0.01956988735451895695
-0.01953633418905657143
-0.01950286724155712859
-0.01946948621688007058
-0.01943619082114665664
-0.01940298076173350636
-0.01936985574726616047
-0.01933681548761269700
-0.01930385969387736836
-0.01927098807839431119
-0.01923820035472122852
-0.01920549623763318295
-0.01917287544311639669
-0.01914033768836204477
-0.01910788269176016962
-0.01907551017289356096
-0.01904321985253171895
-0.01901101145262481737
-0.01897888469629771882
-0.01894683930784402462
-0.01891487501272018021
-0.01888299153753955975
-0.01885118861006664440
-0.01881946595921121443
-0.01878782331502255182
-0.01875626040868370523
-0.01872477697250579665
-0.01869337273992232457
-0.01866204744548353653
-0.01863080082485080169
-0.01859963261479105276
-0.01856854255317124183
-0.01853753037895281008
-0.01850659583218621992
-0.01847573865400552184
-0.01844495858662291432
-0.01841425537332336618
-0.01838362875845927363
-0.01835307848744513817
-0.01832260430675226870
-0.01829220596390351145
-0.01826188320746804580
-0.01823163578705616975
-0.01820146345331413382
-0.01817136595791899248
-0.01814134305357352484
-0.01811139449400110332
-0.01808152003394070464
-0.01805171942914183397
-0.01802199243635957404
-0.01799233881334958915
-0.01796275831886320895
-0.01793325071264251572
-0.01790381575541548018
-0.01787445320889108000
-0.01784516283575449461
-0.01781594439966233470
-0.01778679766523781972
-0.01775772239806609407
-0.01772871836468946014
-0.01769978533260274309
-0.01767092307024860712
-0.01764213134701290639
-0.01761340993322010884
-0.01758475860012869915
-0.01755617711992663033
-0.01752766526572677522
-0.01749922281156247178
-0.01747084953238298502
-0.01744254520404910427
-0.01741430960332868497
-0.01738614250789227364
-0.01735804369630870522
-0.01733001294804076622
-0.01730205004344087180
-0.01727415476374674630
-0.01724632689107715583
-0.01721856620842765126
-0.01719087249966634937
-0.01716324554952970011
-0.01713568514361832676
-0.01710819106839284870
-0.01708076311116977011
-0.01705340106011734094
-0.01702610470425146641
-0.01699887383343167552
-0.01697170823835703404
-0.01694460771056214080
-0.01691757204241312734
-0.01689060102710369590
-0.01686369445865112948
-0.01683685213189239221
-0.01681007384248019848
-0.01678335938687913753
-0.01675670856236179465
-0.01673012116700490701
-0.01670359699968555420
-0.01667713586007732798
-0.01665073754864656794
-0.01662440186664859362
-0.01659812861612397841
-0.01657191759989480248
-0.01654576862156097519
-0.01651968148549654361
-0.01649365599684604611
-0.01646769196152085904
-0.01644178918619559199
-0.01641594747830447953
-0.01639016664603780427
-0.01636444649833833712
-0.01633878684489780547
-0.01631318749615336128
-0.01628764826328408730
-0.01626216895820751032
-0.01623674939357614214
-0.01621138938277404476
-0.01618608873991337835
-0.01616084727983101502
-0.01613566481808516653
-0.01611054117095197039
-0.01608547615542218340
-0.01606046958919781636
-0.01603552129068884849
-0.01601063107900989671
-0.01598579877397697524
-0.01596102419610419612
-0.01593630716660056346
-0.01591164750736671560
-0.01588704504099173673
-0.01586249959074995802
-0.01583801098059778312
-0.01581357903517053784
-0.01578920357977931996
-0.01576488444040790096
-0.01574062144370958274
-0.01571641441700414102
-0.01569226318827472710
-0.01566816758616484950
-0.01564412743997528610
-0.01562014257966109348
-0.01559621283582859376
-0.01557233803973238906
-0.01554851802327236743
-0.01552475261899075032
-0.01550104166006918173
-0.01547738498032573407
-0.01545378241421207534
-0.01543023379681051493
-0.01540673896383113438
-0.01538329775160894065
-0.01535990999710101258
-0.01533657553788362986
-0.01531329421214950963
-0.01529006585870495982
-0.01526689031696709664
-0.01524376742696108983
-0.01522069702931735935
-0.01519767896526888658
-0.01517471307664844567
-0.01515179920588587137
-0.01512893719600540664
-0.01510612689062297218
-0.01508336813394350190
-0.01506066077075829054
-0.01503800464644235862
-0.01501539960695177575
-0.01499284549882109498
-0.01497034216916071081
-0.01494788946565429530
-0.01492548723655619768
-0.01490313533068888217
-0.01488083359744040747
-0.01485858188676185236
-0.01483638004916480388
-0.01481422793571885582
-0.01479212539804911769
-0.01477007228833368720
-0.01474806845930123900
-0.01472611376422851628
-0.01470420805693790738
-0.01468235119179502578
-0.01466054302370625208
-0.01463878340811635564
-0.01461707220100610417
-0.01459540925888984202
-0.01457379443881316392
-0.01455222759835053670
-0.01453070859560293832
-0.01450923728919556108
-0.01448781353827545068
-0.01446643720250921986
-0.01444510814208075505
-0.01442382621768889539
-0.01440259129054519485
-0.01438140322237166195
-0.01436026187539846122
-0.01433916711236172745
-0.01431811879650132270
-0.01429711679155858117
-0.01427616096177417027
-0.01425525117188584066
-0.01423438728712627353
-0.01421356917322090345
-0.01419279669638574305
-0.01417206972332525801
-0.01415138812123021769
-0.01413075175777555280
-0.01411016050111825806
-0.01408961421989529325
-0.01406911278322145811
-0.01404865606068734021
-0.01402824392235720551
-0.01400787623876697738
-0.01398755288092216192
-0.01396727372029578362
-0.01394703862882639735
-0.01392684747891604312
-0.01390670014342821649
-0.01388659649568591004
-0.01386653640946959760
-0.01384651975901523245
-0.01382654641901232516
-0.01380661626460193483
-0.01378672917137474876
-0.01376688501536913779
-0.01374708367306919608
-0.01372732502140286068
-0.01370760893773997902
-0.01368793529989038513
-0.01366830398610204347
-0.01364871487505915811
-0.01362916784588026446
-0.01360966277811641659
-0.01359019955174927720
-0.01357077804718932398
-0.01355139814527397957
-0.01353205972726577791
-0.01351276267485057754
-0.01349350687013572796
-0.01347429219564826725
-0.01345511853433314746
-0.01343598576955144439
-0.01341689378507856384
-0.01339784246510251908
-0.01337883169422212672
-0.01335986135744529624
-0.01334093134018728144
-0.01332204152826892314
-0.01330319180791497517
-0.01328438206575235751
-0.01326561218880844932
-0.01324688206450941666
-0.01322819158067851247
-0.01320954062553438176
-0.01319092908768941530
-0.01317235685614808437
-0.01315382382030525106
-0.01313532986994457065
-0.01311687489523681756
-0.01309845878673827381
-0.01308008143538910359
-0.01306174273251171566
-0.01304344256980919693
-0.01302518083936368525
-0.01300695743363477520
-0.01298877224545796384
-0.01297062516804304774
-0.01295251609497254965
-0.01293444492020020403
-0.01291641153804934210
-0.01289841584321139642
-0.01288045773074434838
-0.01286253709607117386
-0.01284465383497835830
-0.01282680784361437190
-0.01280899901848813437
-0.01279122725646754735
-0.01277349245477799738
-0.01275579451100084145
-0.01273813332307197066
-0.01272050878928029927
-0.01270292080826632489
-0.01268536927902067304
-0.01266785410088262093
-0.01265037517353868185
-0.01263293239702116370
-0.01261552567170671699
-0.01259815489831494356
-0.01258081997790697071
-0.01256352081188401824
-0.01254625730198604197
-0.01252902935029029038
-0.01251183685920995332
-0.01249467973149277072
-0.01247755787021963096
-0.01246047117880324032
-0.01244341956098674908
-0.01242640292084236722
-0.01240942116277005819
-0.01239247419149618057
-0.01237556191207212289
-0.01235868422987302859
-0.01234184105059641864
-0.01232503228026091309
-0.01230825782520490394
-0.01229151759208524028
-0.01227481148787595497
-0.01225813941986695493
-0.01224150129566272706
-0.01222489702318108572
-0.01220832651065188040
-0.01219178966661571203
-0.01217528639992271518
-0.01215881661973124833
-0.01214238023550669003
-0.01212597715702017943
-0.01210960729434734998
-0.01209327055786714109
-0.01207696685826055438
-0.01206069610650941162
-0.01204445821389517682
-0.01202825309199772111
-0.01201208065269411367
-0.01199594080815746290
-0.01197983347085567092
-0.01196375855355028689
-0.01194771596929531353
-0.01193170563143602231
-0.01191572745360779118
-0.01189978134973495097
-0.01188386723402959366
-0.01186798502099046214
-0.01185213462540177058
-0.01183631596233205956
-0.01182052894713309099
-0.01180477349543866510
-0.01178904952316354657
-0.01177335694650230927
-0.01175769568192822426
-0.01174206564619215305
-0.01172646675632145301
-0.01171089892961883934
-0.01169536208366133388
-0.01167985613629915313
-0.01166438100565460496
-0.01164893661012104779
-0.01163352286836176995
-0.01161813969930896445
-0.01160278702216262572
-0.01158746475638950356
-0.01157217282172204841
-0.01155691113815736706
-0.01154167962595614542
-0.01152647820564164927
-0.01151130679799866434
-0.01149616532407245206
-0.01148105370516775726
-0.01146597186284774479
-0.01145091971893302113
-0.01143589719550059877
-0.01142090421488287794
-0.01140594069966667339
-0.01139100657269219441
-0.01137610175705204042
-0.01136122617609024339
-0.01134637975340125476
-0.01133156241282896361
-0.01131677407846574945
-0.01130201467465146922
-0.01128728412597252047
-0.01127258235726087167
-0.01125790929359308558
-0.01124326486028939115
-0.01122864898291272076
-0.01121406158726774745
-0.01119950259939997764
-0.01118497194559479532
-0.01117046955237651663
-0.01115599534650748605
-0.01114154925498712749
-0.01112713120505105270
-0.01111274112417012447
-0.01109837894004953029
-0.01108404458062791330
-0.01106973797407644587
-0.01105545904879791722
-0.01104120773342586251
-0.01102698395682366779
-0.01101278764808365576
-0.01099861873652623924
-0.01098447715169900869
-0.01097036282337588223
-0.01095627568155622608
-0.01094221565646396471
-0.01092818267854675333
-0.01091417667847509668
-0.01090019758714148856
-0.01088624533565957231
-0.01087231985536328896
-0.01085842107780602035
-0.01084454893475977032
-0.01083070335821430252
-0.01081688428037632863
-0.01080309163366866866
-0.01078932535072941491
-0.01077558536441112873
-0.01076187160778001480
-0.01074818401411509368
-0.01073452251690740905
-0.01072088704985921064
-0.01070727754688314062
-0.01069369394210146172
-0.01068013616984521755
-0.01066660416465347976
-0.01065309786127253446
-0.01063961719465510158
-0.01062616209995954908
-0.01061273251254912613
-0.01059932836799115825
-0.01058594960205630660
-0.01057259615071778902
-0.01055926795015059080
-0.01054596493673073954
-0.01053268704703451061
-0.01051943421783770385
-0.01050620638611486808
-0.01049300348903855172
-0.01047982546397857422
-0.01046667224850126969
-0.01045354378036874275
-0.01044043999753814858
-0.01042736083816095567
-0.01041430624058219470
-0.01040127614333976637
-0.01038827048516368506
-0.01037528920497538844
-0.01036233224188699842
-0.01034939953520061344
-0.01033649102440760068
-0.01032360664918789347
-0.01031074634940926105
-0.01029791006512664753
-0.01028509773658143819
-0.01027230930420077425
-0.01025954470859688147
-0.01024680389056633473
-0.01023408679108942301
-0.01022139335132943652
-0.01020872351263197968
-0.01019607721652432061
-0.01018345440471469902
-0.01017085501909164615
-0.01015827900172333771
-0.01014572629485691567
-0.01013319684091782032
-0.01012069058250914498
-0.01010820746241095948
-0.01009574742357967694
-0.01008331040914738769
-0.01007089636242120868
-0.01005850522688264692
-0.01004613694618696103
-0.01003379146416249167
-0.01002146872481006305
-0.01000916867230231856
-0.00999689125098309796
-0.00998463640536681810
-0.00997240408013782068
-0.00996019422014977895
-0.00994800677042505591
-0.00993584167615408145
-0.00992369888269475919
-0.00991157833557183322
-0.00989947998047627752
-0.00988740376326469918
-0.00987534962995872956
-0.00986331752674440322
-0.00985130739997158895
-0.00983931919615336180
-0.00982735286196542886
-0.00981540834424552561
-0.00980348558999282263
-0.00979158454636734968
-0.00977970516068940587
-0.00976784738043895776
-0.00975601115325509284
-0.00974419642693542115
-0.00973240314943549061
-0.00972063126886824058
-0.00970888073350340344
-0.00969715149176695809
-0.00968544349224055752
-0.00967375668366094593
-0.00966209101491943487
-0.00965044643506131686
-0.00963882289328530685
-0.00962722033894301138
-0.00961563872153835784
-0.00960407799072704113
-0.00959253809631600146
-0.00958101898826285540
-0.00956952061667535984
-0.00955804293181087769
-0.00954658588407583143
-0.00953514942402517579
-0.00952373350236186168
-0.00951233806993629673
-0.00950096307774582656
-0.00948960847693421268
-0.00947827421879108081
-0.00946696025475143345
-0.00945566653639511208
-0.00944439301544626984
-0.00943313964377288060
-0.00942190637338619595
-0.00941069315644026128
-0.00939949994523139008
-0.00938832669219765228
-0.00937717334991839020
-0.00936603987111369468
-0.00935492620864390549
-0.00934383231550912907
-0.00933275814484873026
-0.00932170364994082574
-0.00931066878420181918
-0.00929965350118588246
-0.00928865775458448222
-0.00927768149822590094
-0.00926672468607472530
-0.00925578727223138817
-0.00924486921093168289
-0.00923397045654626887
-0.00922309096358022058
-0.00921223068667253488
-0.00920138958059565221
-0.00919056760025501601
-0.00917976470068856618
-0.00916898083706629494
-0.00915821596468978545
-0.00914747003899172434
-0.00913674301553546800
-0.00912603485001456730
-0.00911534549825230959
-0.00910467491620127294
-0.00909402305994286807
-0.00908338988568687528
-0.00907277534977101764
-0.00906217940866048399
-0.00905160201894751257
-0.00904104313735092611
-0.00903050272071568606
-0.00901998072601247446
-0.00900947711033723772
-0.00899899183091074084
-0.00898852484507815450
-0.00897807611030861097
-0.00896764558419476006
-0.00895723322445236142
-0.00894683898891983527
-0.00893646283555785126
-0.00892610472244889652
-0.00891576460779684547
-0.00890544244992655214
-0.00889513820728342688
-0.00888485183843300275
-0.00887458330206053990
-0.00886433255697060413
-0.00885409956208664008
-0.00884388427645058442
-0.00883368665922243043
-0.00882350666967983942
-0.00881334426721772785
-0.00880319941134785448
-0.00879307206169843009
-0.00878296217801370974
-0.00877286972015358518
-0.00876279464809320147
-0.00875273692192255447
-0.00874269650184608324
-0.00873267334818230052
-0.00872266742136336946
-0.00871267868193474973
-0.00870270709055477772
-0.00869275260799429357
-0.00868281519513625262
-0.00867289481297534547
-0.00866299142261760247
-0.00865310498528002944
-0.00864323546229021737
-0.00863338281508595901
-0.00862354700521489152
-0.00861372799433410101
-0.00860392574420975817
-0.00859414021671675403
-0.00858437137383830443
-0.00857461917766560999
-0.00856488359039747106
-0.00855516457433992163
-0.00854546209190587547
-0.00853577610561474971
-0.00852610657809210921
-0.00851645347206931268
-0.00850681675038313101
-0.00849719637597541946
-0.00848759231189274641
-0.00847800452128602729
-0.00846843296741019332
-0.00845887761362382716
-0.00844933842338880733
-0.00843981536026997513
-0.00843030838793477379
-0.00842081747015289983
-0.00841134257079597346
-0.00840188365383717425
-0.00839244068335091506
-0.00838301362351249850
-0.00837360243859776136
-0.00836420709298276235
-0.00835482755114342300
-0.00834546377765520153
-0.00833611573719275634
-0.00832678339452961810
-0.00831746671453784114
-0.00830816566218770154
-0.00829888020254733461
-0.00828961030078243302
-0.00828035592215591205
-0.00827111703202757301
-0.00826189359585379965
-0.00825268557918721994
-0.00824349294767638165
-0.00823431566706545048
-0.00822515370319387706
-0.00821600702199607250
-0.00820687558950111522
-0.00819775937183240579
-0.00818865833520738065
-0.00817957244593718082
-0.00817050167042634480
-0.00816144597517250159
-0.00815240532676606185
-0.00814337969188989701
-0.00813436903731905130
-0.00812537332992042428
-0.00811639253665246557
-0.00810742662456487816
-0.00809847556079830964
-0.00808953931258405909
-0.00808061784724376647
-0.00807171113218912127
-0.00806281913492156582
-0.00805394182303199348
-0.00804507916420045543
-0.00803623112619586757
-0.00802739767687572423
-0.00801857878418578418
-0.00800977441615981223
-0.00800098454091925475
-0.00799220912667298125
-0.00798344814171698253
-0.00797470155443407575
-0.00796596933329364251
-0.00795725144685132529
-0.00794854786374874812
-0.00793985855271324079
-0.00793118348255755432
-0.00792252262217957998
-0.00791387594056207171
-0.00790524340677236509
-0.00789662498996211021
-0.00788802065936698542
-0.00787943038430642673
-0.00787085413418335544
-0.00786229187848390930
-0.00785374358677715795
-0.00784520922871484797
-0.00783668877403112876
-0.00782818219254226982
-0.00781968945414642479
-0.00781121052882332613
-0.00780274538663405706
-0.00779429399772076006
-0.00778585633230638539
-0.00777743236069442997
-0.00776902205326867462
-0.00776062538049291251
-0.00775224231291071156
-0.00774387282114513947
-0.00773551687589850608
-0.00772717444795212316
-0.00771884550816602597
-0.00771053002747873646
-0.00770222797690700827
-0.00769393932754556132
-0.00768566405056684328
-0.00767740211722077633
-0.00766915349883449862
-0.00766091816681212928
-0.00765269609263451254
-0.00764448724785896788
-0.00763629160411905504
-0.00762810913312431116
-0.00761993980666002962
-0.00761178359658700072
-0.00760364047484126618
-0.00759551041343389712
-0.00758739338445073384
-0.00757928936005214989
-0.00757119831247282920
-0.00756312021402150841
-0.00755505503708074448
-0.00754700275410669259
-0.00753896333762885031
-0.00753093676024983900
-0.00752292299464516444
-0.00751492201356297913
-0.00750693378982386379
-0.00749895829632058700
-0.00749099550601787026
-0.00748304539195217278
-0.00747510792723145735
-0.00746718308503495527
-0.00745927083861295040
-0.00745137116128654839
-0.00744348402644745034
-0.00743560940755773857
-0.00742774727814963544
-0.00741989761182529697
-0.00741206038225658993
-0.00740423556318485759
-0.00739642312842071336
-0.00738862305184382132
-0.00738083530740266461
-0.00737305986911434685
-0.00736529671106435704
-0.00735754580740636925
-0.00734980713236201878
-0.00734208066022068711
-0.00733436636533929022
-0.00732666422214207219
-0.00731897420512038228
-0.00731129628883246934
-0.00730363044790327542
-0.00729597665702421284
-0.00728833489095297507
-0.00728070512451330781
-0.00727308733259481553
-0.00726548149015275591
-0.00725788757220781865
-0.00725030555384593815
-0.00724273541021808014
-0.00723517711654003519
-0.00722763064809222623
-0.00722009598021949861
-0.00721257308833091800
-0.00720506194789957699
-0.00719756253446238257
-0.00719007482361987225
-0.00718259879103600937
-0.00717513441243797408
-0.00716768166361598635
-0.00716024052042309959
-0.00715281095877499593
-0.00714539295464980753
-0.00713798648408791973
-0.00713059152319176198
-0.00712320804812563435
-0.00711583603511551071
-0.00710847546044883049
-0.00710112630047433999
-0.00709378853160186514
-0.00708646213030215619
-0.00707914707310668048
-0.00707184333660742983
-0.00706455089745675058
-0.00705726973236714839
-0.00704999981811109226
-0.00704274113152084796
-0.00703549364948828464
-0.00702825734896468223
-0.00702103220696056671
-0.00701381820054550967
-0.00700661530684795579
-0.00699942350305504668
-0.00699224276641242318
-0.00698507307422406055
-0.00697791440385208978
-0.00697076673271659984
-0.00696363003829548674
-0.00695650429812425756
-0.00694938948979585344
-0.00694228559096048570
-0.00693519257932545020
-0.00692811043265495474
-0.00692103912876995166
-0.00691397864554794701
-0.00690692896092284792
-0.00689989005288477956
-0.00689286189947990909
-0.00688584447881028343
-0.00687883776903366103
-0.00687184174836332363
-0.00686485639506793487
-0.00685788168747133910
-0.00685091760395242343
-0.00684396412294493474
-0.00683702122293730792
-0.00683008888247251412
-0.00682316708014788463
-0.00681625579461494699
-0.00680935500457926363
-0.00680246468880026881
-0.00679558482609109258
-0.00678871539531842195
-0.00678185637540230923
-0.00677500774531603674
-0.00676816948408594330
-0.00676134157079125685
-0.00675452398456395046
-0.00674771670458857321
-0.00674091971010208624
-0.00673413298039372051
-0.00672735649480480594
-0.00672059023272861353
-0.00671383417361020966
-0.00670708829694628781
-0.00670035258228502198
-0.00669362700922590884
-0.00668691155741960724
-0.00668020620656779515
-0.00667351093642301173
-0.00666682572678849519
-0.00666015055751804745
-0.00665348540851587195
-0.00664683025973641928
-0.00664018509118424922
-0.00663354988291386428
-0.00662692461502957346
-0.00662030926768534048
-0.00661370382108462593
-0.00660710825548024936
-0.00660052255117424356
-0.00659394668851768975
-0.00658738064791059615
-0.00658082440980173582
-0.00657427795468849569
-0.00656774126311675602
-0.00656121431568071605
-0.00655469709302277173
-0.00654818957583336650
-0.00654169174485083865
-0.00653520358086129207
-0.00652872506469845144
-0.00652225617724350865
-0.00651579689942500054
-0.00650934721221865450
-0.00650290709664725058
-0.00649647653378049132
-0.00649005550473484658
-0.00648364399067342858
-0.00647724197280585227
-0.00647084943238808441
-0.00646446635072232562
-0.00645809270915686292
-0.00645172848908592660
-0.00644537367194957227
-0.00643902823923353344
-0.00643269217246908529
-0.00642636545323292067
-0.00642004806314700090
-0.00641373998387843956
-0.00640744119713935936
-0.00640115168468675423
-0.00639487142832237399
-0.00638860040989257683
-0.00638233861128820450
-0.00637608601444445474
-0.00636984260134074599
-0.00636360835400058642
-0.00635738325449145165
-0.00635116728492464682
-0.00634496042745518601
-0.00633876266428166132
