0.00000846029121205588
-0.00002381507793355769
0.00001814476446453389
0.00001680425565255527
-0.00000720008616974473
-0.00001845652938181679
-0.00020368153376059680
-0.00026613802557590269
0.00008297588388913082
0.00010424601486898212
0.00004988461931282506
0.00008162374883798952
0.00006013917787682418
0.00020246473381059016
-0.00000694286113215498
-0.00012696806086972162
-0.00000176594928877585
-0.00006281182948718436
-0.00001208142620967368
-0.00010295143235143721
0.00002489864964726738
0.00014791573053077911
0.00000937628778160678
0.00005801519696570349
0.00001236944108707156
0.00006191794193647692
-0.00004436681101981962
-0.00005992169732426997
-0.00000741047064480768
0.00002232295922768446
-0.00000383836252068443
0.00003058102285221258
0.00002111128557313942
-0.00027596792542853655
-0.00000077056673248916
0.00003058179907271702
0.00000114820444669995
0.00002256542789103484
0.00001684447407237206
-0.00005114952866453843
-0.00000636295052910657
0.00005337203557203107
-0.00000425006149095884
0.00004380387544551856
-0.00000822382107052165
0.00008347737936514181
0.00000521254312614309
-0.00003653692795151984
0.00000394272373796677
-0.00001487715046629777
0.00000899202708523389
-0.00002837472281371822
-0.00001136661683534459
0.00006031543461752301
-0.00000240100030161906
0.00003253508384091700
-0.00000179405583888032
0.00004100985587181622
0.00001214804587064149
-0.00003825258974818818
0.00000443355815102346
0.00001913637216491881
0.00000430065684361702
0.00002592194856338682
-0.00004842189759531982
-0.00022420549858162046
0.00000512525362386468
0.00002671881943184672
0.00000642099043277468
0.00002146947899520814
0.00002168658501624672
-0.00001912897505867414
-0.00000248855584460659
0.00003318788109629237
-0.00000142539407364663
0.00002424583984924218
-0.00000694406196862600
0.00003273823612193855
0.00000416193235905642
-0.00000975588374413685
-0.00000051430239876972
-0.00000732492372907128
-0.00000291881441084039
-0.00002340957862594270
-0.00000819242041614286
0.00004627002985429733
-0.00001048723624639295
0.00001965015513567029
-0.00001458486884602670
0.00002034499434722869
-0.00000272037752199535
-0.00000916845027515462
-0.00001383993441239924
0.00001187071061931756
-0.00001559945618005275
0.00001452524130999891
0.00013617303186994815
-0.00013686697922072201
-0.00001462581933073738
0.00001459994605528602
-0.00001103807943430156
0.00001172138501901321
0.00001981196447644203
-0.00001291718501398975
-0.00002352075672401069
0.00002089275590163624
-0.00001941738243361868
0.00001724464860872263
-0.00003601404743351431
0.00002984236646460658
0.00001485329150475901
-0.00000948108455144295
0.00000566928073294898
-0.00000197592838036715
0.00000865985925129349
-0.00000388131873475039
-0.00001165871427682075
0.00001588976912224354
-0.00000450542933173313
0.00001169419281511419
-0.00000527122194160134
0.00001737247458819256
0.00000690195240471084
-0.00002579915550442486
-0.00000159143159351041
0.00000512120991533690
-0.00000245331629752666
0.00000858555312814929
0.00001678250058389835
-0.00007525188923791121
-0.00000206717749585880
0.00000952114712727372
-0.00000050444549829418
0.00000792808756807065
0.00001582353277191740
-0.00000563118256956631
-0.00000900623141571632
0.00001294894215616998
-0.00000813894141978258
0.00001166230078238342
-0.00002125077718701543
0.00002506815475026637
0.00001283709626252907
-0.00001354725895245895
0.00000540551101285029
-0.00000655417619180973
0.00000819850846968783
-0.00001124491866623038
-0.00001615080450942534
0.00001734567601275223
-0.00000910096624851399
0.00000734911507259910
-0.00001225788388897505
0.00000808723171764862
0.00001756842330566912
-0.00000476059988644147
-0.00000320266538825367
0.00000452500851433830
-0.00000531193384469421
0.00000566977782980619
0.00003909317113604071
-0.00005057438357598607
-0.00000540144094220785
0.00000572236825918500
-0.00000362961497285849
0.00000459014925087214
0.00001162457928816991
-0.00000500268116414556
-0.00000886956144684641
0.00000802724338091200
-0.00000529977425125003
0.00000642648676319578
-0.00000412373554487856
0.00001075222324968200
-0.00000042190886709779
-0.00000413875623048059
0.00000093791090741740
-0.00000205965731362291
0.00000594479485125789
-0.00000441929037728539
-0.00001342809768161465
0.00000676506284316288
-0.00000569357264219472
0.00000239244865677211
-0.00000522627744713259
0.00000219002429925310
-0.00000302166142404330
0.00000011917619517008
-0.00000494585996535794
0.00000172036305481385
-0.00000534463381931114
0.00000199470111257754
0.00004909437354018224
-0.00001680014790930836
-0.00000496781656959047
0.00000184156832871497
-0.00000371655213920541
0.00000105331031650757
0.00000693947308852119
-0.00000700071244511882
-0.00000789918793065903
0.00000468240438662763
-0.00000640562181098450
0.00000346862552601476
-0.00001175233923827472
0.00000585931790521530
0.00000471505070214330
-0.00000226970473505810
0.00000172821942660869
-0.00000101804673743416
0.00000378573603209944
-0.00000208334720439563
-0.00001035508612811580
0.00000346792143967300
-0.00000620936375845695
0.00000141100820338819
-0.00000776282515709292
0.00000142909432082472
0.00000422106552450746
0.00000009390664322879
-0.00000481600108206178
0.00000121194691618850
-0.00000597879090003369
0.00000143489507150308
0.00005497710878551581
-0.00001390113647194495
-0.00000609264330357856
0.00000151530588769556
-0.00000517724642398102
0.00000134725197835681
0.00000159722675217585
0.00000032973692274810
-0.00000732842646193099
0.00000130665557610541
-0.00000658448982315533
0.00000078411037455508
-0.00001335761622091227
-0.00000044981579808390
0.00000652836802580651
0.00000175733734256964
0.00000299478032135368
0.00000119953325573043
0.00000558080864423065
0.00000168776228244970
-0.00001031468027001618
-0.00000092100726988417
-0.00000504779875039253
0.00000037931026564605
-0.00000611226509995733
0.00000117309828520801
0.00000567043053608276
-0.00000344047430176032
-0.00000276047502661661
-0.00000012464203911115
-0.00000373311418635746
0.00000024284143489298
0.00003217108353863347
-0.00000143656483276857
-0.00000382549002101440
0.00000036018339415869
-0.00000306658353618310
0.00000016248245336859
0.00000280752247825458
-0.00000215494768592603
-0.00000491774796910204
0.00000125405390953490
-0.00000393235487552178
0.00000087385194981032
-0.00000711575054036467
0.00000104055287927371
0.00000356271379409489
0.00000035820008369771
0.00000218384473462643
0.00000071977600554420
0.00000546289181226709
0.00000185974373687041
-0.00001136188656453341
-0.00000267623790689873
-0.00000543702018814773
-0.00000072151840167428
-0.00000589955517736483
-0.00000047154156436853
0.00000104960112256492
0.00000094572429562175
-0.00000419025289178342
0.00000026984767849203
-0.00000489559846451117
0.00000028825341508633
0.00004365294348251119
-0.00000205510900514583
-0.00000474587059923335
0.00000029726002848800
-0.00000370006827147369
0.00000021069021377771
0.00000485545484086721
-0.00000053528941536571
-0.00000671748830693468
0.00000038264185569532
-0.00000528081374223396
0.00000006052329084152
-0.00000902346333203256
-0.00000102957512980874
0.00000391639607104417
0.00000144687997808540
0.00000228492470363111
0.00000100034323405771
0.00000588747035951668
0.00000161872606621215
-0.00001209829280914563
-0.00000120093901913638
-0.00000571899718185443
0.00000012075779700526
-0.00000658861694443222
0.00000048774171151401
0.00000582391137176908
0.00000036247317854647
-0.00000288693782526811
0.00000076618606138344
-0.00000385108760055745
0.00000091125479797491
0.00003419164496142554
-0.00000797067707539909
-0.00000384371029340427
0.00000097829909598522
-0.00000288218966030366
0.00000087593403278310
0.00000549836781860347
0.00000042939570405468
-0.00000626631547247713
0.00000053611645892065
-0.00000530481589744086
-0.00000010029292493854
-0.00001079861358766939
-0.00000283760888372393
0.00000490350219864422
0.00000292539311151839
0.00000168472084870177
0.00000139987445251748
0.00000317868413227759
0.00000179877308561140
-0.00000985954666145555
-0.00000269515115469627
-0.00000652858092854372
-0.00000134616624585317
-0.00000854750265668098
-0.00000172107250387765
0.00000535426468745354
0.00000269160134563177
-0.00000512451921314668
-0.00000022454478249247
-0.00000641898067104767
-0.00000044245714361602
0.00005625093297245247
0.00000284631276969702
-0.00000636479391152827
-0.00000038524505724897
-0.00000501640393301118
-0.00000022757673170782
0.00000603375051615263
0.00000072850660817929
-0.00000900737820377454
-0.00000047705264688340
-0.00000726830475611789
-0.00000028422958875653
-0.00001226105605222606
-0.00000043596411595036
0.00000393184629240360
0.00000023569570529632
0.00000107625759350274
0.00000016697059259738
0.00000261449904158210
0.00000074316632403732
-0.00000866121462614494
-0.00000273926357103165
-0.00000571975910549965
-0.00000173371321643415
-0.00000773830916831608
-0.00000203563544902895
0.00000622892334505740
-0.00000026523237677086
-0.00000440990068577881
-0.00000171799408192683
-0.00000581661253246105
-0.00000188928702156057
0.00004737608720114256
0.00001925948708224109
-0.00000580548713100247
-0.00000174698123367437
-0.00000435909461923352
-0.00000165683392132611
0.00000656559208096028
-0.00000318369260869858
-0.00000812791224342219
-0.00000060389423829007
-0.00000711035918533351
-0.00000145946781407267
-0.00001645077673595201
-0.00000523310936030951
0.00000736650364807034
0.00000181457255086064
0.00000047064757157414
-0.00000137125297310971
0.00000133531725518707
-0.00000392587936497779
-0.00003012358676742750
-0.00000278943632505931
-0.00002713516804314214
-0.00000591687529422530
-0.00003635406759027657
-0.00000856453924185338
-0.00000618205268834482
-0.00000009766800543117
-0.00003508029339420322
-0.00000726925681102003
-0.00003985162879814725
-0.00000831301450236970
0.00026088927325644670
0.00010626989186163741
-0.00003315639359257596
-0.00001006930307985519
-0.00001333128010480483
-0.00001399299988302348
0.00016817740923124865
-0.00006322593053241048
-0.00008083066317363159
0.00001039223514521159
-0.00003243055518974636
-0.00000054515581738684
0.00004848196271155064
-0.00001999106158349760
-0.00008638209010339890
0.00001616276002702813
-0.00004034058839661226
0.00000312769990947867
-0.00003147240805277073
-0.00000910125215742424
0.00001364073482009464
0.00002377844126636632
0.00000620456980521366
0.00000755414304237794
0.00001002990992407697
0.00000501730012779480
-0.00000832528772925217
-0.00000542344323318209
0.00000502615763771363
-0.00000031430716721148
0.00000583383290433372
-0.00000008744334192127
-0.00003109600688058942
-0.00000931124935510150
0.00000455336950639231
0.00000014722721302737
0.00000302738634575188
-0.00000000400856203371
-0.00000687751894698093
-0.00000347260381398384
0.00000649515983348666
0.00000175855752320063
0.00000484336326227440
0.00000093162898191930
0.00000758421873312454
-0.00000010465788903392
-0.00000269888282156206
0.00000120771216255545
-0.00000166680891015482
0.00000060243253292245
-0.00000480952848128471
0.00000041400339651316
0.00000888737286021563
0.00000018236348775307
0.00000342301722313061
0.00000028311543685019
0.00000330299189247129
0.00000052598485637387
-0.00000192120963946763
-0.00000115469766356090
0.00000164640851934133
0.00000006842053385067
0.00000209382899030741
0.00000020325505929534
-0.00002000872304575609
-0.00000127477171365729
0.00000218789392087002
0.00000018036971471294
0.00000181512787727087
0.00000002429801311858
-0.00000123540653347768
-0.00000136680153506873
0.00000283816773142110
0.00000060493713007621
0.00000243883994516584
0.00000036481841083086
0.00000478551830841308
0.00000046023227996012
-0.00000216407425572021
-0.00000004733229541359
-0.00000083804914462852
0.00000003297904731351
-0.00000166860830879205
0.00000000954352262082
0.00000449700945303591
0.00000017941308174274
0.00000275863129525792
0.00000012727895103296
0.00000348218564258717
0.00000017187231204142
-0.00000185188029348141
-0.00000038043656861055
0.00000217668716209518
-0.00000002978940843359
0.00000268698841958086
-0.00000000588180017997
