-0.00653555833064016576
-0.00618426544614514729
-0.00513767569891748158
-0.00403171869333397107
-0.00555536887484747721
-0.00376659039532326392
-0.00443975418489454127
-0.00370216272942710265
-0.00309776733942045569
-0.00393263819196867839
-0.00233211067395929688
-0.00383987285640421429
-0.00259390050984095429
-0.00266984357096018438
-0.00330290647797827717
-0.00200297533996764664
-0.00378240009374636310
-0.00204933684584904631
-0.00251686864179942547
-0.00221282716387824225
-0.00105035304992357002
-0.00262936306319741476
-0.00098262820694410089
-0.00257234402285468370
-0.00204191931577267895
-0.00164688434928512008
-0.00263796056859210825
-0.00056426167420182516
-0.00222085322683492287
-0.00060833979716491422
-0.00115842962413476415
-0.00154880135787636096
-0.00041084215268724877
-0.00237704709690308947
-0.00024319173927200296
-0.00168213800560926491
-0.00108660053772073823
-0.00042158873512487393
-0.00156111824001639848
0.00049948258516745571
-0.00121082477831351639
0.00037287272116567330
-0.00029665318685425019
-0.00073229206126151252
0.00074713243229334225
-0.00113080086238841367
0.00097110693264751641
-0.00052302934118350240
-0.00000965485161109821
0.00055940794270809360
-0.00097627621436503667
0.00102549236621436051
-0.00092461476109637259
0.00073572055348328062
0.00022694676820919705
-0.00001555882142367766
0.00176824894272910142
-0.00028602015602932298
0.00165213905554669610
0.00001118961599571140
0.00078481411982494814
0.00109126872055281322
-0.00033349439717883115
0.00175856906248435339
-0.00042908682119546630
0.00126202691578331016
0.00044359040907276497
0.00023866838067369524
0.00184533517339397412
-0.00034143310462586915
0.00181872691066736194
0.00022527283802019615
0.00092571115104164302
0.00186595521057782870
0.00010164366299026843
0.00219633444079482760
-0.00034222913497517486
0.00098151798835428568
0.00072281560208900747
-0.00006997937024951726
0.00203607421718491385
-0.00008330199876167258
0.00211939230941859133
0.00063673335367846846
0.00109117695957844135
0.00205106686676588502
0.00036548313660884392
0.00237960946509781788
-0.00009086420801721870
0.00139983752080135053
0.00120850546967799259
0.00052066000565912274
0.00248831114007797092
0.00023007483754693977
0.00214531770992768857
0.00074815463732272693
0.00102270414257570681
0.00204189667947929105
0.00006061778101531661
0.00250559630592409521
0.00059352056752522619
0.00180383831236447531
0.00172089772000245901
0.00039337009828113316
0.00257449700341764662
0.00027068781305660520
0.00215400066297905977
0.00146776100228339498
0.00093367997280986801
0.00229611620874194860
-0.00032063557072059345
0.00164029131119827927
-0.00009940197932195534
0.00043317882729542232
0.00142129601891647088
-0.00045567586768947225
0.00192057460063635270
-0.00000864255831357317
0.00120571342951361540
0.00111502657190229535
-0.00008887979905289098
0.00203556697318999077
-0.00017878173334921375
0.00187257746735081609
0.00078793719320762378
0.00031387485453448089
0.00179624626388243808
-0.00019914664388717422
0.00235099043786377460
0.00071671064247669572
0.00156632906534863534
0.00240757696912343409
0.00051228465670628961
0.00282657253669699356
0.00080033647453425761
0.00196763125109318884
0.00180452171713983050
0.00094859526182399119
0.00303872321784538031
0.00108735172613520174
0.00293159510270290516
0.00150762927829859263
0.00111149804011329055
0.00236423472702208121
-0.00009264196509306858
0.00223356735547155941
0.00050923831572642717
0.00124621412235804518
0.00180633742982949652
0.00031848859937086183
0.00275870018373692519
0.00074759049064859534
0.00222384090051077829
0.00157252473136056093
0.00063284190087531627
0.00225961685619066772
0.00011702011771882336
0.00269204870944022125
0.00121797618788026338
0.00113712991362951749
0.00216983094661448665
-0.00291333147129091289
-0.00528509333305942231
-0.00457091055182359818
-0.00583121887104485342
-0.00392666540379110664
-0.00459585862144718232
-0.00386906666746675504
-0.00326739984592079070
-0.00410117559897197649
-0.00249937962457341418
-0.00400624407334690662
-0.00275949812012873117
-0.00283466468218556127
-0.00346693997993431950
-0.00216622163843422765
-0.00394486364355161375
-0.00221102195131422756
-0.00267777911110591866
-0.00237296667002356160
-0.00120972526774175936
-0.00278797166796729799
-0.00114047685919611949
-0.00272943636440786978
-0.00219825897036312733
-0.00180247492323907165
-0.00279280565101255613
-0.00071836483701533398
-0.00237421802485321800
-0.00076096976816510142
-0.00131032828894260393
-0.00169997222044795037
-0.00056128870019009217
-0.00252677279979655629
-0.00039220005138706457
-0.00183043236422834117
-0.00123418436365703107
-0.00056846543280113389
-0.00170729119754353805
0.00035400999591213847
-0.00135560035501837970
0.00022879081736839815
-0.00044004474138535182
-0.00087499657424307134
0.00060511166899318114
-0.00127214115210277662
0.00083044385612033027
-0.00066301844930036734
-0.00014897322054758150
0.00042075709919447746
-0.00111426273081500831
0.00088816699379332283
-0.00106128215727209897
0.00059970798094725636
0.00009158588181255666
-0.00015027114414833872
0.00163418207616990163
-0.00041944465904037370
0.00151935383828434665
-0.00012095937857051930
0.00065329829957846150
0.00096038304085558680
-0.00046375295556137271
0.00162893462064818135
-0.00055810013685663861
0.00113363175025373692
0.00031581043189070579
0.00011150064424605716
0.00171877674425066520
-0.00046738514589960854
0.00169337835183641845
0.00010052487012624287
0.00080156089643313702
0.00174239980539111182
-0.00002131974291649355
0.00207396019768226001
-0.00046401703818866501
0.00086031361567028117
0.00060219196402561896
-0.00019002505620493369
0.00191660371415686365
-0.00020220007477480219
0.00200106391771252487
0.00051897191671292802
0.00097397976086524302
0.00193443120283253757
0.00024940631693618290
0.00226408881205794523
-0.00020583135922270379
0.00128542121939988077
0.00109463737875701498
0.00040733749854108013
0.00237553160267068176
0.00011783566828330120
0.00203361631970565802
0.00063698844944559858
0.00091207059269267647
0.00193179321552629799
-0.00004895813684382407
0.00239654540649190950
0.00048499217096407830
0.00169582991517139791
0.00161340683066968555
0.00028639423723862830
0.00246803370297590157
0.00016473461734971951
0.00204855512790808438
0.00136282069545995790
0.00082924247350006143
0.00219217910781048953
-0.00042407467086593662
0.00153734782573456720
-0.00020185222477582461
0.00033121945855753434
0.00131982517492411138
-0.00055666052763760434
0.00182007379524630648
-0.00010866182747025331
0.00110617338937352735
0.00101596346461674649
-0.00018746825864419676
0.00193745088708167186
-0.00027642770928922109
0.00177539934910881606
0.00069122469098573786
0.00021762573739551557
0.00170045831157844335
-0.00029447564096613102
0.00225611819698697804
0.00062229296931550740
0.00147236378190234297
0.00231406190782692828
0.00041921766038005901
0.00273395145849736690
0.00070815917790387857
0.00187589560971173079
0.00171322561487494726
0.00085773659268250637
0.00294829988592470050
0.00099736164557497043
0.00284203619763689300
0.00141849948280680380
0.00102279529817430985
0.00227595699246564524
-0.00018049672863326683
0.00214613353633826692
0.00042222342410093802
0.00115961615100496117
0.00172015438113081896
0.00023271848527991673
0.00267334102573249651
0.00066264031968928973
0.00213929775698959955
0.00148838666505970909
0.00054910697092120330
0.00217628313100914298
0.00003408567499061478
0.00260951163605659293
0.00113583457989888874
0.00105538187623055251
0.00208847459405686608
-0.00299429801571297807
-0.00536567193705973517
-0.00465110307416705549
-0.00591102716159032978
-0.00400609130353412213
-0.00467490396256238245
-0.00394773327335015082
-0.00334568953123183955
-0.00417909016967543505
-0.00257692087798100508
-0.00408341379815876666
-0.00283629809647467646
-0.00291109668166615945
-0.00354300576566174722
-0.00224192296507294293
-0.00402020225735883439
-0.00228599959018021019
-0.00275239750459405595
-0.00244722753941026923
-0.00128363032605618684
-0.00286152262003084006
-0.00121367540166175051
-0.00280228418579927738
-0.00227075775111366257
-0.00187462633573050753
-0.00286461135961367562
-0.00078982649812031863
-0.00244533728691985605
-0.00083174827175281599
-0.00138076766675029319
-0.00177007409735165555
-0.00063105469328047711
-0.00259620451841621053
-0.00046129909716762597
-0.00189920033112744163
-0.00130262283799506659
-0.00063657599329785988
-0.00177507541535448419
0.00028655055715942683
-0.00142273657084848954
0.00016197627578127416
-0.00050653914998881322
-0.00094117238373745446
0.00053925293208264614
-0.00133768433564054835
0.00076521471402333304
-0.00072793505464435802
-0.00021357878661682259
0.00035646108209669742
-0.00117825068210402652
0.00082448563225674546
-0.00112465839804023094
0.00053663539900201647
0.00002881550374937252
-0.00021274076629914756
0.00157201176889954245
-0.00048131708555769801
0.00145777786526407366
-0.00018224031851121650
0.00059231097910560603
0.00089968793301196969
-0.00052415725087367332
0.00156881974447765785
-0.00061792698059868448
0.00107409155887112223
0.00025655551941089250
0.00005252964379314981
0.00166008829549797276
-0.00052579239676095197
0.00163525095154415248
0.00004267597953629712
0.00074398918110333938
0.00168510393727309320
-0.00007834108550793624
0.00201721206526486990
-0.00052049326948219027
0.00080410798272257289
0.00054625563288776698
-0.00024569337585670932
0.00186120212184979908
-0.00025733621772572909
0.00194619195225247425
0.00046436286297246531
0.00091963235913785474
0.00188034419944742596
0.00019557846422934861
0.00221051886834340182
-0.00025914462968156649
0.00123236339238095519
0.00104183377125478057
0.00035478689249655615
0.00232323278586105695
0.00006578743429396595
0.00198181746790237904
0.00058543778494682202
0.00086076692634196375
0.00188073536386489755
-0.00009977135160428279
0.00234597565648724058
0.00043466471918622514
0.00164574360068065351
0.00156356049808883241
0.00023678673672628423
0.00241866389019999677
0.00011560135346109704
0.00199965727951423528
0.00131415713459886942
0.00078081207761420291
0.00214398075972091311
-0.00047204208298536353
0.00148961024308632379
-0.00024936107915020785
0.00028393823653593008
0.00127277049458516265
-0.00060348975173822063
0.00177346894714046290
-0.00015504337464904036
0.00106001407320512422
0.00097002531466841959
-0.00023318630206095866
0.00189195189558532249
-0.00032170869842328007
0.00173033531780774209
0.00064637657799306849
0.00017299250816741203
0.00165603893652794534
-0.00033868218649285299
0.00221212346123969648
0.00057850902848929713
0.00142878962600139305
0.00227069653169468914
0.00037606006367605569
0.00269100064567412423
0.00066541415818395164
0.00183335539706485414
0.00167088922799528872
0.00081560305496602872
0.00290636822544663477
0.00095563089506739722
0.00280050539446642785
0.00137716766895239228
0.00098166152020512831
0.00223502030151910558
-0.00022123727687340359
0.00210558819101286073
0.00038187234640147560
0.00111945841012396760
0.00168018905072066043
0.00019294464343142979
0.00263375775495372326
0.00062324670688431133
0.00210009289343747766
0.00144936964639351970
0.00051027689710717527
0.00213763910632589708
-0.00000437319199149731
0.00257123703961713128
0.00109774337109429894
0.00101747317638338801
0.00205074752869974751
-0.00303184431685753512
-0.00540303834009939980
-0.00468829044105965442
-0.00594803635016372904
-0.00404292316750602329
-0.00471155935156001952
-0.00398421303292988051
-0.00338199450289863781
-0.00421522119090232076
-0.00261287878222835881
-0.00411919941489355748
-0.00287191225118959637
-0.00294654019589865417
-0.00357827945701297626
-0.00227702764722664385
-0.00405513874010007998
-0.00232076867941410133
-0.00278700000236430144
-0.00248166424391769828
-0.00131790203167715106
-0.00289563011733554726
-0.00124761947743249019
-0.00283606562304857934
-0.00230437732910235889
-0.00190808482998570342
-0.00289790954194663747
-0.00082296513664429174
-0.00247831714606776624
-0.00086457011229490997
-0.00141343224581169137
-0.00180258216842981247
-0.00066340700626256401
-0.00262840181959641574
-0.00049334212926436713
-0.00193108983330050128
-0.00133435954586264200
-0.00066816063895352822
-0.00180650872738409552
0.00025526785366094352
-0.00145386938743657674
0.00013099262794039952
-0.00053737434380467415
-0.00097185983482600503
0.00050871251583179148
-0.00136807842155156362
0.00073496625732980870
-0.00075803857988340458
-0.00024353807482116577
0.00032664533983450171
-0.00120792356620535199
0.00079495492183042466
-0.00115404761599778864
0.00050738699557088926
-0.00000029275984938642
-0.00024170956152689426
0.00154318177379867078
-0.00051000894557403026
0.00142922347847640810
-0.00021065789075489411
0.00056402956587723696
0.00087154202641110898
-0.00055216830010899713
0.00154094290645675211
-0.00064567025046034223
0.00104648121719465217
0.00022907746901190256
0.00002518325081559048
0.00163287292912283125
-0.00055287736433020187
0.00160829575799227077
0.00001584993820684968
0.00071729167318064307
0.00165853434690643514
-0.00010478337121850055
0.00199089647424708109
-0.00054668277284796243
0.00077804396287661651
0.00052031649532404138
-0.00027150822949504011
0.00183551095664697501
-0.00028290428712972316
0.00192074638885017350
0.00043903921860065413
0.00089443004963772523
0.00185526264345909015
0.00017061708317842424
0.00218567708642767233
-0.00028386738550544157
0.00120775909235125564
0.00101734735945408460
0.00033041780407910560
0.00229898045868747510
0.00004165130891829234
0.00195779698755916371
0.00056153239553828399
0.00083697607642520711
0.00185705850463918935
-0.00012333476631016570
0.00232252514274686487
0.00041132656546140502
0.00162251726861333033
0.00154044545190041540
0.00021378244320529626
0.00239576981868977121
0.00009281697584754097
0.00197698207021363868
0.00129159057054579075
0.00075835363824939899
0.00212162992697933171
-0.00049428582468653793
0.00146747307931308795
-0.00027139217564945952
0.00026201269910343340
0.00125095001044720194
-0.00062520568593052417
0.00175185706195666755
-0.00017655170936130407
0.00103860879281608741
0.00094872259483153509
-0.00025438695275092492
0.00187085282499154177
-0.00034270667562838719
0.00170943794961579080
0.00062557933675957576
0.00015229491414738342
0.00163544051227501987
-0.00035918191613741509
0.00219172195332141377
0.00055820527168096742
0.00140858315194158229
0.00225058687426605468
0.00035604675899459580
0.00267108323207847264
0.00064559217622473268
0.00181362838949408441
0.00165125673975582521
0.00079606463318107569
0.00288692341940929463
0.00093627925623027391
0.00278124647643128095
0.00135800102745984056
0.00096258671312439870
0.00221603688883783645
-0.00024012973305931529
0.00208678625551636521
0.00036316049787656009
0.00110083621693089816
0.00166165608328784674
0.00017450047424551641
0.00261540195854972728
0.00060497885983581100
0.00208191257434684179
0.00143127643588218624
0.00049227037780598035
0.00211971886286544493
-0.00002220757299041613
0.00255348810968119080
0.00108007948279393966
0.00099989392225293175
0.00203325250322583268
-0.00304925551724530633
-0.00542036611703776688
-0.00470553519426097477
-0.00596519847742519888
-0.00406000306471883225
-0.00472855741271849348
-0.00400112965014058023
-0.00339883006638940725
-0.00423197608903127121
-0.00262955340149283656
-0.00413579413993905940
-0.00288842746481863567
-0.00296297627907959882
-0.00359463678888883795
-0.00229330660512382014
-0.00407133969953706130
-0.00233689201411012640
-0.00280304608424798663
-0.00249763344313561064
-0.00133379471660235354
-0.00291144665457609021
-0.00126336023183986896
-0.00285173095772615253
-0.00231996760541372526
-0.00192360040756303467
-0.00291335077869897844
-0.00083833238876580742
-0.00249361076804597084
-0.00087979045691883554
-0.00142857966418002817
-0.00181765700995900809
-0.00067840961869488486
-0.00264333254900796623
-0.00050820132007307374
-0.00194587782827405822
-0.00134907668612641767
-0.00068280726399843564
-0.00182108517507442030
0.00024076124707974659
-0.00146830648754302587
0.00011662470127767538
-0.00055167342845902230
-0.00098609040731929766
0.00049455012723265265
-0.00138217295295060306
0.00072093925800212583
-0.00077199837071066364
-0.00025743097916858666
0.00031281900148925353
-0.00122168365749056622
0.00078126076019127233
-0.00116767616388400411
0.00049382374705804542
-0.00001379102186211502
-0.00025514314841367278
0.00152981255215558381
-0.00052331411037092473
0.00141598206360585201
-0.00022383586114839963
0.00055091473597501499
0.00085849003447090991
-0.00056515775516690486
0.00152801568864398621
-0.00065853552922944263
0.00103367758069653317
0.00021633517943402705
0.00001250201422235578
0.00162025245298698644
-0.00056543737113430191
0.00159579593078916070
0.00000341000226218118
0.00070491134153342037
0.00164621333397060236
-0.00011704534966065660
0.00197869324744268191
-0.00055882752951525718
0.00076595739619454706
0.00050828783981762729
-0.00028347925129948984
0.00182359729240027689
-0.00029476086863977310
0.00190894661657243494
0.00042729598336135210
0.00088274308054716449
0.00184363167092550621
0.00015904183890176821
0.00217415730339341794
-0.00029533197303245628
0.00119634943586955441
0.00100599237082290346
0.00031911722136471410
0.00228773402121116437
0.00003045875725036037
0.00194665806351293101
0.00055044684216413856
0.00082594363800467697
0.00184607892667904287
-0.00013426173708378839
0.00231165052709943284
0.00040050405408754622
0.00161174661186234882
0.00152972640131778881
0.00020311475152693558
0.00238515323983632321
0.00008225126491870799
0.00196646698348253070
0.00128112586545330162
0.00074793907339861172
0.00211126526212995248
-0.00050460082862372531
0.00145720749834444109
-0.00028160857045314336
0.00025184525479575085
0.00124083128209573367
-0.00063527593174179801
0.00174183506638794870
-0.00018652568587208422
0.00102868260528632210
0.00093884396730824194
-0.00026421824814518808
0.00186106863494071221
-0.00035244398603476672
0.00169974729423628393
0.00061593511286559053
0.00014269689926863557
0.00162588848500716272
-0.00036868817613789912
0.00218226124130053382
0.00054878988940260782
0.00139921288221431630
0.00224126150093909796
0.00034676606695281935
0.00266184700723744649
0.00063640020552578245
0.00180448046089937792
0.00164215264224348216
0.00078700415674029804
0.00287790635503552307
0.00092730539592036833
0.00277231561317871919
0.00134911295524994248
0.00095374122692957987
0.00220723378461287496
-0.00024889065838198758
0.00207806730700138380
0.00035448332504298396
0.00109220061961610754
0.00165306186228827848
0.00016594743131206137
0.00260688989638316240
0.00059650758208224701
0.00207348188559318978
0.00142288614165165584
0.00048392028455359059
0.00211140877797355965
-0.00003047784121653074
0.00254525746734459053
0.00107188827648467782
0.00099174196301853230
0.00202513960301916110
-0.00305732954557038413
-0.00542840145973069992
-0.00471353203667882175
-0.00597315700403689646
-0.00406792345910946939
-0.00473643985759353552
-0.00400897432733008079
-0.00340663715685220019
-0.00423974577285915911
-0.00263728585791473021
-0.00414348954732511945
-0.00289608600068438742
-0.00297059812009002697
-0.00360222211086245851
-0.00230085558303673443
-0.00407885250752699786
-0.00234436882548045818
-0.00281048707147172911
-0.00250503877785939171
-0.00134116456965038171
-0.00291878119595409113
-0.00127065963073901261
-0.00285899538252695025
-0.00232719722368991385
-0.00193079538608544260
-0.00292051128343937720
-0.00084545858490073494
-0.00250070281996054222
-0.00088684852821053887
-0.00143560391766249691
-0.00182464760766577446
-0.00068536672188311901
-0.00265025631816219378
-0.00051509191490888527
-0.00195273540774178319
-0.00135590140841479793
-0.00068959928653827449
-0.00182784465454221049
0.00023403415475820651
-0.00147500134789701662
0.00010996191845605215
-0.00055830428744350642
-0.00099268949542545906
0.00048798265777887881
-0.00138870895524855409
0.00071443457208930790
-0.00077847189028663953
-0.00026387348173707441
0.00030640736731438943
-0.00122806457117360761
0.00077491041980690687
-0.00117399607745758447
0.00048753411450923540
-0.00002005051847365521
-0.00026137265348027576
0.00152361289493342135
-0.00052948406276061982
0.00140984167372187343
-0.00022994683017147423
0.00054483304684670544
0.00085243748494664658
-0.00057118130470565711
0.00152202100014117454
-0.00066450149498012694
0.00102774020007673217
0.00021042624698325996
0.00000662139363500605
0.00161440000861052873
-0.00057126177430243260
0.00158999943447363972
-0.00000235872091270139
0.00069917025842787170
0.00164049975850067125
-0.00012273154929414300
0.00197303429247796397
-0.00056445937035041072
0.00076035253957521193
0.00050270983812283193
-0.00028903052674154151
0.00181807261515568638
-0.00030025907512862607
0.00190347475400821703
0.00042185033849836034
0.00087732352776677262
0.00183823808521097311
0.00015367409583535297
0.00216881527915351209
-0.00030064840167418652
0.00119105848018809723
0.00100072676605142126
0.00031387684603769432
0.00228251875444508180
0.00002526847874088721
0.00194149265353216150
0.00054530618155782602
0.00082082760818948846
0.00184098740963982150
-0.00013932885879674748
0.00230660768382577857
0.00039548537292628377
0.00160675197704393492
0.00152475569762737149
0.00019816786430169989
0.00238023005496284645
0.00007735166883032475
0.00196159086315671714
0.00127627310840906609
0.00074310956769389985
0.00210645889635906365
-0.00050938416533270162
0.00145244708035669129
-0.00028634617953166805
0.00024713034534059691
0.00123613896350172579
-0.00063994576771576352
0.00173718760531154379
-0.00019115087925727290
0.00102407957289967107
0.00093426298973865469
-0.00026877727657043316
0.00185653145049340454
-0.00035695943116665008
0.00169525348425878962
0.00061146283438052161
0.00013824604911071269
0.00162145896050540730
-0.00037309647716252955
0.00217787406206356197
0.00054442373075106127
0.00139486764343085476
0.00223693708178895889
0.00034246236768150127
0.00265756392856840743
0.00063213764865815048
0.00180023832750567342
0.00163793083446734777
0.00078280257719424138
0.00287372490679867415
0.00092314398253623637
0.00276817413865297493
0.00134499132404820041
0.00094963934397519160
0.00220315155528474178
-0.00025295332825159966
0.00207402410287375102
0.00035045949338981757
0.00108819606761677615
0.00164907649756688523
0.00016198116193531873
0.00260294263085826842
0.00059257922935477300
0.00206957235504498516
0.00141899534309875312
0.00048004812824412692
0.00210755517458570667
-0.00003431298057662700
0.00254144070354431944
0.00106808980020018209
0.00098796168662761467
0.00202137743931945319
-0.00306107368336343104
-0.00543212765798581961
-0.00471724038135091974
-0.00597684758066904104
-0.00407159635283486226
-0.00474009515313747031
-0.00401261210901189894
-0.00341025750858724424
-0.00424334877816069829
-0.00264087159989589201
-0.00414705810870080304
-0.00289963746377318050
-0.00297413256681609579
-0.00360573962275743736
-0.00230435624124161135
-0.00408233639279399069
-0.00234783601817486814
-0.00281393765157379001
-0.00250847282496613174
-0.00134458216297744771
-0.00292218241433757787
-0.00127404455263728229
-0.00286236408602244530
-0.00233054978649095083
-0.00193413188552801025
-0.00292383179648892082
-0.00084876318815392874
-0.00250399158964705916
-0.00089012154019480665
-0.00143886124744544677
-0.00182788933038658752
-0.00068859291232095611
-0.00265346705073792218
-0.00051828726368679167
-0.00195591544643129115
-0.00135906621037215972
-0.00069274892476825999
-0.00183097920169980112
0.00023091462636614434
-0.00147810592948396631
0.00010687221205858683
-0.00056137918992397702
-0.00099574966491993398
0.00048493715067925868
-0.00139173987020623272
0.00071141817935726397
-0.00078147383037435953
-0.00026686103842839308
0.00030343412510334315
-0.00123102356749030836
0.00077196560112724466
-0.00117692678643046915
0.00048461744763834578
-0.00002295321052341162
-0.00026426143766739610
0.00152073795197126579
-0.00053234523081619823
0.00140699421457223970
-0.00023278064609956077
0.00054201280877048453
0.00084963075966582220
-0.00057397458193584586
0.00151924110652707726
-0.00066726806910394907
0.00102498688162462170
0.00020768612069007301
0.00000389439629226967
0.00161168607731262395
-0.00057396270215972112
0.00158731144775271261
-0.00000503382850299824
0.00069650796825956277
0.00163785022434138005
-0.00012536838856313696
0.00197041008727338960
-0.00056707100202500413
0.00075775342118620560
0.00050012317306367016
-0.00029160479813933159
0.00181551067803668886
-0.00030280873706688653
0.00190093730843579937
0.00041932505075869365
0.00087481033960721947
0.00183573693865800606
0.00015118493319321661
0.00216633804300289320
-0.00030311376847748600
0.00118860492586171998
0.00099828496760405406
0.00031144674714260885
0.00228010029904543096
0.00002286161104841157
0.00193909731802590431
0.00054292232298285220
0.00081845517155560853
0.00183862634022032424
-0.00014167861546635557
0.00230426918570252439
0.00039315807940555663
0.00160443583444037224
0.00152245065251283766
0.00019587386350405385
0.00237794704556471351
0.00007507959816787654
0.00195932967881845858
0.00127402275823462275
0.00074086999977281804
0.00210423005902961313
-0.00051160232348472490
0.00145023955021423819
-0.00028854313258724532
0.00024494391869319369
0.00123396301282661285
-0.00064211129261281452
0.00173503245623882652
-0.00019329570222003647
0.00102194502657067883
0.00093213867080430978
-0.00027089141711333020
0.00185442743957354799
-0.00035905336099820634
0.00169316958721334025
0.00060938892205041843
0.00013618207365552205
0.00161940487431391647
-0.00037514072147341214
0.00217583961247722621
0.00054239902895915175
0.00139285264272811420
0.00223493173569391020
0.00034046662993537479
0.00265557775313407778
0.00063016098971907476
0.00179827113946483090
0.00163597307194619053
0.00078085419503164566
0.00287178586004989845
0.00092121422647189056
0.00276625362875797861
0.00134308001602076389
0.00094773719372579445
0.00220125851893510777
-0.00025483729436950897
0.00207214916352875837
0.00034859353756716110
0.00108633905227310378
0.00164722837986508181
0.00016014189924351752
0.00260111218074886644
0.00059075754960345467
0.00206775940362974829
0.00141719107819893728
0.00047825250823944936
0.00210576815805530370
-0.00003609143485515967
0.00253967077049276719
0.00106632834754728746
0.00098620867374067363
0.00201963282576044997
-0.00306280993783875641
-0.00543385559342890369
-0.00471896003762130225
-0.00597855899743527427
-0.00407329956957543007
-0.00474179020914170662
-0.00401429904338088724
-0.00341193636023471789
-0.00424501958581394341
-0.00264253440209662963
-0.00414871294380610156
-0.00290128436995631305
-0.00297577158206743580
-0.00360737078488533548
-0.00230597958787326883
-0.00408395196137631509
-0.00234944384597534370
-0.00281553777568134718
-0.00251006528229199069
-0.00134616699025596901
-0.00292375964812711898
-0.00127561422932103460
-0.00286392624180927414
-0.00233210445741623227
-0.00193567910745446659
-0.00292537160510743677
-0.00085029561898438365
-0.00250551667803913976
-0.00089163932132883079
-0.00144037175633316946
-0.00182939260187200818
-0.00069008898108112449
-0.00265495595128373849
-0.00051976903036380219
-0.00195739011342047639
-0.00136053381169072714
-0.00069420949427043349
-0.00183243277307759364
0.00022946801958215307
-0.00147954560504408132
0.00010543943451231153
-0.00056280510250732814
-0.00099716874543291645
0.00048352486950168863
-0.00139314538462650115
0.00071001939927228060
-0.00078286590839072938
-0.00026824644648821937
0.00030205535504185135
-0.00123239573135855061
0.00077060001179955523
-0.00117828583271864192
0.00048326491303958790
-0.00002429926463264895
-0.00026560104233751546
0.00151940476583863515
-0.00053367202916490910
0.00140567377340123311
-0.00023409476055243365
0.00054070499072211744
0.00084832920785357624
-0.00057526989753580718
0.00151795199725941960
-0.00066855100177611764
0.00102371009595360546
0.00020641545256767203
0.00000262981640706373
0.00161042755649363437
-0.00057521519294370248
0.00158606495811162876
-0.00000627434575486231
0.00069527339478101034
0.00163662156615734019
-0.00012659115979501005
0.00196919317478713544
-0.00056828208383703923
0.00075654814211148979
0.00049892366892322971
-0.00029279855501532508
0.00181432264088788936
-0.00030399108189380314
0.00189976062865676262
0.00041815400888421309
0.00087364490862402717
0.00183457709168226291
0.00015003064346989439
0.00216518928390515425
-0.00030425702344889625
0.00118746714864434921
0.00099715264189479541
0.00031031984682128408
0.00227897879811701527
0.00002174548364243354
0.00193798653839584727
0.00054181686550555924
0.00081735501073069202
0.00183753145066958097
-0.00014276825899953616
0.00230318476305131073
0.00039207885262115095
0.00160336177862746955
0.00152138174289541688
0.00019481007542480360
0.00237688835448446453
0.00007402597966503711
0.00195828110858845038
0.00127297921208931858
0.00073983145363998304
0.00210319648895235158
-0.00051263094134851913
0.00144921586083604048
-0.00028956191709402960
0.00024393001555678346
0.00123295396767213964
-0.00064311550306172421
0.00173403305733063270
-0.00019429031264137217
0.00102095518169280429
0.00093115356863642884
-0.00027187179929528016
0.00185345175476234409
-0.00036002437094549147
0.00169220322973098530
0.00060842719474132846
0.00013522495433483688
0.00161845234090307252
-0.00037608869094719091
0.00217489618507301502
0.00054146012186178814
0.00139191823427914862
0.00223400180433866663
0.00033954115422245578
0.00265465671171486632
0.00062924436134724243
0.00179735890299584670
0.00163506520633683629
0.00077995067933953131
0.00287088667343297476
0.00092031934818796735
0.00276536303816425546
0.00134219369257334393
0.00094685511697921031
0.00220038066854185820
-0.00025571093865943206
0.00207127970518917711
0.00034772824512149743
0.00108547790576103177
0.00164637135942191171
0.00015928898509974036
0.00260026335322969572
0.00058991278912837218
0.00206691869071205228
0.00141635439344529662
0.00047741983234945014
0.00210493947182100946
-0.00003691615054965126
0.00253885000631376466
0.00106551151595061263
0.00098539575588388220
