0.00000000000000000000
1.41421356237309514547
0.93206940869756016443
1.26963436510585259143
0.78755580954702197882
0.14780498453996321340
0.61047274491886149850
0.59020928127818095277
0.79002898914496511029
0.07524777059437251503
0.36221192259944429148
0.77824291484754726245
0.40357057505776600115
0.68678297057925719038
0.91765992422657194361
0.17609445005471238699
0.62466407569221382712
0.60471632891332027793
0.08248968554548355425
0.44026285886462807051
0.55532157006778370967
0.41526808867932851754
0.27164350241191626001
0.92171004375666043540
0.91128842495846440475
0.67827142691255359885
0.31932233895798578516
0.51308306623053179241
0.41320837769562057673
0.83178926041254841461
0.84655664236761152264
0.67377797584472731707
1.23866744028567388192
1.29935738793194799356
0.80999761163574235390
0.25056052201050216244
0.80953108216700642163
0.32824464677207160213
0.29631286275226720317
0.86038550245273137662
1.08653098302958328603
1.01262543684694827917
0.89777266322199311688
1.11309527109036698889
0.44332857133003494843
0.56110164555096886385
0.91625950849494841588
0.35309811603179541706
0.84796210784014514061
1.30663767182934464905
0.80090799653487099174
0.84857983451942486930
0.60296500631861538189
0.58057523398327137709
0.64809779117464150211
0.84568097390584573425
0.94314477002748919876
0.67796674719809102427
0.26497317792670888048
1.02110021499826530977
0.47779813288895994772
0.84558223325388337521
1.11231496969341425718
0.27961934355393791574
1.14137372608176312916
1.31668746247740986455
0.85995364389073514211
1.05516369372214913191
0.71233206225529344113
0.61540544960120469042
0.63113137162506005584
0.73024129917597657702
1.21804349580113080442
1.14227770127723893268
1.33150073971202620449
1.25589851176335720595
0.94218171769616831934
0.88127681590220685592
0.11391501851577616466
0.98726363590113885849
0.93886345537799631433
1.38127287436219026162
1.23533236737983220799
0.25437945029232233995
0.52677847711352321358
1.18217288494970707013
1.25195308947364059016
1.22076447736636417574
1.38656920165776798015
0.02566527626969015638
0.10783294811292125359
1.18856773528969283937
0.99007120703168105535
0.27901548149956650891
1.22306035466269102940
0.39110105199256917086
1.18656983350849576375
1.31532242737989313319
0.61535045905010010703
0.81458251846402651708
0.84826283184199979814
1.25624611418576681565
1.02221998153272464194
1.10861742520689254832
1.14786795424642651398
0.96857601039224561212
0.97041184152015558251
1.12308422334265300968
0.93007613398787714054
1.12842485401181180649
1.11284405846810452445
1.00943283596570965166
1.39305989977169097926
1.34871758980524747429
0.96482166617527209684
1.15086097563118272546
0.98120032959313652210
1.13774991435860206579
1.13352126934168695449
0.95032667999815978455
0.95023855975354853953
1.08635743223804959179
0.92814047544619360242
0.80520078358588020873
0.72218949838601120828
0.83329590196049407869
0.94095827468223547374
1.01475272656261550352
1.28931188280245101474
1.23345554460663708873
0.75430173356986751632
1.14641407427617636472
0.57278694312612166151
1.13741098872893009464
1.14860230541304497720
0.86447941588480670116
0.49108955130208992168
0.85627126716059698275
0.84288124670793629356
0.66095153706302911534
1.02668419532117738413
0.28230368095061381117
1.20213179531247393861
1.32545204736631005993
1.40262253931962255216
1.23790720727313030558
1.24752637704371438510
1.28341141461675856128
1.21534527050758112132
1.21316037979789248524
1.20369040111182101782
0.53805438692077711682
0.52279736380414565389
0.22122682137400512259
0.23631008188430097094
0.16814603215036183492
0.23396642523037983197
0.94077321219211595960
0.56616162654308654911
1.07153253651983648709
1.35154988325411484773
0.93330300000129373661
0.54377527444090167918
1.25828574513468138818
0.85481753730978282668
0.94928797627213334920
1.25157745223005067992
0.76132788650076521630
0.92660981878541293089
1.03632225935730426514
1.14482607065726038620
0.82167178299474585845
0.95911956317686453133
0.90966850219275374734
0.74885620446185863219
0.83637673002749834961
1.32973741851923166202
0.31312669857867342360
0.56063863541977365657
1.08180074073079235397
1.38513623534760865752
0.95102635811462554738
1.22885266830523964821
0.98037794358267438266
1.26933683984909451148
1.19118261300797900759
1.18788321273026853397
1.24431698336075613476
1.06604577760447227774
0.54747255663423899374
0.96988411258268192316
0.87362098820573064195
1.32690019544747306313
1.01404434226380213424
0.56712104321627099246
1.04453325425663501314
1.18313093196145513453
0.88379403157314995187
1.23094884938599546942
0.67247476866230193604
1.14302324340092775756
1.07779667698309777890
1.37138229154850166402
1.19267515182660366335
1.29095598659542232234
0.35102195511860534438
1.40611733711669550928
1.28527562661405214683
1.39276832121672677900
0.87229230254158396374
1.02901330066040941347
1.39195698770726683513
1.35153089576556317830
1.28069860114959421793
1.36186356522032903094
1.23934228020505199375
1.14081548406138155727
1.22785010117059978363
0.95635285263969738168
1.19643921680887754810
1.18426299449799721231
1.08101694028663675162
0.94350271669373253491
1.26633717481005003691
1.38595813955122082461
0.63965215449095802480
1.10011628859904875277
1.19660533177708860997
1.35152330790083552436
1.19739324781257061581
1.30501012485138923047
1.01254074381628211832
1.12461735088365122337
1.32158726847093799250
1.32842571042024992778
1.17486327877541896214
1.35533106797330793469
1.28567392655308632143
0.81077671453119259937
1.27405863949858044748
1.40134748701308198271
0.63442727462453751830
1.27953228986953004842
1.21551766075574274595
1.22264786125677504813
1.29435394851854579379
1.32884174109946484599
0.82619165803650918001
0.66821437605283218186
1.20958895343998173999
1.27089874708977990103
1.04460413537226082248
1.34764706368724196395
1.33039289426363849245
0.49803566437946289458
1.33725186035367338278
1.41421356237309514547
